[0.021s] Invoking command in '/home/miguel/ros2_practica_ws/build/my_messages_control': CMAKE_PREFIX_PATH=${CMAKE_PREFIX_PATH}:/home/miguel/ros2_practica_ws/install/my_sim_pkg:/home/miguel/ros2_practica_ws/install/my_genetic_pkg:/opt/ros/humble WSLENV=ELECTRON_RUN_AS_NODE/w:WT_SESSION:WT_PROFILE_ID: /usr/bin/cmake --build /home/miguel/ros2_practica_ws/build/my_messages_control -- -j4 -l4
[0.095s] [  9%] Built target my_messages_control__cpp
[0.097s] [ 12%] Built target my_messages_control__rosidl_generator_c
[0.104s] [ 12%] Built target ament_cmake_python_copy_my_messages_control
[0.139s] [ 22%] Built target my_messages_control__rosidl_typesupport_fastrtps_cpp
[0.153s] [ 32%] Built target my_messages_control__rosidl_typesupport_introspection_cpp
[0.171s] [ 41%] Built target my_messages_control__rosidl_typesupport_fastrtps_c
[0.177s] [ 51%] Built target my_messages_control__rosidl_typesupport_cpp
[0.200s] [ 61%] Built target my_messages_control__rosidl_typesupport_introspection_c
[0.232s] [ 70%] Built target my_messages_control__rosidl_typesupport_c
[0.275s] [ 70%] Built target my_messages_control
[0.305s] [ 74%] Built target my_messages_control__py
[0.339s] [ 80%] Built target my_messages_control__rosidl_generator_py
[0.384s] [ 87%] Built target my_messages_control__rosidl_typesupport_introspection_c__pyext
[0.386s] [ 96%] Built target my_messages_control__rosidl_typesupport_c__pyext
[0.387s] [100%] Built target my_messages_control__rosidl_typesupport_fastrtps_c__pyext
[0.846s] running egg_info
[0.848s] writing my_messages_control.egg-info/PKG-INFO
[0.849s] writing dependency_links to my_messages_control.egg-info/dependency_links.txt
[0.850s] writing top-level names to my_messages_control.egg-info/top_level.txt
[0.854s] reading manifest file 'my_messages_control.egg-info/SOURCES.txt'
[0.855s] writing manifest file 'my_messages_control.egg-info/SOURCES.txt'
[0.894s] [100%] Built target ament_cmake_python_build_my_messages_control_egg
[0.909s] Invoked command in '/home/miguel/ros2_practica_ws/build/my_messages_control' returned '0': CMAKE_PREFIX_PATH=${CMAKE_PREFIX_PATH}:/home/miguel/ros2_practica_ws/install/my_sim_pkg:/home/miguel/ros2_practica_ws/install/my_genetic_pkg:/opt/ros/humble WSLENV=ELECTRON_RUN_AS_NODE/w:WT_SESSION:WT_PROFILE_ID: /usr/bin/cmake --build /home/miguel/ros2_practica_ws/build/my_messages_control -- -j4 -l4
[0.989s] Invoking command in '/home/miguel/ros2_practica_ws/build/my_messages_control': CMAKE_PREFIX_PATH=${CMAKE_PREFIX_PATH}:/home/miguel/ros2_practica_ws/install/my_sim_pkg:/home/miguel/ros2_practica_ws/install/my_genetic_pkg:/opt/ros/humble WSLENV=ELECTRON_RUN_AS_NODE/w:WT_SESSION:WT_PROFILE_ID: /usr/bin/cmake --install /home/miguel/ros2_practica_ws/build/my_messages_control
[0.999s] -- Install configuration: ""
[1.000s] -- Up-to-date: /home/miguel/ros2_practica_ws/install/my_messages_control/share/ament_index/resource_index/rosidl_interfaces/my_messages_control
[1.000s] -- Up-to-date: /home/miguel/ros2_practica_ws/install/my_messages_control/include/my_messages_control/my_messages_control
[1.001s] -- Up-to-date: /home/miguel/ros2_practica_ws/install/my_messages_control/include/my_messages_control/my_messages_control/srv
[1.001s] -- Up-to-date: /home/miguel/ros2_practica_ws/install/my_messages_control/include/my_messages_control/my_messages_control/srv/my_simulator_pid.h
[1.001s] -- Up-to-date: /home/miguel/ros2_practica_ws/install/my_messages_control/include/my_messages_control/my_messages_control/srv/detail
[1.001s] -- Up-to-date: /home/miguel/ros2_practica_ws/install/my_messages_control/include/my_messages_control/my_messages_control/srv/detail/my_simulator_pid__functions.h
[1.001s] -- Up-to-date: /home/miguel/ros2_practica_ws/install/my_messages_control/include/my_messages_control/my_messages_control/srv/detail/my_simulator_pid__functions.c
[1.002s] -- Up-to-date: /home/miguel/ros2_practica_ws/install/my_messages_control/include/my_messages_control/my_messages_control/srv/detail/my_simulator_pid__struct.h
[1.002s] -- Up-to-date: /home/miguel/ros2_practica_ws/install/my_messages_control/include/my_messages_control/my_messages_control/srv/detail/my_simulator_pid__type_support.h
[1.002s] -- Up-to-date: /home/miguel/ros2_practica_ws/install/my_messages_control/include/my_messages_control/my_messages_control/msg
[1.002s] -- Up-to-date: /home/miguel/ros2_practica_ws/install/my_messages_control/include/my_messages_control/my_messages_control/msg/rosidl_generator_c__visibility_control.h
[1.002s] -- Up-to-date: /home/miguel/ros2_practica_ws/install/my_messages_control/share/my_messages_control/environment/library_path.sh
[1.002s] -- Up-to-date: /home/miguel/ros2_practica_ws/install/my_messages_control/share/my_messages_control/environment/library_path.dsv
[1.003s] -- Up-to-date: /home/miguel/ros2_practica_ws/install/my_messages_control/lib/libmy_messages_control__rosidl_generator_c.so
[1.003s] -- Up-to-date: /home/miguel/ros2_practica_ws/install/my_messages_control/include/my_messages_control/my_messages_control
[1.003s] -- Up-to-date: /home/miguel/ros2_practica_ws/install/my_messages_control/include/my_messages_control/my_messages_control/srv
[1.003s] -- Up-to-date: /home/miguel/ros2_practica_ws/install/my_messages_control/include/my_messages_control/my_messages_control/srv/detail
[1.004s] -- Up-to-date: /home/miguel/ros2_practica_ws/install/my_messages_control/include/my_messages_control/my_messages_control/srv/detail/my_simulator_pid__rosidl_typesupport_fastrtps_c.h
[1.004s] -- Up-to-date: /home/miguel/ros2_practica_ws/install/my_messages_control/include/my_messages_control/my_messages_control/msg
[1.004s] -- Up-to-date: /home/miguel/ros2_practica_ws/install/my_messages_control/include/my_messages_control/my_messages_control/msg/rosidl_typesupport_fastrtps_c__visibility_control.h
[1.005s] -- Up-to-date: /home/miguel/ros2_practica_ws/install/my_messages_control/lib/libmy_messages_control__rosidl_typesupport_fastrtps_c.so
[1.005s] -- Up-to-date: /home/miguel/ros2_practica_ws/install/my_messages_control/include/my_messages_control/my_messages_control
[1.005s] -- Up-to-date: /home/miguel/ros2_practica_ws/install/my_messages_control/include/my_messages_control/my_messages_control/srv
[1.006s] -- Up-to-date: /home/miguel/ros2_practica_ws/install/my_messages_control/include/my_messages_control/my_messages_control/srv/detail
[1.006s] -- Up-to-date: /home/miguel/ros2_practica_ws/install/my_messages_control/include/my_messages_control/my_messages_control/srv/detail/my_simulator_pid__rosidl_typesupport_introspection_c.h
[1.006s] -- Up-to-date: /home/miguel/ros2_practica_ws/install/my_messages_control/include/my_messages_control/my_messages_control/srv/detail/my_simulator_pid__type_support.c
[1.006s] -- Up-to-date: /home/miguel/ros2_practica_ws/install/my_messages_control/include/my_messages_control/my_messages_control/msg
[1.007s] -- Up-to-date: /home/miguel/ros2_practica_ws/install/my_messages_control/include/my_messages_control/my_messages_control/msg/rosidl_typesupport_introspection_c__visibility_control.h
[1.007s] -- Up-to-date: /home/miguel/ros2_practica_ws/install/my_messages_control/lib/libmy_messages_control__rosidl_typesupport_introspection_c.so
[1.007s] -- Up-to-date: /home/miguel/ros2_practica_ws/install/my_messages_control/lib/libmy_messages_control__rosidl_typesupport_c.so
[1.008s] -- Up-to-date: /home/miguel/ros2_practica_ws/install/my_messages_control/include/my_messages_control/my_messages_control
[1.009s] -- Up-to-date: /home/miguel/ros2_practica_ws/install/my_messages_control/include/my_messages_control/my_messages_control/srv
[1.011s] -- Up-to-date: /home/miguel/ros2_practica_ws/install/my_messages_control/include/my_messages_control/my_messages_control/srv/my_simulator_pid.hpp
[1.011s] -- Up-to-date: /home/miguel/ros2_practica_ws/install/my_messages_control/include/my_messages_control/my_messages_control/srv/detail
[1.012s] -- Up-to-date: /home/miguel/ros2_practica_ws/install/my_messages_control/include/my_messages_control/my_messages_control/srv/detail/my_simulator_pid__struct.hpp
[1.012s] -- Up-to-date: /home/miguel/ros2_practica_ws/install/my_messages_control/include/my_messages_control/my_messages_control/srv/detail/my_simulator_pid__builder.hpp
[1.012s] -- Up-to-date: /home/miguel/ros2_practica_ws/install/my_messages_control/include/my_messages_control/my_messages_control/srv/detail/my_simulator_pid__traits.hpp
[1.013s] -- Up-to-date: /home/miguel/ros2_practica_ws/install/my_messages_control/include/my_messages_control/my_messages_control
[1.013s] -- Up-to-date: /home/miguel/ros2_practica_ws/install/my_messages_control/include/my_messages_control/my_messages_control/srv
[1.013s] -- Up-to-date: /home/miguel/ros2_practica_ws/install/my_messages_control/include/my_messages_control/my_messages_control/srv/detail
[1.013s] -- Up-to-date: /home/miguel/ros2_practica_ws/install/my_messages_control/include/my_messages_control/my_messages_control/srv/detail/my_simulator_pid__rosidl_typesupport_fastrtps_cpp.hpp
[1.013s] -- Up-to-date: /home/miguel/ros2_practica_ws/install/my_messages_control/include/my_messages_control/my_messages_control/srv/detail/dds_fastrtps
[1.014s] -- Up-to-date: /home/miguel/ros2_practica_ws/install/my_messages_control/include/my_messages_control/my_messages_control/msg
[1.014s] -- Up-to-date: /home/miguel/ros2_practica_ws/install/my_messages_control/include/my_messages_control/my_messages_control/msg/rosidl_typesupport_fastrtps_cpp__visibility_control.h
[1.014s] -- Up-to-date: /home/miguel/ros2_practica_ws/install/my_messages_control/lib/libmy_messages_control__rosidl_typesupport_fastrtps_cpp.so
[1.014s] -- Up-to-date: /home/miguel/ros2_practica_ws/install/my_messages_control/include/my_messages_control/my_messages_control
[1.014s] -- Up-to-date: /home/miguel/ros2_practica_ws/install/my_messages_control/include/my_messages_control/my_messages_control/srv
[1.015s] -- Up-to-date: /home/miguel/ros2_practica_ws/install/my_messages_control/include/my_messages_control/my_messages_control/srv/detail
[1.015s] -- Up-to-date: /home/miguel/ros2_practica_ws/install/my_messages_control/include/my_messages_control/my_messages_control/srv/detail/my_simulator_pid__rosidl_typesupport_introspection_cpp.hpp
[1.015s] -- Up-to-date: /home/miguel/ros2_practica_ws/install/my_messages_control/include/my_messages_control/my_messages_control/srv/detail/my_simulator_pid__type_support.cpp
[1.015s] -- Up-to-date: /home/miguel/ros2_practica_ws/install/my_messages_control/lib/libmy_messages_control__rosidl_typesupport_introspection_cpp.so
[1.015s] -- Up-to-date: /home/miguel/ros2_practica_ws/install/my_messages_control/lib/libmy_messages_control__rosidl_typesupport_cpp.so
[1.016s] -- Up-to-date: /home/miguel/ros2_practica_ws/install/my_messages_control/share/my_messages_control/environment/pythonpath.sh
[1.016s] -- Up-to-date: /home/miguel/ros2_practica_ws/install/my_messages_control/share/my_messages_control/environment/pythonpath.dsv
[1.016s] -- Up-to-date: /home/miguel/ros2_practica_ws/install/my_messages_control/local/lib/python3.10/dist-packages/my_messages_control-0.0.0-py3.10.egg-info
[1.016s] -- Installing: /home/miguel/ros2_practica_ws/install/my_messages_control/local/lib/python3.10/dist-packages/my_messages_control-0.0.0-py3.10.egg-info/PKG-INFO
[1.016s] -- Installing: /home/miguel/ros2_practica_ws/install/my_messages_control/local/lib/python3.10/dist-packages/my_messages_control-0.0.0-py3.10.egg-info/top_level.txt
[1.017s] -- Installing: /home/miguel/ros2_practica_ws/install/my_messages_control/local/lib/python3.10/dist-packages/my_messages_control-0.0.0-py3.10.egg-info/SOURCES.txt
[1.017s] -- Installing: /home/miguel/ros2_practica_ws/install/my_messages_control/local/lib/python3.10/dist-packages/my_messages_control-0.0.0-py3.10.egg-info/dependency_links.txt
[1.017s] -- Up-to-date: /home/miguel/ros2_practica_ws/install/my_messages_control/local/lib/python3.10/dist-packages/my_messages_control
[1.017s] -- Up-to-date: /home/miguel/ros2_practica_ws/install/my_messages_control/local/lib/python3.10/dist-packages/my_messages_control/_my_messages_control_s.ep.rosidl_typesupport_c.c
[1.018s] -- Up-to-date: /home/miguel/ros2_practica_ws/install/my_messages_control/local/lib/python3.10/dist-packages/my_messages_control/my_messages_control_s__rosidl_typesupport_fastrtps_c.cpython-310-x86_64-linux-gnu.so
[1.018s] -- Up-to-date: /home/miguel/ros2_practica_ws/install/my_messages_control/local/lib/python3.10/dist-packages/my_messages_control/srv
[1.018s] -- Up-to-date: /home/miguel/ros2_practica_ws/install/my_messages_control/local/lib/python3.10/dist-packages/my_messages_control/srv/_my_simulator_pid.py
[1.018s] -- Up-to-date: /home/miguel/ros2_practica_ws/install/my_messages_control/local/lib/python3.10/dist-packages/my_messages_control/srv/_my_simulator_pid_s.c
[1.019s] -- Up-to-date: /home/miguel/ros2_practica_ws/install/my_messages_control/local/lib/python3.10/dist-packages/my_messages_control/srv/__init__.py
[1.019s] -- Up-to-date: /home/miguel/ros2_practica_ws/install/my_messages_control/local/lib/python3.10/dist-packages/my_messages_control/_my_messages_control_s.ep.rosidl_typesupport_fastrtps_c.c
[1.019s] -- Up-to-date: /home/miguel/ros2_practica_ws/install/my_messages_control/local/lib/python3.10/dist-packages/my_messages_control/my_messages_control_s__rosidl_typesupport_introspection_c.cpython-310-x86_64-linux-gnu.so
[1.020s] -- Up-to-date: /home/miguel/ros2_practica_ws/install/my_messages_control/local/lib/python3.10/dist-packages/my_messages_control/libmy_messages_control__rosidl_generator_py.so
[1.020s] -- Up-to-date: /home/miguel/ros2_practica_ws/install/my_messages_control/local/lib/python3.10/dist-packages/my_messages_control/my_messages_control_s__rosidl_typesupport_c.cpython-310-x86_64-linux-gnu.so
[1.021s] -- Up-to-date: /home/miguel/ros2_practica_ws/install/my_messages_control/local/lib/python3.10/dist-packages/my_messages_control/_my_messages_control_s.ep.rosidl_typesupport_introspection_c.c
[1.021s] -- Up-to-date: /home/miguel/ros2_practica_ws/install/my_messages_control/local/lib/python3.10/dist-packages/my_messages_control/__init__.py
[1.076s] Listing '/home/miguel/ros2_practica_ws/install/my_messages_control/local/lib/python3.10/dist-packages/my_messages_control'...
[1.076s] Listing '/home/miguel/ros2_practica_ws/install/my_messages_control/local/lib/python3.10/dist-packages/my_messages_control/srv'...
[1.082s] -- Up-to-date: /home/miguel/ros2_practica_ws/install/my_messages_control/local/lib/python3.10/dist-packages/my_messages_control/my_messages_control_s__rosidl_typesupport_fastrtps_c.cpython-310-x86_64-linux-gnu.so
[1.082s] -- Up-to-date: /home/miguel/ros2_practica_ws/install/my_messages_control/local/lib/python3.10/dist-packages/my_messages_control/my_messages_control_s__rosidl_typesupport_introspection_c.cpython-310-x86_64-linux-gnu.so
[1.082s] -- Up-to-date: /home/miguel/ros2_practica_ws/install/my_messages_control/local/lib/python3.10/dist-packages/my_messages_control/my_messages_control_s__rosidl_typesupport_c.cpython-310-x86_64-linux-gnu.so
[1.083s] -- Up-to-date: /home/miguel/ros2_practica_ws/install/my_messages_control/lib/libmy_messages_control__rosidl_generator_py.so
[1.084s] -- Up-to-date: /home/miguel/ros2_practica_ws/install/my_messages_control/share/my_messages_control/srv/MySimulatorPID.idl
[1.084s] -- Up-to-date: /home/miguel/ros2_practica_ws/install/my_messages_control/share/my_messages_control/srv/MySimulatorPID.srv
[1.084s] -- Up-to-date: /home/miguel/ros2_practica_ws/install/my_messages_control/share/my_messages_control/srv/MySimulatorPID_Request.msg
[1.085s] -- Up-to-date: /home/miguel/ros2_practica_ws/install/my_messages_control/share/my_messages_control/srv/MySimulatorPID_Response.msg
[1.085s] -- Up-to-date: /home/miguel/ros2_practica_ws/install/my_messages_control/share/ament_index/resource_index/package_run_dependencies/my_messages_control
[1.086s] -- Up-to-date: /home/miguel/ros2_practica_ws/install/my_messages_control/share/ament_index/resource_index/parent_prefix_path/my_messages_control
[1.086s] -- Up-to-date: /home/miguel/ros2_practica_ws/install/my_messages_control/share/my_messages_control/environment/ament_prefix_path.sh
[1.086s] -- Up-to-date: /home/miguel/ros2_practica_ws/install/my_messages_control/share/my_messages_control/environment/ament_prefix_path.dsv
[1.087s] -- Up-to-date: /home/miguel/ros2_practica_ws/install/my_messages_control/share/my_messages_control/environment/path.sh
[1.087s] -- Up-to-date: /home/miguel/ros2_practica_ws/install/my_messages_control/share/my_messages_control/environment/path.dsv
[1.088s] -- Up-to-date: /home/miguel/ros2_practica_ws/install/my_messages_control/share/my_messages_control/local_setup.bash
[1.088s] -- Up-to-date: /home/miguel/ros2_practica_ws/install/my_messages_control/share/my_messages_control/local_setup.sh
[1.089s] -- Up-to-date: /home/miguel/ros2_practica_ws/install/my_messages_control/share/my_messages_control/local_setup.zsh
[1.090s] -- Up-to-date: /home/miguel/ros2_practica_ws/install/my_messages_control/share/my_messages_control/local_setup.dsv
[1.090s] -- Installing: /home/miguel/ros2_practica_ws/install/my_messages_control/share/my_messages_control/package.dsv
[1.090s] -- Up-to-date: /home/miguel/ros2_practica_ws/install/my_messages_control/share/ament_index/resource_index/packages/my_messages_control
[1.091s] -- Up-to-date: /home/miguel/ros2_practica_ws/install/my_messages_control/share/my_messages_control/cmake/export_my_messages_control__rosidl_generator_cExport.cmake
[1.091s] -- Up-to-date: /home/miguel/ros2_practica_ws/install/my_messages_control/share/my_messages_control/cmake/export_my_messages_control__rosidl_generator_cExport-noconfig.cmake
[1.091s] -- Up-to-date: /home/miguel/ros2_practica_ws/install/my_messages_control/share/my_messages_control/cmake/export_my_messages_control__rosidl_typesupport_fastrtps_cExport.cmake
[1.092s] -- Up-to-date: /home/miguel/ros2_practica_ws/install/my_messages_control/share/my_messages_control/cmake/export_my_messages_control__rosidl_typesupport_fastrtps_cExport-noconfig.cmake
[1.092s] -- Up-to-date: /home/miguel/ros2_practica_ws/install/my_messages_control/share/my_messages_control/cmake/my_messages_control__rosidl_typesupport_introspection_cExport.cmake
[1.092s] -- Up-to-date: /home/miguel/ros2_practica_ws/install/my_messages_control/share/my_messages_control/cmake/my_messages_control__rosidl_typesupport_introspection_cExport-noconfig.cmake
[1.092s] -- Up-to-date: /home/miguel/ros2_practica_ws/install/my_messages_control/share/my_messages_control/cmake/my_messages_control__rosidl_typesupport_cExport.cmake
[1.093s] -- Up-to-date: /home/miguel/ros2_practica_ws/install/my_messages_control/share/my_messages_control/cmake/my_messages_control__rosidl_typesupport_cExport-noconfig.cmake
[1.095s] -- Up-to-date: /home/miguel/ros2_practica_ws/install/my_messages_control/share/my_messages_control/cmake/export_my_messages_control__rosidl_generator_cppExport.cmake
[1.096s] -- Up-to-date: /home/miguel/ros2_practica_ws/install/my_messages_control/share/my_messages_control/cmake/export_my_messages_control__rosidl_typesupport_fastrtps_cppExport.cmake
[1.096s] -- Up-to-date: /home/miguel/ros2_practica_ws/install/my_messages_control/share/my_messages_control/cmake/export_my_messages_control__rosidl_typesupport_fastrtps_cppExport-noconfig.cmake
[1.097s] -- Up-to-date: /home/miguel/ros2_practica_ws/install/my_messages_control/share/my_messages_control/cmake/my_messages_control__rosidl_typesupport_introspection_cppExport.cmake
[1.097s] -- Up-to-date: /home/miguel/ros2_practica_ws/install/my_messages_control/share/my_messages_control/cmake/my_messages_control__rosidl_typesupport_introspection_cppExport-noconfig.cmake
[1.098s] -- Up-to-date: /home/miguel/ros2_practica_ws/install/my_messages_control/share/my_messages_control/cmake/my_messages_control__rosidl_typesupport_cppExport.cmake
[1.098s] -- Up-to-date: /home/miguel/ros2_practica_ws/install/my_messages_control/share/my_messages_control/cmake/my_messages_control__rosidl_typesupport_cppExport-noconfig.cmake
[1.099s] -- Up-to-date: /home/miguel/ros2_practica_ws/install/my_messages_control/share/my_messages_control/cmake/export_my_messages_control__rosidl_generator_pyExport.cmake
[1.100s] -- Up-to-date: /home/miguel/ros2_practica_ws/install/my_messages_control/share/my_messages_control/cmake/export_my_messages_control__rosidl_generator_pyExport-noconfig.cmake
[1.102s] -- Up-to-date: /home/miguel/ros2_practica_ws/install/my_messages_control/share/my_messages_control/cmake/rosidl_cmake-extras.cmake
[1.102s] -- Up-to-date: /home/miguel/ros2_practica_ws/install/my_messages_control/share/my_messages_control/cmake/ament_cmake_export_include_directories-extras.cmake
[1.102s] -- Up-to-date: /home/miguel/ros2_practica_ws/install/my_messages_control/share/my_messages_control/cmake/ament_cmake_export_libraries-extras.cmake
[1.103s] -- Up-to-date: /home/miguel/ros2_practica_ws/install/my_messages_control/share/my_messages_control/cmake/ament_cmake_export_targets-extras.cmake
[1.103s] -- Up-to-date: /home/miguel/ros2_practica_ws/install/my_messages_control/share/my_messages_control/cmake/rosidl_cmake_export_typesupport_targets-extras.cmake
[1.107s] -- Up-to-date: /home/miguel/ros2_practica_ws/install/my_messages_control/share/my_messages_control/cmake/ament_cmake_export_dependencies-extras.cmake
[1.107s] -- Up-to-date: /home/miguel/ros2_practica_ws/install/my_messages_control/share/my_messages_control/cmake/rosidl_cmake_export_typesupport_libraries-extras.cmake
[1.108s] -- Up-to-date: /home/miguel/ros2_practica_ws/install/my_messages_control/share/my_messages_control/cmake/my_messages_controlConfig.cmake
[1.108s] -- Up-to-date: /home/miguel/ros2_practica_ws/install/my_messages_control/share/my_messages_control/cmake/my_messages_controlConfig-version.cmake
[1.108s] -- Up-to-date: /home/miguel/ros2_practica_ws/install/my_messages_control/share/my_messages_control/package.xml
[1.109s] Invoked command in '/home/miguel/ros2_practica_ws/build/my_messages_control' returned '0': CMAKE_PREFIX_PATH=${CMAKE_PREFIX_PATH}:/home/miguel/ros2_practica_ws/install/my_sim_pkg:/home/miguel/ros2_practica_ws/install/my_genetic_pkg:/opt/ros/humble WSLENV=ELECTRON_RUN_AS_NODE/w:WT_SESSION:WT_PROFILE_ID: /usr/bin/cmake --install /home/miguel/ros2_practica_ws/build/my_messages_control
