[1.708s] Invoking command in '/home/miguel/ros2_practica_ws/src/my_genetic_pkg': AMENT_PREFIX_PATH=/home/miguel/ros2_practica_ws/install/my_messages_control:${AMENT_PREFIX_PATH} CMAKE_PREFIX_PATH=/home/miguel/ros2_practica_ws/install/my_messages_control LD_LIBRARY_PATH=/home/miguel/ros2_practica_ws/install/my_messages_control/lib:${LD_LIBRARY_PATH} PYTHONPATH=/home/miguel/ros2_practica_ws/build/my_genetic_pkg/prefix_override:/home/miguel/ros2_practica_ws/install/my_genetic_pkg/lib/python3.10/site-packages:/home/miguel/ros2_practica_ws/install/my_messages_control/local/lib/python3.10/dist-packages:${PYTHONPATH} WSLENV=ELECTRON_RUN_AS_NODE/w:WT_SESSION:WT_PROFILE_ID: /usr/bin/python3 -W ignore:setup.py install is deprecated setup.py egg_info --egg-base ../../build/my_genetic_pkg build --build-base /home/miguel/ros2_practica_ws/build/my_genetic_pkg/build install --record /home/miguel/ros2_practica_ws/build/my_genetic_pkg/install.log --single-version-externally-managed install_data
[2.206s] running egg_info
[2.207s] writing ../../build/my_genetic_pkg/my_genetic_pkg.egg-info/PKG-INFO
[2.208s] writing dependency_links to ../../build/my_genetic_pkg/my_genetic_pkg.egg-info/dependency_links.txt
[2.208s] writing entry points to ../../build/my_genetic_pkg/my_genetic_pkg.egg-info/entry_points.txt
[2.209s] writing requirements to ../../build/my_genetic_pkg/my_genetic_pkg.egg-info/requires.txt
[2.209s] writing top-level names to ../../build/my_genetic_pkg/my_genetic_pkg.egg-info/top_level.txt
[2.212s] reading manifest file '../../build/my_genetic_pkg/my_genetic_pkg.egg-info/SOURCES.txt'
[2.213s] adding license file 'LICENSE'
[2.214s] writing manifest file '../../build/my_genetic_pkg/my_genetic_pkg.egg-info/SOURCES.txt'
[2.214s] running build
[2.215s] running build_py
[2.215s] copying my_genetic_pkg/my_genetic_node.py -> /home/miguel/ros2_practica_ws/build/my_genetic_pkg/build/lib/my_genetic_pkg
[2.215s] running install
[2.216s] running install_lib
[2.217s] copying /home/miguel/ros2_practica_ws/build/my_genetic_pkg/build/lib/my_genetic_pkg/my_genetic_node.py -> /home/miguel/ros2_practica_ws/install/my_genetic_pkg/lib/python3.10/site-packages/my_genetic_pkg
[2.218s] byte-compiling /home/miguel/ros2_practica_ws/install/my_genetic_pkg/lib/python3.10/site-packages/my_genetic_pkg/my_genetic_node.py to my_genetic_node.cpython-310.pyc
[2.220s] running install_data
[2.223s] running install_egg_info
[2.227s] removing '/home/miguel/ros2_practica_ws/install/my_genetic_pkg/lib/python3.10/site-packages/my_genetic_pkg-0.0.0-py3.10.egg-info' (and everything under it)
[2.227s] Copying ../../build/my_genetic_pkg/my_genetic_pkg.egg-info to /home/miguel/ros2_practica_ws/install/my_genetic_pkg/lib/python3.10/site-packages/my_genetic_pkg-0.0.0-py3.10.egg-info
[2.231s] running install_scripts
[2.264s] Installing genetic script to /home/miguel/ros2_practica_ws/install/my_genetic_pkg/lib/my_genetic_pkg
[2.265s] writing list of installed files to '/home/miguel/ros2_practica_ws/build/my_genetic_pkg/install.log'
[2.310s] Invoked command in '/home/miguel/ros2_practica_ws/src/my_genetic_pkg' returned '0': AMENT_PREFIX_PATH=/home/miguel/ros2_practica_ws/install/my_messages_control:${AMENT_PREFIX_PATH} CMAKE_PREFIX_PATH=/home/miguel/ros2_practica_ws/install/my_messages_control LD_LIBRARY_PATH=/home/miguel/ros2_practica_ws/install/my_messages_control/lib:${LD_LIBRARY_PATH} PYTHONPATH=/home/miguel/ros2_practica_ws/build/my_genetic_pkg/prefix_override:/home/miguel/ros2_practica_ws/install/my_genetic_pkg/lib/python3.10/site-packages:/home/miguel/ros2_practica_ws/install/my_messages_control/local/lib/python3.10/dist-packages:${PYTHONPATH} WSLENV=ELECTRON_RUN_AS_NODE/w:WT_SESSION:WT_PROFILE_ID: /usr/bin/python3 -W ignore:setup.py install is deprecated setup.py egg_info --egg-base ../../build/my_genetic_pkg build --build-base /home/miguel/ros2_practica_ws/build/my_genetic_pkg/build install --record /home/miguel/ros2_practica_ws/build/my_genetic_pkg/install.log --single-version-externally-managed install_data
