[0.247s] DEBUG:colcon:Command line arguments: ['/usr/bin/colcon', 'build', '--packages-select', 'my_genetic_pkg']
[0.247s] DEBUG:colcon:Parsed command line arguments: Namespace(log_base=None, log_level=None, verb_name='build', build_base='build', install_base='install', merge_install=False, symlink_install=False, test_result_base=None, continue_on_error=False, executor='parallel', parallel_workers=4, event_handlers=None, ignore_user_meta=False, metas=['./colcon.meta'], base_paths=['.'], packages_ignore=None, packages_ignore_regex=None, paths=None, packages_up_to=None, packages_up_to_regex=None, packages_above=None, packages_above_and_dependencies=None, packages_above_depth=None, packages_select_by_dep=None, packages_skip_by_dep=None, packages_skip_up_to=None, packages_select_build_failed=False, packages_skip_build_finished=False, packages_select_test_failures=False, packages_skip_test_passed=False, packages_select=['my_genetic_pkg'], packages_skip=None, packages_select_regex=None, packages_skip_regex=None, packages_start=None, packages_end=None, allow_overriding=[], cmake_args=None, cmake_target=None, cmake_target_skip_unavailable=False, cmake_clean_cache=False, cmake_clean_first=False, cmake_force_configure=False, ament_cmake_args=None, catkin_cmake_args=None, catkin_skip_building_tests=False, mixin_files=None, mixin=None, verb_parser=<colcon_mixin.mixin.mixin_argument.MixinArgumentDecorator object at 0x7f28c4fd3580>, verb_extension=<colcon_core.verb.build.BuildVerb object at 0x7f28c4fd2ef0>, main=<bound method BuildVerb.main of <colcon_core.verb.build.BuildVerb object at 0x7f28c4fd2ef0>>, mixin_verb=('build',))
[0.594s] Level 1:colcon.colcon_core.package_discovery:discover_packages(colcon_meta) check parameters
[0.595s] Level 1:colcon.colcon_core.package_discovery:discover_packages(recursive) check parameters
[0.595s] Level 1:colcon.colcon_core.package_discovery:discover_packages(ignore) check parameters
[0.595s] Level 1:colcon.colcon_core.package_discovery:discover_packages(path) check parameters
[0.595s] Level 1:colcon.colcon_core.package_discovery:discover_packages(colcon_meta) discover
[0.595s] Level 1:colcon.colcon_core.package_discovery:discover_packages(recursive) discover
[0.595s] INFO:colcon.colcon_core.package_discovery:Crawling recursively for packages in '/home/miguel/ros2_practica_ws'
[0.595s] Level 1:colcon.colcon_core.package_identification:_identify(.) by extensions ['ignore', 'ignore_ament_install']
[0.596s] Level 1:colcon.colcon_core.package_identification:_identify(.) by extension 'ignore'
[0.596s] Level 1:colcon.colcon_core.package_identification:_identify(.) by extension 'ignore_ament_install'
[0.596s] Level 1:colcon.colcon_core.package_identification:_identify(.) by extensions ['colcon_pkg']
[0.596s] Level 1:colcon.colcon_core.package_identification:_identify(.) by extension 'colcon_pkg'
[0.596s] Level 1:colcon.colcon_core.package_identification:_identify(.) by extensions ['colcon_meta']
[0.596s] Level 1:colcon.colcon_core.package_identification:_identify(.) by extension 'colcon_meta'
[0.596s] Level 1:colcon.colcon_core.package_identification:_identify(.) by extensions ['ros']
[0.596s] Level 1:colcon.colcon_core.package_identification:_identify(.) by extension 'ros'
[0.616s] Level 1:colcon.colcon_core.package_identification:_identify(.) by extensions ['cmake', 'python']
[0.616s] Level 1:colcon.colcon_core.package_identification:_identify(.) by extension 'cmake'
[0.616s] Level 1:colcon.colcon_core.package_identification:_identify(.) by extension 'python'
[0.616s] Level 1:colcon.colcon_core.package_identification:_identify(.) by extensions ['python_setup_py']
[0.616s] Level 1:colcon.colcon_core.package_identification:_identify(.) by extension 'python_setup_py'
[0.616s] Level 1:colcon.colcon_core.package_identification:_identify(build) by extensions ['ignore', 'ignore_ament_install']
[0.617s] Level 1:colcon.colcon_core.package_identification:_identify(build) by extension 'ignore'
[0.617s] Level 1:colcon.colcon_core.package_identification:_identify(build) ignored
[0.617s] Level 1:colcon.colcon_core.package_identification:_identify(install) by extensions ['ignore', 'ignore_ament_install']
[0.617s] Level 1:colcon.colcon_core.package_identification:_identify(install) by extension 'ignore'
[0.617s] Level 1:colcon.colcon_core.package_identification:_identify(install) ignored
[0.617s] Level 1:colcon.colcon_core.package_identification:_identify(launch) by extensions ['ignore', 'ignore_ament_install']
[0.618s] Level 1:colcon.colcon_core.package_identification:_identify(launch) by extension 'ignore'
[0.618s] Level 1:colcon.colcon_core.package_identification:_identify(launch) by extension 'ignore_ament_install'
[0.618s] Level 1:colcon.colcon_core.package_identification:_identify(launch) by extensions ['colcon_pkg']
[0.618s] Level 1:colcon.colcon_core.package_identification:_identify(launch) by extension 'colcon_pkg'
[0.618s] Level 1:colcon.colcon_core.package_identification:_identify(launch) by extensions ['colcon_meta']
[0.618s] Level 1:colcon.colcon_core.package_identification:_identify(launch) by extension 'colcon_meta'
[0.618s] Level 1:colcon.colcon_core.package_identification:_identify(launch) by extensions ['ros']
[0.618s] Level 1:colcon.colcon_core.package_identification:_identify(launch) by extension 'ros'
[0.619s] Level 1:colcon.colcon_core.package_identification:_identify(launch) by extensions ['cmake', 'python']
[0.619s] Level 1:colcon.colcon_core.package_identification:_identify(launch) by extension 'cmake'
[0.619s] Level 1:colcon.colcon_core.package_identification:_identify(launch) by extension 'python'
[0.619s] Level 1:colcon.colcon_core.package_identification:_identify(launch) by extensions ['python_setup_py']
[0.619s] Level 1:colcon.colcon_core.package_identification:_identify(launch) by extension 'python_setup_py'
[0.619s] Level 1:colcon.colcon_core.package_identification:_identify(launch/__pycache__) by extensions ['ignore', 'ignore_ament_install']
[0.619s] Level 1:colcon.colcon_core.package_identification:_identify(launch/__pycache__) by extension 'ignore'
[0.620s] Level 1:colcon.colcon_core.package_identification:_identify(launch/__pycache__) by extension 'ignore_ament_install'
[0.620s] Level 1:colcon.colcon_core.package_identification:_identify(launch/__pycache__) by extensions ['colcon_pkg']
[0.620s] Level 1:colcon.colcon_core.package_identification:_identify(launch/__pycache__) by extension 'colcon_pkg'
[0.620s] Level 1:colcon.colcon_core.package_identification:_identify(launch/__pycache__) by extensions ['colcon_meta']
[0.620s] Level 1:colcon.colcon_core.package_identification:_identify(launch/__pycache__) by extension 'colcon_meta'
[0.620s] Level 1:colcon.colcon_core.package_identification:_identify(launch/__pycache__) by extensions ['ros']
[0.620s] Level 1:colcon.colcon_core.package_identification:_identify(launch/__pycache__) by extension 'ros'
[0.621s] Level 1:colcon.colcon_core.package_identification:_identify(launch/__pycache__) by extensions ['cmake', 'python']
[0.621s] Level 1:colcon.colcon_core.package_identification:_identify(launch/__pycache__) by extension 'cmake'
[0.621s] Level 1:colcon.colcon_core.package_identification:_identify(launch/__pycache__) by extension 'python'
[0.621s] Level 1:colcon.colcon_core.package_identification:_identify(launch/__pycache__) by extensions ['python_setup_py']
[0.621s] Level 1:colcon.colcon_core.package_identification:_identify(launch/__pycache__) by extension 'python_setup_py'
[0.621s] Level 1:colcon.colcon_core.package_identification:_identify(log) by extensions ['ignore', 'ignore_ament_install']
[0.622s] Level 1:colcon.colcon_core.package_identification:_identify(log) by extension 'ignore'
[0.622s] Level 1:colcon.colcon_core.package_identification:_identify(log) ignored
[0.622s] Level 1:colcon.colcon_core.package_identification:_identify(src) by extensions ['ignore', 'ignore_ament_install']
[0.622s] Level 1:colcon.colcon_core.package_identification:_identify(src) by extension 'ignore'
[0.622s] Level 1:colcon.colcon_core.package_identification:_identify(src) by extension 'ignore_ament_install'
[0.622s] Level 1:colcon.colcon_core.package_identification:_identify(src) by extensions ['colcon_pkg']
[0.622s] Level 1:colcon.colcon_core.package_identification:_identify(src) by extension 'colcon_pkg'
[0.622s] Level 1:colcon.colcon_core.package_identification:_identify(src) by extensions ['colcon_meta']
[0.622s] Level 1:colcon.colcon_core.package_identification:_identify(src) by extension 'colcon_meta'
[0.623s] Level 1:colcon.colcon_core.package_identification:_identify(src) by extensions ['ros']
[0.623s] Level 1:colcon.colcon_core.package_identification:_identify(src) by extension 'ros'
[0.623s] Level 1:colcon.colcon_core.package_identification:_identify(src) by extensions ['cmake', 'python']
[0.623s] Level 1:colcon.colcon_core.package_identification:_identify(src) by extension 'cmake'
[0.623s] Level 1:colcon.colcon_core.package_identification:_identify(src) by extension 'python'
[0.623s] Level 1:colcon.colcon_core.package_identification:_identify(src) by extensions ['python_setup_py']
[0.623s] Level 1:colcon.colcon_core.package_identification:_identify(src) by extension 'python_setup_py'
[0.623s] Level 1:colcon.colcon_core.package_identification:_identify(src/msgs_control) by extensions ['ignore', 'ignore_ament_install']
[0.623s] Level 1:colcon.colcon_core.package_identification:_identify(src/msgs_control) by extension 'ignore'
[0.623s] Level 1:colcon.colcon_core.package_identification:_identify(src/msgs_control) by extension 'ignore_ament_install'
[0.624s] Level 1:colcon.colcon_core.package_identification:_identify(src/msgs_control) by extensions ['colcon_pkg']
[0.624s] Level 1:colcon.colcon_core.package_identification:_identify(src/msgs_control) by extension 'colcon_pkg'
[0.624s] Level 1:colcon.colcon_core.package_identification:_identify(src/msgs_control) by extensions ['colcon_meta']
[0.624s] Level 1:colcon.colcon_core.package_identification:_identify(src/msgs_control) by extension 'colcon_meta'
[0.624s] Level 1:colcon.colcon_core.package_identification:_identify(src/msgs_control) by extensions ['ros']
[0.624s] Level 1:colcon.colcon_core.package_identification:_identify(src/msgs_control) by extension 'ros'
[0.627s] DEBUG:colcon.colcon_core.package_identification:Package 'src/msgs_control' with type 'ros.ament_cmake' and name 'msgs_control'
[0.627s] Level 1:colcon.colcon_core.package_identification:_identify(src/my_genetic_pkg) by extensions ['ignore', 'ignore_ament_install']
[0.627s] Level 1:colcon.colcon_core.package_identification:_identify(src/my_genetic_pkg) by extension 'ignore'
[0.628s] Level 1:colcon.colcon_core.package_identification:_identify(src/my_genetic_pkg) by extension 'ignore_ament_install'
[0.628s] Level 1:colcon.colcon_core.package_identification:_identify(src/my_genetic_pkg) by extensions ['colcon_pkg']
[0.628s] Level 1:colcon.colcon_core.package_identification:_identify(src/my_genetic_pkg) by extension 'colcon_pkg'
[0.628s] Level 1:colcon.colcon_core.package_identification:_identify(src/my_genetic_pkg) by extensions ['colcon_meta']
[0.628s] Level 1:colcon.colcon_core.package_identification:_identify(src/my_genetic_pkg) by extension 'colcon_meta'
[0.628s] Level 1:colcon.colcon_core.package_identification:_identify(src/my_genetic_pkg) by extensions ['ros']
[0.628s] Level 1:colcon.colcon_core.package_identification:_identify(src/my_genetic_pkg) by extension 'ros'
[0.646s] DEBUG:colcon.colcon_core.package_identification:Package 'src/my_genetic_pkg' with type 'ros.ament_python' and name 'my_genetic_pkg'
[0.646s] Level 1:colcon.colcon_core.package_identification:_identify(src/my_messages_control) by extensions ['ignore', 'ignore_ament_install']
[0.646s] Level 1:colcon.colcon_core.package_identification:_identify(src/my_messages_control) by extension 'ignore'
[0.646s] Level 1:colcon.colcon_core.package_identification:_identify(src/my_messages_control) by extension 'ignore_ament_install'
[0.647s] Level 1:colcon.colcon_core.package_identification:_identify(src/my_messages_control) by extensions ['colcon_pkg']
[0.647s] Level 1:colcon.colcon_core.package_identification:_identify(src/my_messages_control) by extension 'colcon_pkg'
[0.647s] Level 1:colcon.colcon_core.package_identification:_identify(src/my_messages_control) by extensions ['colcon_meta']
[0.647s] Level 1:colcon.colcon_core.package_identification:_identify(src/my_messages_control) by extension 'colcon_meta'
[0.647s] Level 1:colcon.colcon_core.package_identification:_identify(src/my_messages_control) by extensions ['ros']
[0.647s] Level 1:colcon.colcon_core.package_identification:_identify(src/my_messages_control) by extension 'ros'
[0.648s] DEBUG:colcon.colcon_core.package_identification:Package 'src/my_messages_control' with type 'ros.ament_cmake' and name 'my_messages_control'
[0.648s] Level 1:colcon.colcon_core.package_identification:_identify(src/my_sim_pkg) by extensions ['ignore', 'ignore_ament_install']
[0.648s] Level 1:colcon.colcon_core.package_identification:_identify(src/my_sim_pkg) by extension 'ignore'
[0.648s] Level 1:colcon.colcon_core.package_identification:_identify(src/my_sim_pkg) by extension 'ignore_ament_install'
[0.648s] Level 1:colcon.colcon_core.package_identification:_identify(src/my_sim_pkg) by extensions ['colcon_pkg']
[0.648s] Level 1:colcon.colcon_core.package_identification:_identify(src/my_sim_pkg) by extension 'colcon_pkg'
[0.648s] Level 1:colcon.colcon_core.package_identification:_identify(src/my_sim_pkg) by extensions ['colcon_meta']
[0.649s] Level 1:colcon.colcon_core.package_identification:_identify(src/my_sim_pkg) by extension 'colcon_meta'
[0.649s] Level 1:colcon.colcon_core.package_identification:_identify(src/my_sim_pkg) by extensions ['ros']
[0.649s] Level 1:colcon.colcon_core.package_identification:_identify(src/my_sim_pkg) by extension 'ros'
[0.650s] DEBUG:colcon.colcon_core.package_identification:Package 'src/my_sim_pkg' with type 'ros.ament_python' and name 'my_sim_pkg'
[0.651s] Level 1:colcon.colcon_core.package_identification:_identify(src/paquete_lanzador) by extensions ['ignore', 'ignore_ament_install']
[0.651s] Level 1:colcon.colcon_core.package_identification:_identify(src/paquete_lanzador) by extension 'ignore'
[0.651s] Level 1:colcon.colcon_core.package_identification:_identify(src/paquete_lanzador) by extension 'ignore_ament_install'
[0.651s] Level 1:colcon.colcon_core.package_identification:_identify(src/paquete_lanzador) by extensions ['colcon_pkg']
[0.651s] Level 1:colcon.colcon_core.package_identification:_identify(src/paquete_lanzador) by extension 'colcon_pkg'
[0.651s] Level 1:colcon.colcon_core.package_identification:_identify(src/paquete_lanzador) by extensions ['colcon_meta']
[0.651s] Level 1:colcon.colcon_core.package_identification:_identify(src/paquete_lanzador) by extension 'colcon_meta'
[0.651s] Level 1:colcon.colcon_core.package_identification:_identify(src/paquete_lanzador) by extensions ['ros']
[0.651s] Level 1:colcon.colcon_core.package_identification:_identify(src/paquete_lanzador) by extension 'ros'
[0.652s] DEBUG:colcon.colcon_core.package_identification:Package 'src/paquete_lanzador' with type 'ros.ament_python' and name 'paquete_lanzador'
[0.652s] Level 1:colcon.colcon_core.package_identification:_identify(src/sim_pkg) by extensions ['ignore', 'ignore_ament_install']
[0.652s] Level 1:colcon.colcon_core.package_identification:_identify(src/sim_pkg) by extension 'ignore'
[0.653s] Level 1:colcon.colcon_core.package_identification:_identify(src/sim_pkg) by extension 'ignore_ament_install'
[0.653s] Level 1:colcon.colcon_core.package_identification:_identify(src/sim_pkg) by extensions ['colcon_pkg']
[0.653s] Level 1:colcon.colcon_core.package_identification:_identify(src/sim_pkg) by extension 'colcon_pkg'
[0.653s] Level 1:colcon.colcon_core.package_identification:_identify(src/sim_pkg) by extensions ['colcon_meta']
[0.653s] Level 1:colcon.colcon_core.package_identification:_identify(src/sim_pkg) by extension 'colcon_meta'
[0.653s] Level 1:colcon.colcon_core.package_identification:_identify(src/sim_pkg) by extensions ['ros']
[0.653s] Level 1:colcon.colcon_core.package_identification:_identify(src/sim_pkg) by extension 'ros'
[0.654s] DEBUG:colcon.colcon_core.package_identification:Package 'src/sim_pkg' with type 'ros.ament_python' and name 'sim_pkg'
[0.654s] Level 1:colcon.colcon_core.package_discovery:discover_packages(recursive) using defaults
[0.654s] Level 1:colcon.colcon_core.package_discovery:discover_packages(ignore) discover
[0.654s] Level 1:colcon.colcon_core.package_discovery:discover_packages(ignore) using defaults
[0.654s] Level 1:colcon.colcon_core.package_discovery:discover_packages(path) discover
[0.654s] Level 1:colcon.colcon_core.package_discovery:discover_packages(path) using defaults
[0.685s] INFO:colcon.colcon_core.package_selection:Skipping not selected package 'msgs_control' in 'src/msgs_control'
[0.686s] INFO:colcon.colcon_core.package_selection:Skipping not selected package 'my_messages_control' in 'src/my_messages_control'
[0.686s] INFO:colcon.colcon_core.package_selection:Skipping not selected package 'paquete_lanzador' in 'src/paquete_lanzador'
[0.686s] INFO:colcon.colcon_core.package_selection:Skipping not selected package 'sim_pkg' in 'src/sim_pkg'
[0.686s] INFO:colcon.colcon_core.package_selection:Skipping not selected package 'my_sim_pkg' in 'src/my_sim_pkg'
[0.686s] Level 1:colcon.colcon_core.package_discovery:discover_packages(prefix_path) check parameters
[0.686s] Level 1:colcon.colcon_core.package_discovery:discover_packages(prefix_path) discover
[0.689s] DEBUG:colcon.colcon_installed_package_information.package_discovery:Found 6 installed packages in /home/miguel/ros2_practica_ws/install
[0.691s] DEBUG:colcon.colcon_installed_package_information.package_discovery:Found 288 installed packages in /opt/ros/humble
[0.694s] Level 1:colcon.colcon_core.package_discovery:discover_packages(prefix_path) using defaults
[0.769s] Level 5:colcon.colcon_core.verb:set package 'my_genetic_pkg' build argument 'cmake_args' from command line to 'None'
[0.769s] Level 5:colcon.colcon_core.verb:set package 'my_genetic_pkg' build argument 'cmake_target' from command line to 'None'
[0.769s] Level 5:colcon.colcon_core.verb:set package 'my_genetic_pkg' build argument 'cmake_target_skip_unavailable' from command line to 'False'
[0.769s] Level 5:colcon.colcon_core.verb:set package 'my_genetic_pkg' build argument 'cmake_clean_cache' from command line to 'False'
[0.769s] Level 5:colcon.colcon_core.verb:set package 'my_genetic_pkg' build argument 'cmake_clean_first' from command line to 'False'
[0.769s] Level 5:colcon.colcon_core.verb:set package 'my_genetic_pkg' build argument 'cmake_force_configure' from command line to 'False'
[0.769s] Level 5:colcon.colcon_core.verb:set package 'my_genetic_pkg' build argument 'ament_cmake_args' from command line to 'None'
[0.769s] Level 5:colcon.colcon_core.verb:set package 'my_genetic_pkg' build argument 'catkin_cmake_args' from command line to 'None'
[0.769s] Level 5:colcon.colcon_core.verb:set package 'my_genetic_pkg' build argument 'catkin_skip_building_tests' from command line to 'False'
[0.769s] DEBUG:colcon.colcon_core.verb:Building package 'my_genetic_pkg' with the following arguments: {'ament_cmake_args': None, 'build_base': '/home/miguel/ros2_practica_ws/build/my_genetic_pkg', 'catkin_cmake_args': None, 'catkin_skip_building_tests': False, 'cmake_args': None, 'cmake_clean_cache': False, 'cmake_clean_first': False, 'cmake_force_configure': False, 'cmake_target': None, 'cmake_target_skip_unavailable': False, 'install_base': '/home/miguel/ros2_practica_ws/install/my_genetic_pkg', 'merge_install': False, 'path': '/home/miguel/ros2_practica_ws/src/my_genetic_pkg', 'symlink_install': False, 'test_result_base': None}
[0.769s] INFO:colcon.colcon_core.executor:Executing jobs using 'parallel' executor
[0.771s] DEBUG:colcon.colcon_parallel_executor.executor.parallel:run_until_complete
[0.772s] INFO:colcon.colcon_ros.task.ament_python.build:Building ROS package in '/home/miguel/ros2_practica_ws/src/my_genetic_pkg' with build type 'ament_python'
[0.773s] Level 1:colcon.colcon_core.shell:create_environment_hook('my_genetic_pkg', 'ament_prefix_path')
[0.777s] INFO:colcon.colcon_core.plugin_system:Skipping extension 'colcon_core.shell.bat': Not used on non-Windows systems
[0.777s] INFO:colcon.colcon_core.shell:Creating environment hook '/home/miguel/ros2_practica_ws/install/my_genetic_pkg/share/my_genetic_pkg/hook/ament_prefix_path.ps1'
[0.778s] INFO:colcon.colcon_core.shell:Creating environment descriptor '/home/miguel/ros2_practica_ws/install/my_genetic_pkg/share/my_genetic_pkg/hook/ament_prefix_path.dsv'
[0.779s] INFO:colcon.colcon_core.shell:Creating environment hook '/home/miguel/ros2_practica_ws/install/my_genetic_pkg/share/my_genetic_pkg/hook/ament_prefix_path.sh'
[0.782s] INFO:colcon.colcon_core.shell:Skip shell extension 'powershell' for command environment: Not usable outside of PowerShell
[0.782s] DEBUG:colcon.colcon_core.shell:Skip shell extension 'dsv' for command environment
[1.464s] INFO:colcon.colcon_core.task.python.build:Building Python package in '/home/miguel/ros2_practica_ws/src/my_genetic_pkg'
[1.464s] INFO:colcon.colcon_core.shell:Skip shell extension 'powershell' for command environment: Not usable outside of PowerShell
[1.464s] DEBUG:colcon.colcon_core.shell:Skip shell extension 'dsv' for command environment
[2.331s] DEBUG:colcon.colcon_core.event_handler.log_command:Invoking command in '/home/miguel/ros2_practica_ws/src/my_genetic_pkg': PYTHONPATH=/home/miguel/ros2_practica_ws/build/my_genetic_pkg/prefix_override:/home/miguel/ros2_practica_ws/install/my_genetic_pkg/lib/python3.10/site-packages:${PYTHONPATH} WSLENV=ELECTRON_RUN_AS_NODE/w:WT_SESSION:WT_PROFILE_ID: /usr/bin/python3 -W ignore:setup.py install is deprecated setup.py egg_info --egg-base ../../build/my_genetic_pkg build --build-base /home/miguel/ros2_practica_ws/build/my_genetic_pkg/build install --record /home/miguel/ros2_practica_ws/build/my_genetic_pkg/install.log --single-version-externally-managed install_data
[2.985s] DEBUG:colcon.colcon_core.event_handler.log_command:Invoked command in '/home/miguel/ros2_practica_ws/src/my_genetic_pkg' returned '0': PYTHONPATH=/home/miguel/ros2_practica_ws/build/my_genetic_pkg/prefix_override:/home/miguel/ros2_practica_ws/install/my_genetic_pkg/lib/python3.10/site-packages:${PYTHONPATH} WSLENV=ELECTRON_RUN_AS_NODE/w:WT_SESSION:WT_PROFILE_ID: /usr/bin/python3 -W ignore:setup.py install is deprecated setup.py egg_info --egg-base ../../build/my_genetic_pkg build --build-base /home/miguel/ros2_practica_ws/build/my_genetic_pkg/build install --record /home/miguel/ros2_practica_ws/build/my_genetic_pkg/install.log --single-version-externally-managed install_data
[2.989s] Level 1:colcon.colcon_core.environment:checking '/home/miguel/ros2_practica_ws/install/my_genetic_pkg' for CMake module files
[2.990s] Level 1:colcon.colcon_core.environment:checking '/home/miguel/ros2_practica_ws/install/my_genetic_pkg' for CMake config files
[2.992s] Level 1:colcon.colcon_core.environment:checking '/home/miguel/ros2_practica_ws/install/my_genetic_pkg/lib'
[2.992s] Level 1:colcon.colcon_core.environment:checking '/home/miguel/ros2_practica_ws/install/my_genetic_pkg/bin'
[2.992s] Level 1:colcon.colcon_core.environment:checking '/home/miguel/ros2_practica_ws/install/my_genetic_pkg/lib/pkgconfig/my_genetic_pkg.pc'
[2.993s] Level 1:colcon.colcon_core.environment:checking '/home/miguel/ros2_practica_ws/install/my_genetic_pkg/lib/python3.10/site-packages'
[2.993s] Level 1:colcon.colcon_core.shell:create_environment_hook('my_genetic_pkg', 'pythonpath')
[2.993s] INFO:colcon.colcon_core.shell:Creating environment hook '/home/miguel/ros2_practica_ws/install/my_genetic_pkg/share/my_genetic_pkg/hook/pythonpath.ps1'
[2.994s] INFO:colcon.colcon_core.shell:Creating environment descriptor '/home/miguel/ros2_practica_ws/install/my_genetic_pkg/share/my_genetic_pkg/hook/pythonpath.dsv'
[2.994s] INFO:colcon.colcon_core.shell:Creating environment hook '/home/miguel/ros2_practica_ws/install/my_genetic_pkg/share/my_genetic_pkg/hook/pythonpath.sh'
[2.999s] Level 1:colcon.colcon_core.environment:checking '/home/miguel/ros2_practica_ws/install/my_genetic_pkg/bin'
[2.999s] Level 1:colcon.colcon_core.environment:create_environment_scripts_only(my_genetic_pkg)
[3.000s] INFO:colcon.colcon_core.shell:Creating package script '/home/miguel/ros2_practica_ws/install/my_genetic_pkg/share/my_genetic_pkg/package.ps1'
[3.001s] INFO:colcon.colcon_core.shell:Creating package descriptor '/home/miguel/ros2_practica_ws/install/my_genetic_pkg/share/my_genetic_pkg/package.dsv'
[3.002s] INFO:colcon.colcon_core.shell:Creating package script '/home/miguel/ros2_practica_ws/install/my_genetic_pkg/share/my_genetic_pkg/package.sh'
[3.004s] INFO:colcon.colcon_core.shell:Creating package script '/home/miguel/ros2_practica_ws/install/my_genetic_pkg/share/my_genetic_pkg/package.bash'
[3.005s] INFO:colcon.colcon_core.shell:Creating package script '/home/miguel/ros2_practica_ws/install/my_genetic_pkg/share/my_genetic_pkg/package.zsh'
[3.006s] Level 1:colcon.colcon_core.environment:create_file_with_runtime_dependencies(/home/miguel/ros2_practica_ws/install/my_genetic_pkg/share/colcon-core/packages/my_genetic_pkg)
[3.006s] DEBUG:colcon.colcon_parallel_executor.executor.parallel:closing loop
[3.007s] DEBUG:colcon.colcon_parallel_executor.executor.parallel:loop closed
[3.007s] DEBUG:colcon.colcon_parallel_executor.executor.parallel:run_until_complete finished with '0'
[3.008s] DEBUG:colcon.colcon_core.event_reactor:joining thread
[3.058s] INFO:colcon.colcon_core.plugin_system:Skipping extension 'colcon_notification.desktop_notification.notify_send': Could not find 'notify-send'
[3.058s] INFO:colcon.colcon_core.plugin_system:Skipping extension 'colcon_notification.desktop_notification.terminal_notifier': Not used on non-Darwin systems
[3.058s] INFO:colcon.colcon_core.plugin_system:Skipping extension 'colcon_notification.desktop_notification.win32': Not used on non-Windows systems
[3.058s] INFO:colcon.colcon_notification.desktop_notification:Sending desktop notification using 'notify2'
[3.059s] DEBUG:colcon.colcon_notification.desktop_notification.notify2:Failed to initialize notify2: org.freedesktop.DBus.Error.FileNotFound: Failed to connect to socket /run/user/1000/bus: No such file or directory
[3.059s] DEBUG:colcon.colcon_core.event_reactor:joined thread
[3.060s] INFO:colcon.colcon_core.shell:Creating prefix script '/home/miguel/ros2_practica_ws/install/local_setup.ps1'
[3.062s] INFO:colcon.colcon_core.shell:Creating prefix util module '/home/miguel/ros2_practica_ws/install/_local_setup_util_ps1.py'
[3.065s] INFO:colcon.colcon_core.shell:Creating prefix chain script '/home/miguel/ros2_practica_ws/install/setup.ps1'
[3.066s] INFO:colcon.colcon_core.shell:Creating prefix script '/home/miguel/ros2_practica_ws/install/local_setup.sh'
[3.067s] INFO:colcon.colcon_core.shell:Creating prefix util module '/home/miguel/ros2_practica_ws/install/_local_setup_util_sh.py'
[3.068s] INFO:colcon.colcon_core.shell:Creating prefix chain script '/home/miguel/ros2_practica_ws/install/setup.sh'
[3.070s] INFO:colcon.colcon_core.shell:Creating prefix script '/home/miguel/ros2_practica_ws/install/local_setup.bash'
[3.071s] INFO:colcon.colcon_core.shell:Creating prefix chain script '/home/miguel/ros2_practica_ws/install/setup.bash'
[3.073s] INFO:colcon.colcon_core.shell:Creating prefix script '/home/miguel/ros2_practica_ws/install/local_setup.zsh'
[3.074s] INFO:colcon.colcon_core.shell:Creating prefix chain script '/home/miguel/ros2_practica_ws/install/setup.zsh'
