[0.020s] Invoking command in '/home/miguel/ros2_practica_ws/build/my_messages_control': CMAKE_PREFIX_PATH=${CMAKE_PREFIX_PATH}:/home/miguel/ros2_practica_ws/install/my_sim_pkg:/home/miguel/ros2_practica_ws/install/my_genetic_pkg:/opt/ros/humble WSLENV=ELECTRON_RUN_AS_NODE/w:WT_SESSION:WT_PROFILE_ID: /usr/bin/cmake --build /home/miguel/ros2_practica_ws/build/my_messages_control -- -j4 -l4
[0.093s] [  6%] Built target my_messages_control__cpp
[0.093s] [ 12%] Built target my_messages_control__rosidl_generator_c
[0.114s] [ 12%] Built target ament_cmake_python_copy_my_messages_control
[0.150s] [ 22%] Built target my_messages_control__rosidl_typesupport_fastrtps_c
[0.150s] [ 32%] Built target my_messages_control__rosidl_typesupport_c
[0.198s] [ 41%] Built target my_messages_control__rosidl_typesupport_fastrtps_cpp
[0.203s] [ 58%] Built target my_messages_control__rosidl_typesupport_cpp
[0.205s] [ 67%] Built target my_messages_control__rosidl_typesupport_introspection_cpp
[0.206s] [ 70%] Built target my_messages_control__rosidl_typesupport_introspection_c
[0.239s] [ 70%] Built target my_messages_control
[0.269s] [ 74%] Built target my_messages_control__py
[0.301s] [ 80%] Built target my_messages_control__rosidl_generator_py
[0.349s] [ 87%] Built target my_messages_control__rosidl_typesupport_introspection_c__pyext
[0.358s] [ 93%] Built target my_messages_control__rosidl_typesupport_c__pyext
[0.358s] [100%] Built target my_messages_control__rosidl_typesupport_fastrtps_c__pyext
[0.748s] running egg_info
[0.749s] writing my_messages_control.egg-info/PKG-INFO
[0.750s] writing dependency_links to my_messages_control.egg-info/dependency_links.txt
[0.750s] writing top-level names to my_messages_control.egg-info/top_level.txt
[0.754s] reading manifest file 'my_messages_control.egg-info/SOURCES.txt'
[0.755s] writing manifest file 'my_messages_control.egg-info/SOURCES.txt'
[0.794s] [100%] Built target ament_cmake_python_build_my_messages_control_egg
[0.807s] Invoked command in '/home/miguel/ros2_practica_ws/build/my_messages_control' returned '0': CMAKE_PREFIX_PATH=${CMAKE_PREFIX_PATH}:/home/miguel/ros2_practica_ws/install/my_sim_pkg:/home/miguel/ros2_practica_ws/install/my_genetic_pkg:/opt/ros/humble WSLENV=ELECTRON_RUN_AS_NODE/w:WT_SESSION:WT_PROFILE_ID: /usr/bin/cmake --build /home/miguel/ros2_practica_ws/build/my_messages_control -- -j4 -l4
[0.892s] Invoking command in '/home/miguel/ros2_practica_ws/build/my_messages_control': CMAKE_PREFIX_PATH=${CMAKE_PREFIX_PATH}:/home/miguel/ros2_practica_ws/install/my_sim_pkg:/home/miguel/ros2_practica_ws/install/my_genetic_pkg:/opt/ros/humble WSLENV=ELECTRON_RUN_AS_NODE/w:WT_SESSION:WT_PROFILE_ID: /usr/bin/cmake --install /home/miguel/ros2_practica_ws/build/my_messages_control
[0.902s] -- Install configuration: ""
[0.902s] -- Up-to-date: /home/miguel/ros2_practica_ws/install/my_messages_control/share/ament_index/resource_index/rosidl_interfaces/my_messages_control
[0.902s] -- Up-to-date: /home/miguel/ros2_practica_ws/install/my_messages_control/include/my_messages_control/my_messages_control
[0.903s] -- Up-to-date: /home/miguel/ros2_practica_ws/install/my_messages_control/include/my_messages_control/my_messages_control/srv
[0.903s] -- Up-to-date: /home/miguel/ros2_practica_ws/install/my_messages_control/include/my_messages_control/my_messages_control/srv/my_simulator_pid.h
[0.903s] -- Up-to-date: /home/miguel/ros2_practica_ws/install/my_messages_control/include/my_messages_control/my_messages_control/srv/detail
[0.903s] -- Up-to-date: /home/miguel/ros2_practica_ws/install/my_messages_control/include/my_messages_control/my_messages_control/srv/detail/my_simulator_pid__functions.h
[0.904s] -- Up-to-date: /home/miguel/ros2_practica_ws/install/my_messages_control/include/my_messages_control/my_messages_control/srv/detail/my_simulator_pid__functions.c
[0.904s] -- Up-to-date: /home/miguel/ros2_practica_ws/install/my_messages_control/include/my_messages_control/my_messages_control/srv/detail/my_simulator_pid__struct.h
[0.904s] -- Up-to-date: /home/miguel/ros2_practica_ws/install/my_messages_control/include/my_messages_control/my_messages_control/srv/detail/my_simulator_pid__type_support.h
[0.904s] -- Up-to-date: /home/miguel/ros2_practica_ws/install/my_messages_control/include/my_messages_control/my_messages_control/msg
[0.904s] -- Up-to-date: /home/miguel/ros2_practica_ws/install/my_messages_control/include/my_messages_control/my_messages_control/msg/rosidl_generator_c__visibility_control.h
[0.905s] -- Up-to-date: /home/miguel/ros2_practica_ws/install/my_messages_control/share/my_messages_control/environment/library_path.sh
[0.905s] -- Up-to-date: /home/miguel/ros2_practica_ws/install/my_messages_control/share/my_messages_control/environment/library_path.dsv
[0.905s] -- Up-to-date: /home/miguel/ros2_practica_ws/install/my_messages_control/lib/libmy_messages_control__rosidl_generator_c.so
[0.906s] -- Up-to-date: /home/miguel/ros2_practica_ws/install/my_messages_control/include/my_messages_control/my_messages_control
[0.906s] -- Up-to-date: /home/miguel/ros2_practica_ws/install/my_messages_control/include/my_messages_control/my_messages_control/srv
[0.907s] -- Up-to-date: /home/miguel/ros2_practica_ws/install/my_messages_control/include/my_messages_control/my_messages_control/srv/detail
[0.907s] -- Up-to-date: /home/miguel/ros2_practica_ws/install/my_messages_control/include/my_messages_control/my_messages_control/srv/detail/my_simulator_pid__rosidl_typesupport_fastrtps_c.h
[0.908s] -- Up-to-date: /home/miguel/ros2_practica_ws/install/my_messages_control/include/my_messages_control/my_messages_control/msg
[0.909s] -- Up-to-date: /home/miguel/ros2_practica_ws/install/my_messages_control/include/my_messages_control/my_messages_control/msg/rosidl_typesupport_fastrtps_c__visibility_control.h
[0.909s] -- Up-to-date: /home/miguel/ros2_practica_ws/install/my_messages_control/lib/libmy_messages_control__rosidl_typesupport_fastrtps_c.so
[0.909s] -- Up-to-date: /home/miguel/ros2_practica_ws/install/my_messages_control/include/my_messages_control/my_messages_control
[0.909s] -- Up-to-date: /home/miguel/ros2_practica_ws/install/my_messages_control/include/my_messages_control/my_messages_control/srv
[0.910s] -- Up-to-date: /home/miguel/ros2_practica_ws/install/my_messages_control/include/my_messages_control/my_messages_control/srv/detail
[0.910s] -- Up-to-date: /home/miguel/ros2_practica_ws/install/my_messages_control/include/my_messages_control/my_messages_control/srv/detail/my_simulator_pid__rosidl_typesupport_introspection_c.h
[0.910s] -- Up-to-date: /home/miguel/ros2_practica_ws/install/my_messages_control/include/my_messages_control/my_messages_control/srv/detail/my_simulator_pid__type_support.c
[0.910s] -- Up-to-date: /home/miguel/ros2_practica_ws/install/my_messages_control/include/my_messages_control/my_messages_control/msg
[0.911s] -- Up-to-date: /home/miguel/ros2_practica_ws/install/my_messages_control/include/my_messages_control/my_messages_control/msg/rosidl_typesupport_introspection_c__visibility_control.h
[0.911s] -- Up-to-date: /home/miguel/ros2_practica_ws/install/my_messages_control/lib/libmy_messages_control__rosidl_typesupport_introspection_c.so
[0.911s] -- Up-to-date: /home/miguel/ros2_practica_ws/install/my_messages_control/lib/libmy_messages_control__rosidl_typesupport_c.so
[0.912s] -- Up-to-date: /home/miguel/ros2_practica_ws/install/my_messages_control/include/my_messages_control/my_messages_control
[0.912s] -- Up-to-date: /home/miguel/ros2_practica_ws/install/my_messages_control/include/my_messages_control/my_messages_control/srv
[0.912s] -- Up-to-date: /home/miguel/ros2_practica_ws/install/my_messages_control/include/my_messages_control/my_messages_control/srv/my_simulator_pid.hpp
[0.913s] -- Up-to-date: /home/miguel/ros2_practica_ws/install/my_messages_control/include/my_messages_control/my_messages_control/srv/detail
[0.913s] -- Up-to-date: /home/miguel/ros2_practica_ws/install/my_messages_control/include/my_messages_control/my_messages_control/srv/detail/my_simulator_pid__struct.hpp
[0.913s] -- Up-to-date: /home/miguel/ros2_practica_ws/install/my_messages_control/include/my_messages_control/my_messages_control/srv/detail/my_simulator_pid__builder.hpp
[0.914s] -- Up-to-date: /home/miguel/ros2_practica_ws/install/my_messages_control/include/my_messages_control/my_messages_control/srv/detail/my_simulator_pid__traits.hpp
[0.914s] -- Up-to-date: /home/miguel/ros2_practica_ws/install/my_messages_control/include/my_messages_control/my_messages_control
[0.914s] -- Up-to-date: /home/miguel/ros2_practica_ws/install/my_messages_control/include/my_messages_control/my_messages_control/srv
[0.914s] -- Up-to-date: /home/miguel/ros2_practica_ws/install/my_messages_control/include/my_messages_control/my_messages_control/srv/detail
[0.914s] -- Up-to-date: /home/miguel/ros2_practica_ws/install/my_messages_control/include/my_messages_control/my_messages_control/srv/detail/my_simulator_pid__rosidl_typesupport_fastrtps_cpp.hpp
[0.915s] -- Up-to-date: /home/miguel/ros2_practica_ws/install/my_messages_control/include/my_messages_control/my_messages_control/srv/detail/dds_fastrtps
[0.915s] -- Up-to-date: /home/miguel/ros2_practica_ws/install/my_messages_control/include/my_messages_control/my_messages_control/msg
[0.915s] -- Up-to-date: /home/miguel/ros2_practica_ws/install/my_messages_control/include/my_messages_control/my_messages_control/msg/rosidl_typesupport_fastrtps_cpp__visibility_control.h
[0.915s] -- Up-to-date: /home/miguel/ros2_practica_ws/install/my_messages_control/lib/libmy_messages_control__rosidl_typesupport_fastrtps_cpp.so
[0.915s] -- Up-to-date: /home/miguel/ros2_practica_ws/install/my_messages_control/include/my_messages_control/my_messages_control
[0.916s] -- Up-to-date: /home/miguel/ros2_practica_ws/install/my_messages_control/include/my_messages_control/my_messages_control/srv
[0.916s] -- Up-to-date: /home/miguel/ros2_practica_ws/install/my_messages_control/include/my_messages_control/my_messages_control/srv/detail
[0.916s] -- Up-to-date: /home/miguel/ros2_practica_ws/install/my_messages_control/include/my_messages_control/my_messages_control/srv/detail/my_simulator_pid__rosidl_typesupport_introspection_cpp.hpp
[0.917s] -- Up-to-date: /home/miguel/ros2_practica_ws/install/my_messages_control/include/my_messages_control/my_messages_control/srv/detail/my_simulator_pid__type_support.cpp
[0.917s] -- Up-to-date: /home/miguel/ros2_practica_ws/install/my_messages_control/lib/libmy_messages_control__rosidl_typesupport_introspection_cpp.so
[0.917s] -- Up-to-date: /home/miguel/ros2_practica_ws/install/my_messages_control/lib/libmy_messages_control__rosidl_typesupport_cpp.so
[0.918s] -- Up-to-date: /home/miguel/ros2_practica_ws/install/my_messages_control/share/my_messages_control/environment/pythonpath.sh
[0.918s] -- Up-to-date: /home/miguel/ros2_practica_ws/install/my_messages_control/share/my_messages_control/environment/pythonpath.dsv
[0.919s] -- Up-to-date: /home/miguel/ros2_practica_ws/install/my_messages_control/local/lib/python3.10/dist-packages/my_messages_control-0.0.0-py3.10.egg-info
[0.919s] -- Installing: /home/miguel/ros2_practica_ws/install/my_messages_control/local/lib/python3.10/dist-packages/my_messages_control-0.0.0-py3.10.egg-info/PKG-INFO
[0.919s] -- Installing: /home/miguel/ros2_practica_ws/install/my_messages_control/local/lib/python3.10/dist-packages/my_messages_control-0.0.0-py3.10.egg-info/top_level.txt
[0.920s] -- Installing: /home/miguel/ros2_practica_ws/install/my_messages_control/local/lib/python3.10/dist-packages/my_messages_control-0.0.0-py3.10.egg-info/SOURCES.txt
[0.920s] -- Installing: /home/miguel/ros2_practica_ws/install/my_messages_control/local/lib/python3.10/dist-packages/my_messages_control-0.0.0-py3.10.egg-info/dependency_links.txt
[0.920s] -- Up-to-date: /home/miguel/ros2_practica_ws/install/my_messages_control/local/lib/python3.10/dist-packages/my_messages_control
[0.920s] -- Up-to-date: /home/miguel/ros2_practica_ws/install/my_messages_control/local/lib/python3.10/dist-packages/my_messages_control/_my_messages_control_s.ep.rosidl_typesupport_c.c
[0.920s] -- Up-to-date: /home/miguel/ros2_practica_ws/install/my_messages_control/local/lib/python3.10/dist-packages/my_messages_control/my_messages_control_s__rosidl_typesupport_fastrtps_c.cpython-310-x86_64-linux-gnu.so
[0.921s] -- Up-to-date: /home/miguel/ros2_practica_ws/install/my_messages_control/local/lib/python3.10/dist-packages/my_messages_control/srv
[0.921s] -- Up-to-date: /home/miguel/ros2_practica_ws/install/my_messages_control/local/lib/python3.10/dist-packages/my_messages_control/srv/_my_simulator_pid.py
[0.921s] -- Up-to-date: /home/miguel/ros2_practica_ws/install/my_messages_control/local/lib/python3.10/dist-packages/my_messages_control/srv/_my_simulator_pid_s.c
[0.921s] -- Up-to-date: /home/miguel/ros2_practica_ws/install/my_messages_control/local/lib/python3.10/dist-packages/my_messages_control/srv/__init__.py
[0.921s] -- Up-to-date: /home/miguel/ros2_practica_ws/install/my_messages_control/local/lib/python3.10/dist-packages/my_messages_control/_my_messages_control_s.ep.rosidl_typesupport_fastrtps_c.c
[0.922s] -- Up-to-date: /home/miguel/ros2_practica_ws/install/my_messages_control/local/lib/python3.10/dist-packages/my_messages_control/my_messages_control_s__rosidl_typesupport_introspection_c.cpython-310-x86_64-linux-gnu.so
[0.922s] -- Up-to-date: /home/miguel/ros2_practica_ws/install/my_messages_control/local/lib/python3.10/dist-packages/my_messages_control/libmy_messages_control__rosidl_generator_py.so
[0.922s] -- Up-to-date: /home/miguel/ros2_practica_ws/install/my_messages_control/local/lib/python3.10/dist-packages/my_messages_control/my_messages_control_s__rosidl_typesupport_c.cpython-310-x86_64-linux-gnu.so
[0.922s] -- Up-to-date: /home/miguel/ros2_practica_ws/install/my_messages_control/local/lib/python3.10/dist-packages/my_messages_control/_my_messages_control_s.ep.rosidl_typesupport_introspection_c.c
[0.922s] -- Up-to-date: /home/miguel/ros2_practica_ws/install/my_messages_control/local/lib/python3.10/dist-packages/my_messages_control/__init__.py
[0.998s] Listing '/home/miguel/ros2_practica_ws/install/my_messages_control/local/lib/python3.10/dist-packages/my_messages_control'...
[0.999s] Listing '/home/miguel/ros2_practica_ws/install/my_messages_control/local/lib/python3.10/dist-packages/my_messages_control/srv'...
[1.008s] -- Up-to-date: /home/miguel/ros2_practica_ws/install/my_messages_control/local/lib/python3.10/dist-packages/my_messages_control/my_messages_control_s__rosidl_typesupport_fastrtps_c.cpython-310-x86_64-linux-gnu.so
[1.023s] -- Up-to-date: /home/miguel/ros2_practica_ws/install/my_messages_control/local/lib/python3.10/dist-packages/my_messages_control/my_messages_control_s__rosidl_typesupport_introspection_c.cpython-310-x86_64-linux-gnu.so
[1.023s] -- Up-to-date: /home/miguel/ros2_practica_ws/install/my_messages_control/local/lib/python3.10/dist-packages/my_messages_control/my_messages_control_s__rosidl_typesupport_c.cpython-310-x86_64-linux-gnu.so
[1.027s] -- Up-to-date: /home/miguel/ros2_practica_ws/install/my_messages_control/lib/libmy_messages_control__rosidl_generator_py.so
[1.027s] -- Up-to-date: /home/miguel/ros2_practica_ws/install/my_messages_control/share/my_messages_control/srv/MySimulatorPID.idl
[1.027s] -- Up-to-date: /home/miguel/ros2_practica_ws/install/my_messages_control/share/my_messages_control/srv/MySimulatorPID.srv
[1.027s] -- Up-to-date: /home/miguel/ros2_practica_ws/install/my_messages_control/share/my_messages_control/srv/MySimulatorPID_Request.msg
[1.027s] -- Up-to-date: /home/miguel/ros2_practica_ws/install/my_messages_control/share/my_messages_control/srv/MySimulatorPID_Response.msg
[1.028s] -- Up-to-date: /home/miguel/ros2_practica_ws/install/my_messages_control/share/ament_index/resource_index/package_run_dependencies/my_messages_control
[1.028s] -- Up-to-date: /home/miguel/ros2_practica_ws/install/my_messages_control/share/ament_index/resource_index/parent_prefix_path/my_messages_control
[1.028s] -- Up-to-date: /home/miguel/ros2_practica_ws/install/my_messages_control/share/my_messages_control/environment/ament_prefix_path.sh
[1.028s] -- Up-to-date: /home/miguel/ros2_practica_ws/install/my_messages_control/share/my_messages_control/environment/ament_prefix_path.dsv
[1.028s] -- Up-to-date: /home/miguel/ros2_practica_ws/install/my_messages_control/share/my_messages_control/environment/path.sh
[1.029s] -- Up-to-date: /home/miguel/ros2_practica_ws/install/my_messages_control/share/my_messages_control/environment/path.dsv
[1.029s] -- Up-to-date: /home/miguel/ros2_practica_ws/install/my_messages_control/share/my_messages_control/local_setup.bash
[1.029s] -- Up-to-date: /home/miguel/ros2_practica_ws/install/my_messages_control/share/my_messages_control/local_setup.sh
[1.029s] -- Up-to-date: /home/miguel/ros2_practica_ws/install/my_messages_control/share/my_messages_control/local_setup.zsh
[1.029s] -- Up-to-date: /home/miguel/ros2_practica_ws/install/my_messages_control/share/my_messages_control/local_setup.dsv
[1.029s] -- Installing: /home/miguel/ros2_practica_ws/install/my_messages_control/share/my_messages_control/package.dsv
[1.030s] -- Up-to-date: /home/miguel/ros2_practica_ws/install/my_messages_control/share/ament_index/resource_index/packages/my_messages_control
[1.030s] -- Up-to-date: /home/miguel/ros2_practica_ws/install/my_messages_control/share/my_messages_control/cmake/export_my_messages_control__rosidl_generator_cExport.cmake
[1.030s] -- Up-to-date: /home/miguel/ros2_practica_ws/install/my_messages_control/share/my_messages_control/cmake/export_my_messages_control__rosidl_generator_cExport-noconfig.cmake
[1.031s] -- Up-to-date: /home/miguel/ros2_practica_ws/install/my_messages_control/share/my_messages_control/cmake/export_my_messages_control__rosidl_typesupport_fastrtps_cExport.cmake
[1.031s] -- Up-to-date: /home/miguel/ros2_practica_ws/install/my_messages_control/share/my_messages_control/cmake/export_my_messages_control__rosidl_typesupport_fastrtps_cExport-noconfig.cmake
[1.043s] -- Up-to-date: /home/miguel/ros2_practica_ws/install/my_messages_control/share/my_messages_control/cmake/my_messages_control__rosidl_typesupport_introspection_cExport.cmake
[1.043s] -- Up-to-date: /home/miguel/ros2_practica_ws/install/my_messages_control/share/my_messages_control/cmake/my_messages_control__rosidl_typesupport_introspection_cExport-noconfig.cmake
[1.043s] -- Up-to-date: /home/miguel/ros2_practica_ws/install/my_messages_control/share/my_messages_control/cmake/my_messages_control__rosidl_typesupport_cExport.cmake
[1.044s] -- Up-to-date: /home/miguel/ros2_practica_ws/install/my_messages_control/share/my_messages_control/cmake/my_messages_control__rosidl_typesupport_cExport-noconfig.cmake
[1.044s] -- Up-to-date: /home/miguel/ros2_practica_ws/install/my_messages_control/share/my_messages_control/cmake/export_my_messages_control__rosidl_generator_cppExport.cmake
[1.044s] -- Up-to-date: /home/miguel/ros2_practica_ws/install/my_messages_control/share/my_messages_control/cmake/export_my_messages_control__rosidl_typesupport_fastrtps_cppExport.cmake
[1.044s] -- Up-to-date: /home/miguel/ros2_practica_ws/install/my_messages_control/share/my_messages_control/cmake/export_my_messages_control__rosidl_typesupport_fastrtps_cppExport-noconfig.cmake
[1.045s] -- Up-to-date: /home/miguel/ros2_practica_ws/install/my_messages_control/share/my_messages_control/cmake/my_messages_control__rosidl_typesupport_introspection_cppExport.cmake
[1.045s] -- Up-to-date: /home/miguel/ros2_practica_ws/install/my_messages_control/share/my_messages_control/cmake/my_messages_control__rosidl_typesupport_introspection_cppExport-noconfig.cmake
[1.045s] -- Up-to-date: /home/miguel/ros2_practica_ws/install/my_messages_control/share/my_messages_control/cmake/my_messages_control__rosidl_typesupport_cppExport.cmake
[1.045s] -- Up-to-date: /home/miguel/ros2_practica_ws/install/my_messages_control/share/my_messages_control/cmake/my_messages_control__rosidl_typesupport_cppExport-noconfig.cmake
[1.049s] -- Up-to-date: /home/miguel/ros2_practica_ws/install/my_messages_control/share/my_messages_control/cmake/export_my_messages_control__rosidl_generator_pyExport.cmake
[1.050s] -- Up-to-date: /home/miguel/ros2_practica_ws/install/my_messages_control/share/my_messages_control/cmake/export_my_messages_control__rosidl_generator_pyExport-noconfig.cmake
[1.050s] -- Up-to-date: /home/miguel/ros2_practica_ws/install/my_messages_control/share/my_messages_control/cmake/rosidl_cmake-extras.cmake
[1.050s] -- Up-to-date: /home/miguel/ros2_practica_ws/install/my_messages_control/share/my_messages_control/cmake/ament_cmake_export_include_directories-extras.cmake
[1.050s] -- Up-to-date: /home/miguel/ros2_practica_ws/install/my_messages_control/share/my_messages_control/cmake/ament_cmake_export_libraries-extras.cmake
[1.051s] -- Up-to-date: /home/miguel/ros2_practica_ws/install/my_messages_control/share/my_messages_control/cmake/ament_cmake_export_targets-extras.cmake
[1.051s] -- Up-to-date: /home/miguel/ros2_practica_ws/install/my_messages_control/share/my_messages_control/cmake/rosidl_cmake_export_typesupport_targets-extras.cmake
[1.051s] -- Up-to-date: /home/miguel/ros2_practica_ws/install/my_messages_control/share/my_messages_control/cmake/ament_cmake_export_dependencies-extras.cmake
[1.053s] -- Up-to-date: /home/miguel/ros2_practica_ws/install/my_messages_control/share/my_messages_control/cmake/rosidl_cmake_export_typesupport_libraries-extras.cmake
[1.054s] -- Up-to-date: /home/miguel/ros2_practica_ws/install/my_messages_control/share/my_messages_control/cmake/my_messages_controlConfig.cmake
[1.054s] -- Up-to-date: /home/miguel/ros2_practica_ws/install/my_messages_control/share/my_messages_control/cmake/my_messages_controlConfig-version.cmake
[1.054s] -- Up-to-date: /home/miguel/ros2_practica_ws/install/my_messages_control/share/my_messages_control/package.xml
[1.055s] Invoked command in '/home/miguel/ros2_practica_ws/build/my_messages_control' returned '0': CMAKE_PREFIX_PATH=${CMAKE_PREFIX_PATH}:/home/miguel/ros2_practica_ws/install/my_sim_pkg:/home/miguel/ros2_practica_ws/install/my_genetic_pkg:/opt/ros/humble WSLENV=ELECTRON_RUN_AS_NODE/w:WT_SESSION:WT_PROFILE_ID: /usr/bin/cmake --install /home/miguel/ros2_practica_ws/build/my_messages_control
