[1.286s] Invoking command in '/home/miguel/ros2_practica_ws/src/sim_pkg': PYTHONPATH=/home/miguel/ros2_practica_ws/build/sim_pkg/prefix_override:/home/miguel/ros2_practica_ws/install/sim_pkg/lib/python3.10/site-packages:${PYTHONPATH} WSLENV=ELECTRON_RUN_AS_NODE/w:WT_SESSION:WT_PROFILE_ID: /usr/bin/python3 -W ignore:setup.py install is deprecated setup.py egg_info --egg-base ../../build/sim_pkg build --build-base /home/miguel/ros2_practica_ws/build/sim_pkg/build install --record /home/miguel/ros2_practica_ws/build/sim_pkg/install.log --single-version-externally-managed install_data
[1.808s] running egg_info
[1.809s] writing ../../build/sim_pkg/sim_pkg.egg-info/PKG-INFO
[1.810s] writing dependency_links to ../../build/sim_pkg/sim_pkg.egg-info/dependency_links.txt
[1.810s] writing entry points to ../../build/sim_pkg/sim_pkg.egg-info/entry_points.txt
[1.811s] writing requirements to ../../build/sim_pkg/sim_pkg.egg-info/requires.txt
[1.811s] writing top-level names to ../../build/sim_pkg/sim_pkg.egg-info/top_level.txt
[1.814s] reading manifest file '../../build/sim_pkg/sim_pkg.egg-info/SOURCES.txt'
[1.817s] writing manifest file '../../build/sim_pkg/sim_pkg.egg-info/SOURCES.txt'
[1.818s] running build
[1.818s] running build_py
[1.820s] running install
[1.820s] running install_lib
[1.824s] running install_data
[1.824s] copying launch/sim_srv.launch.py -> /home/miguel/ros2_practica_ws/install/sim_pkg/share/sim_pkg
[1.825s] running install_egg_info
[1.828s] removing '/home/miguel/ros2_practica_ws/install/sim_pkg/lib/python3.10/site-packages/sim_pkg-0.0.0-py3.10.egg-info' (and everything under it)
[1.829s] Copying ../../build/sim_pkg/sim_pkg.egg-info to /home/miguel/ros2_practica_ws/install/sim_pkg/lib/python3.10/site-packages/sim_pkg-0.0.0-py3.10.egg-info
[1.832s] running install_scripts
[1.864s] Installing simulator script to /home/miguel/ros2_practica_ws/install/sim_pkg/lib/sim_pkg
[1.865s] writing list of installed files to '/home/miguel/ros2_practica_ws/build/sim_pkg/install.log'
[1.909s] Invoked command in '/home/miguel/ros2_practica_ws/src/sim_pkg' returned '0': PYTHONPATH=/home/miguel/ros2_practica_ws/build/sim_pkg/prefix_override:/home/miguel/ros2_practica_ws/install/sim_pkg/lib/python3.10/site-packages:${PYTHONPATH} WSLENV=ELECTRON_RUN_AS_NODE/w:WT_SESSION:WT_PROFILE_ID: /usr/bin/python3 -W ignore:setup.py install is deprecated setup.py egg_info --egg-base ../../build/sim_pkg build --build-base /home/miguel/ros2_practica_ws/build/sim_pkg/build install --record /home/miguel/ros2_practica_ws/build/sim_pkg/install.log --single-version-externally-managed install_data
