[0.030s] Invoking command in '/home/miguel/ros2_practica_ws/build/my_messages_control': CMAKE_PREFIX_PATH=/opt/ros/humble WSLENV=ELECTRON_RUN_AS_NODE/w:WT_SESSION:WT_PROFILE_ID: /usr/bin/cmake --build /home/miguel/ros2_practica_ws/build/my_messages_control -- -j4 -l4
[0.118s] -- Found ament_cmake: 1.3.8 (/opt/ros/humble/share/ament_cmake/cmake)
[0.398s] -- Found ament_lint_auto: 0.12.10 (/opt/ros/humble/share/ament_lint_auto/cmake)
[0.509s] -- Found rosidl_default_generators: 1.2.0 (/opt/ros/humble/share/rosidl_default_generators/cmake)
[0.519s] -- Using all available rosidl_typesupport_c: rosidl_typesupport_fastrtps_c;rosidl_typesupport_introspection_c
[0.531s] -- Found rosidl_adapter: 3.1.5 (/opt/ros/humble/share/rosidl_adapter/cmake)
[0.783s] -- Using all available rosidl_typesupport_cpp: rosidl_typesupport_fastrtps_cpp;rosidl_typesupport_introspection_cpp
[1.148s] -- Found ament_cmake_ros: 0.10.0 (/opt/ros/humble/share/ament_cmake_ros/cmake)
[1.427s] -- Using all available rosidl_typesupport_c: rosidl_typesupport_fastrtps_c;rosidl_typesupport_introspection_c
[1.783s] -- Using all available rosidl_typesupport_cpp: rosidl_typesupport_fastrtps_cpp;rosidl_typesupport_introspection_cpp
[1.815s] -- Found python_cmake_module: 0.10.0 (/opt/ros/humble/share/python_cmake_module/cmake)
[1.856s] -- Using PYTHON_EXECUTABLE: /usr/bin/python3
[1.856s] -- Using PYTHON_INCLUDE_DIRS: /usr/include/python3.10
[1.856s] -- Using PYTHON_LIBRARIES: /usr/lib/x86_64-linux-gnu/libpython3.10.so
[1.887s] -- Added test 'lint_cmake' to check CMake code style
[1.890s] -- Added test 'xmllint' to check XML markup files
[1.906s] -- Configuring done
[2.045s] -- Generating done
[2.051s] -- Build files have been written to: /home/miguel/ros2_practica_ws/build/my_messages_control
[2.098s] [35m[1mConsolidate compiler generated dependencies of target my_messages_control__rosidl_generator_c[0m
[2.115s] [  3%] Built target my_messages_control__cpp
[2.134s] [ 12%] Built target my_messages_control__rosidl_generator_c
[2.150s] [35m[1mConsolidate compiler generated dependencies of target my_messages_control__rosidl_typesupport_introspection_cpp[0m
[2.151s] [35m[1mConsolidate compiler generated dependencies of target my_messages_control__rosidl_typesupport_fastrtps_cpp[0m
[2.155s] [35m[1mConsolidate compiler generated dependencies of target my_messages_control__rosidl_typesupport_cpp[0m
[2.168s] [ 12%] Built target ament_cmake_python_copy_my_messages_control
[2.186s] [ 32%] Built target my_messages_control__rosidl_typesupport_cpp
[2.186s] [ 32%] Built target my_messages_control__rosidl_typesupport_introspection_cpp
[2.192s] [35m[1mConsolidate compiler generated dependencies of target my_messages_control__rosidl_typesupport_fastrtps_c[0m
[2.205s] [ 41%] Built target my_messages_control__rosidl_typesupport_fastrtps_cpp
[2.207s] [35m[1mConsolidate compiler generated dependencies of target my_messages_control__rosidl_typesupport_introspection_c[0m
[2.223s] [35m[1mConsolidate compiler generated dependencies of target my_messages_control__rosidl_typesupport_c[0m
[2.224s] [ 51%] Built target my_messages_control__rosidl_typesupport_fastrtps_c
[2.231s] [ 61%] Built target my_messages_control__rosidl_typesupport_introspection_c
[2.245s] [ 70%] Built target my_messages_control__rosidl_typesupport_c
[2.278s] [ 70%] Built target my_messages_control
[2.375s] [ 74%] Built target my_messages_control__py
[2.499s] [35m[1mConsolidate compiler generated dependencies of target my_messages_control__rosidl_generator_py[0m
[2.531s] [ 80%] Built target my_messages_control__rosidl_generator_py
[2.561s] [35m[1mConsolidate compiler generated dependencies of target my_messages_control__rosidl_typesupport_introspection_c__pyext[0m
[2.561s] [35m[1mConsolidate compiler generated dependencies of target my_messages_control__rosidl_typesupport_fastrtps_c__pyext[0m
[2.581s] [35m[1mConsolidate compiler generated dependencies of target my_messages_control__rosidl_typesupport_c__pyext[0m
[2.584s] [ 87%] Built target my_messages_control__rosidl_typesupport_introspection_c__pyext
[2.590s] [ 93%] Built target my_messages_control__rosidl_typesupport_fastrtps_c__pyext
[2.602s] [100%] Built target my_messages_control__rosidl_typesupport_c__pyext
[3.103s] running egg_info
[3.105s] writing my_messages_control.egg-info/PKG-INFO
[3.107s] writing dependency_links to my_messages_control.egg-info/dependency_links.txt
[3.107s] writing top-level names to my_messages_control.egg-info/top_level.txt
[3.116s] reading manifest file 'my_messages_control.egg-info/SOURCES.txt'
[3.117s] writing manifest file 'my_messages_control.egg-info/SOURCES.txt'
[3.185s] [100%] Built target ament_cmake_python_build_my_messages_control_egg
[3.202s] Invoked command in '/home/miguel/ros2_practica_ws/build/my_messages_control' returned '0': CMAKE_PREFIX_PATH=/opt/ros/humble WSLENV=ELECTRON_RUN_AS_NODE/w:WT_SESSION:WT_PROFILE_ID: /usr/bin/cmake --build /home/miguel/ros2_practica_ws/build/my_messages_control -- -j4 -l4
[3.316s] Invoking command in '/home/miguel/ros2_practica_ws/build/my_messages_control': CMAKE_PREFIX_PATH=/opt/ros/humble WSLENV=ELECTRON_RUN_AS_NODE/w:WT_SESSION:WT_PROFILE_ID: /usr/bin/cmake --install /home/miguel/ros2_practica_ws/build/my_messages_control
[3.332s] -- Install configuration: ""
[3.337s] -- Up-to-date: /home/miguel/ros2_practica_ws/install/my_messages_control/share/ament_index/resource_index/rosidl_interfaces/my_messages_control
[3.337s] -- Up-to-date: /home/miguel/ros2_practica_ws/install/my_messages_control/include/my_messages_control/my_messages_control
[3.338s] -- Up-to-date: /home/miguel/ros2_practica_ws/install/my_messages_control/include/my_messages_control/my_messages_control/srv
[3.338s] -- Up-to-date: /home/miguel/ros2_practica_ws/install/my_messages_control/include/my_messages_control/my_messages_control/srv/my_simulator_pid.h
[3.338s] -- Up-to-date: /home/miguel/ros2_practica_ws/install/my_messages_control/include/my_messages_control/my_messages_control/srv/detail
[3.338s] -- Up-to-date: /home/miguel/ros2_practica_ws/install/my_messages_control/include/my_messages_control/my_messages_control/srv/detail/my_simulator_pid__functions.h
[3.338s] -- Up-to-date: /home/miguel/ros2_practica_ws/install/my_messages_control/include/my_messages_control/my_messages_control/srv/detail/my_simulator_pid__functions.c
[3.339s] -- Up-to-date: /home/miguel/ros2_practica_ws/install/my_messages_control/include/my_messages_control/my_messages_control/srv/detail/my_simulator_pid__struct.h
[3.339s] -- Up-to-date: /home/miguel/ros2_practica_ws/install/my_messages_control/include/my_messages_control/my_messages_control/srv/detail/my_simulator_pid__type_support.h
[3.339s] -- Up-to-date: /home/miguel/ros2_practica_ws/install/my_messages_control/include/my_messages_control/my_messages_control/msg
[3.339s] -- Up-to-date: /home/miguel/ros2_practica_ws/install/my_messages_control/include/my_messages_control/my_messages_control/msg/rosidl_generator_c__visibility_control.h
[3.339s] -- Up-to-date: /home/miguel/ros2_practica_ws/install/my_messages_control/share/my_messages_control/environment/library_path.sh
[3.339s] -- Installing: /home/miguel/ros2_practica_ws/install/my_messages_control/share/my_messages_control/environment/library_path.dsv
[3.354s] -- Up-to-date: /home/miguel/ros2_practica_ws/install/my_messages_control/lib/libmy_messages_control__rosidl_generator_c.so
[3.354s] -- Up-to-date: /home/miguel/ros2_practica_ws/install/my_messages_control/include/my_messages_control/my_messages_control
[3.354s] -- Up-to-date: /home/miguel/ros2_practica_ws/install/my_messages_control/include/my_messages_control/my_messages_control/srv
[3.355s] -- Up-to-date: /home/miguel/ros2_practica_ws/install/my_messages_control/include/my_messages_control/my_messages_control/srv/detail
[3.355s] -- Up-to-date: /home/miguel/ros2_practica_ws/install/my_messages_control/include/my_messages_control/my_messages_control/srv/detail/my_simulator_pid__rosidl_typesupport_fastrtps_c.h
[3.355s] -- Up-to-date: /home/miguel/ros2_practica_ws/install/my_messages_control/include/my_messages_control/my_messages_control/msg
[3.355s] -- Up-to-date: /home/miguel/ros2_practica_ws/install/my_messages_control/include/my_messages_control/my_messages_control/msg/rosidl_typesupport_fastrtps_c__visibility_control.h
[3.359s] -- Up-to-date: /home/miguel/ros2_practica_ws/install/my_messages_control/lib/libmy_messages_control__rosidl_typesupport_fastrtps_c.so
[3.359s] -- Up-to-date: /home/miguel/ros2_practica_ws/install/my_messages_control/include/my_messages_control/my_messages_control
[3.360s] -- Up-to-date: /home/miguel/ros2_practica_ws/install/my_messages_control/include/my_messages_control/my_messages_control/srv
[3.360s] -- Up-to-date: /home/miguel/ros2_practica_ws/install/my_messages_control/include/my_messages_control/my_messages_control/srv/detail
[3.360s] -- Up-to-date: /home/miguel/ros2_practica_ws/install/my_messages_control/include/my_messages_control/my_messages_control/srv/detail/my_simulator_pid__rosidl_typesupport_introspection_c.h
[3.360s] -- Up-to-date: /home/miguel/ros2_practica_ws/install/my_messages_control/include/my_messages_control/my_messages_control/srv/detail/my_simulator_pid__type_support.c
[3.360s] -- Up-to-date: /home/miguel/ros2_practica_ws/install/my_messages_control/include/my_messages_control/my_messages_control/msg
[3.361s] -- Up-to-date: /home/miguel/ros2_practica_ws/install/my_messages_control/include/my_messages_control/my_messages_control/msg/rosidl_typesupport_introspection_c__visibility_control.h
[3.371s] -- Up-to-date: /home/miguel/ros2_practica_ws/install/my_messages_control/lib/libmy_messages_control__rosidl_typesupport_introspection_c.so
[3.372s] -- Up-to-date: /home/miguel/ros2_practica_ws/install/my_messages_control/lib/libmy_messages_control__rosidl_typesupport_c.so
[3.373s] -- Up-to-date: /home/miguel/ros2_practica_ws/install/my_messages_control/include/my_messages_control/my_messages_control
[3.373s] -- Up-to-date: /home/miguel/ros2_practica_ws/install/my_messages_control/include/my_messages_control/my_messages_control/srv
[3.373s] -- Up-to-date: /home/miguel/ros2_practica_ws/install/my_messages_control/include/my_messages_control/my_messages_control/srv/my_simulator_pid.hpp
[3.373s] -- Up-to-date: /home/miguel/ros2_practica_ws/install/my_messages_control/include/my_messages_control/my_messages_control/srv/detail
[3.374s] -- Up-to-date: /home/miguel/ros2_practica_ws/install/my_messages_control/include/my_messages_control/my_messages_control/srv/detail/my_simulator_pid__struct.hpp
[3.374s] -- Up-to-date: /home/miguel/ros2_practica_ws/install/my_messages_control/include/my_messages_control/my_messages_control/srv/detail/my_simulator_pid__builder.hpp
[3.374s] -- Up-to-date: /home/miguel/ros2_practica_ws/install/my_messages_control/include/my_messages_control/my_messages_control/srv/detail/my_simulator_pid__traits.hpp
[3.374s] -- Up-to-date: /home/miguel/ros2_practica_ws/install/my_messages_control/include/my_messages_control/my_messages_control
[3.375s] -- Up-to-date: /home/miguel/ros2_practica_ws/install/my_messages_control/include/my_messages_control/my_messages_control/srv
[3.375s] -- Up-to-date: /home/miguel/ros2_practica_ws/install/my_messages_control/include/my_messages_control/my_messages_control/srv/detail
[3.375s] -- Up-to-date: /home/miguel/ros2_practica_ws/install/my_messages_control/include/my_messages_control/my_messages_control/srv/detail/my_simulator_pid__rosidl_typesupport_fastrtps_cpp.hpp
[3.375s] -- Up-to-date: /home/miguel/ros2_practica_ws/install/my_messages_control/include/my_messages_control/my_messages_control/srv/detail/dds_fastrtps
[3.376s] -- Up-to-date: /home/miguel/ros2_practica_ws/install/my_messages_control/include/my_messages_control/my_messages_control/msg
[3.376s] -- Up-to-date: /home/miguel/ros2_practica_ws/install/my_messages_control/include/my_messages_control/my_messages_control/msg/rosidl_typesupport_fastrtps_cpp__visibility_control.h
[3.384s] -- Up-to-date: /home/miguel/ros2_practica_ws/install/my_messages_control/lib/libmy_messages_control__rosidl_typesupport_fastrtps_cpp.so
[3.384s] -- Up-to-date: /home/miguel/ros2_practica_ws/install/my_messages_control/include/my_messages_control/my_messages_control
[3.384s] -- Up-to-date: /home/miguel/ros2_practica_ws/install/my_messages_control/include/my_messages_control/my_messages_control/srv
[3.385s] -- Up-to-date: /home/miguel/ros2_practica_ws/install/my_messages_control/include/my_messages_control/my_messages_control/srv/detail
[3.385s] -- Up-to-date: /home/miguel/ros2_practica_ws/install/my_messages_control/include/my_messages_control/my_messages_control/srv/detail/my_simulator_pid__rosidl_typesupport_introspection_cpp.hpp
[3.385s] -- Up-to-date: /home/miguel/ros2_practica_ws/install/my_messages_control/include/my_messages_control/my_messages_control/srv/detail/my_simulator_pid__type_support.cpp
[3.398s] -- Up-to-date: /home/miguel/ros2_practica_ws/install/my_messages_control/lib/libmy_messages_control__rosidl_typesupport_introspection_cpp.so
[3.402s] -- Up-to-date: /home/miguel/ros2_practica_ws/install/my_messages_control/lib/libmy_messages_control__rosidl_typesupport_cpp.so
[3.402s] -- Up-to-date: /home/miguel/ros2_practica_ws/install/my_messages_control/share/my_messages_control/environment/pythonpath.sh
[3.402s] -- Installing: /home/miguel/ros2_practica_ws/install/my_messages_control/share/my_messages_control/environment/pythonpath.dsv
[3.403s] -- Up-to-date: /home/miguel/ros2_practica_ws/install/my_messages_control/local/lib/python3.10/dist-packages/my_messages_control-0.0.0-py3.10.egg-info
[3.403s] -- Installing: /home/miguel/ros2_practica_ws/install/my_messages_control/local/lib/python3.10/dist-packages/my_messages_control-0.0.0-py3.10.egg-info/PKG-INFO
[3.403s] -- Installing: /home/miguel/ros2_practica_ws/install/my_messages_control/local/lib/python3.10/dist-packages/my_messages_control-0.0.0-py3.10.egg-info/top_level.txt
[3.403s] -- Installing: /home/miguel/ros2_practica_ws/install/my_messages_control/local/lib/python3.10/dist-packages/my_messages_control-0.0.0-py3.10.egg-info/SOURCES.txt
[3.404s] -- Installing: /home/miguel/ros2_practica_ws/install/my_messages_control/local/lib/python3.10/dist-packages/my_messages_control-0.0.0-py3.10.egg-info/dependency_links.txt
[3.404s] -- Up-to-date: /home/miguel/ros2_practica_ws/install/my_messages_control/local/lib/python3.10/dist-packages/my_messages_control
[3.404s] -- Up-to-date: /home/miguel/ros2_practica_ws/install/my_messages_control/local/lib/python3.10/dist-packages/my_messages_control/_my_messages_control_s.ep.rosidl_typesupport_c.c
[3.404s] -- Up-to-date: /home/miguel/ros2_practica_ws/install/my_messages_control/local/lib/python3.10/dist-packages/my_messages_control/my_messages_control_s__rosidl_typesupport_fastrtps_c.cpython-310-x86_64-linux-gnu.so
[3.405s] -- Up-to-date: /home/miguel/ros2_practica_ws/install/my_messages_control/local/lib/python3.10/dist-packages/my_messages_control/srv
[3.405s] -- Up-to-date: /home/miguel/ros2_practica_ws/install/my_messages_control/local/lib/python3.10/dist-packages/my_messages_control/srv/_my_simulator_pid.py
[3.405s] -- Up-to-date: /home/miguel/ros2_practica_ws/install/my_messages_control/local/lib/python3.10/dist-packages/my_messages_control/srv/_my_simulator_pid_s.c
[3.405s] -- Up-to-date: /home/miguel/ros2_practica_ws/install/my_messages_control/local/lib/python3.10/dist-packages/my_messages_control/srv/__init__.py
[3.405s] -- Up-to-date: /home/miguel/ros2_practica_ws/install/my_messages_control/local/lib/python3.10/dist-packages/my_messages_control/_my_messages_control_s.ep.rosidl_typesupport_fastrtps_c.c
[3.406s] -- Up-to-date: /home/miguel/ros2_practica_ws/install/my_messages_control/local/lib/python3.10/dist-packages/my_messages_control/my_messages_control_s__rosidl_typesupport_introspection_c.cpython-310-x86_64-linux-gnu.so
[3.406s] -- Up-to-date: /home/miguel/ros2_practica_ws/install/my_messages_control/local/lib/python3.10/dist-packages/my_messages_control/libmy_messages_control__rosidl_generator_py.so
[3.406s] -- Up-to-date: /home/miguel/ros2_practica_ws/install/my_messages_control/local/lib/python3.10/dist-packages/my_messages_control/my_messages_control_s__rosidl_typesupport_c.cpython-310-x86_64-linux-gnu.so
[3.406s] -- Up-to-date: /home/miguel/ros2_practica_ws/install/my_messages_control/local/lib/python3.10/dist-packages/my_messages_control/_my_messages_control_s.ep.rosidl_typesupport_introspection_c.c
[3.407s] -- Installing: /home/miguel/ros2_practica_ws/install/my_messages_control/local/lib/python3.10/dist-packages/my_messages_control/__init__.py
[3.530s] Listing '/home/miguel/ros2_practica_ws/install/my_messages_control/local/lib/python3.10/dist-packages/my_messages_control'...
[3.530s] Compiling '/home/miguel/ros2_practica_ws/install/my_messages_control/local/lib/python3.10/dist-packages/my_messages_control/__init__.py'...
[3.530s] Listing '/home/miguel/ros2_practica_ws/install/my_messages_control/local/lib/python3.10/dist-packages/my_messages_control/srv'...
[3.550s] -- Up-to-date: /home/miguel/ros2_practica_ws/install/my_messages_control/local/lib/python3.10/dist-packages/my_messages_control/my_messages_control_s__rosidl_typesupport_fastrtps_c.cpython-310-x86_64-linux-gnu.so
[3.554s] -- Up-to-date: /home/miguel/ros2_practica_ws/install/my_messages_control/local/lib/python3.10/dist-packages/my_messages_control/my_messages_control_s__rosidl_typesupport_introspection_c.cpython-310-x86_64-linux-gnu.so
[3.557s] -- Up-to-date: /home/miguel/ros2_practica_ws/install/my_messages_control/local/lib/python3.10/dist-packages/my_messages_control/my_messages_control_s__rosidl_typesupport_c.cpython-310-x86_64-linux-gnu.so
[3.560s] -- Up-to-date: /home/miguel/ros2_practica_ws/install/my_messages_control/lib/libmy_messages_control__rosidl_generator_py.so
[3.564s] -- Up-to-date: /home/miguel/ros2_practica_ws/install/my_messages_control/share/my_messages_control/srv/MySimulatorPID.idl
[3.564s] -- Up-to-date: /home/miguel/ros2_practica_ws/install/my_messages_control/share/my_messages_control/srv/MySimulatorPID.srv
[3.564s] -- Up-to-date: /home/miguel/ros2_practica_ws/install/my_messages_control/share/my_messages_control/srv/MySimulatorPID_Request.msg
[3.565s] -- Up-to-date: /home/miguel/ros2_practica_ws/install/my_messages_control/share/my_messages_control/srv/MySimulatorPID_Response.msg
[3.565s] -- Up-to-date: /home/miguel/ros2_practica_ws/install/my_messages_control/share/ament_index/resource_index/package_run_dependencies/my_messages_control
[3.565s] -- Up-to-date: /home/miguel/ros2_practica_ws/install/my_messages_control/share/ament_index/resource_index/parent_prefix_path/my_messages_control
[3.565s] -- Up-to-date: /home/miguel/ros2_practica_ws/install/my_messages_control/share/my_messages_control/environment/ament_prefix_path.sh
[3.565s] -- Installing: /home/miguel/ros2_practica_ws/install/my_messages_control/share/my_messages_control/environment/ament_prefix_path.dsv
[3.566s] -- Up-to-date: /home/miguel/ros2_practica_ws/install/my_messages_control/share/my_messages_control/environment/path.sh
[3.566s] -- Installing: /home/miguel/ros2_practica_ws/install/my_messages_control/share/my_messages_control/environment/path.dsv
[3.566s] -- Up-to-date: /home/miguel/ros2_practica_ws/install/my_messages_control/share/my_messages_control/local_setup.bash
[3.567s] -- Up-to-date: /home/miguel/ros2_practica_ws/install/my_messages_control/share/my_messages_control/local_setup.sh
[3.567s] -- Up-to-date: /home/miguel/ros2_practica_ws/install/my_messages_control/share/my_messages_control/local_setup.zsh
[3.568s] -- Installing: /home/miguel/ros2_practica_ws/install/my_messages_control/share/my_messages_control/local_setup.dsv
[3.568s] -- Installing: /home/miguel/ros2_practica_ws/install/my_messages_control/share/my_messages_control/package.dsv
[3.568s] -- Up-to-date: /home/miguel/ros2_practica_ws/install/my_messages_control/share/ament_index/resource_index/packages/my_messages_control
[3.572s] -- Up-to-date: /home/miguel/ros2_practica_ws/install/my_messages_control/share/my_messages_control/cmake/export_my_messages_control__rosidl_generator_cExport.cmake
[3.572s] -- Up-to-date: /home/miguel/ros2_practica_ws/install/my_messages_control/share/my_messages_control/cmake/export_my_messages_control__rosidl_generator_cExport-noconfig.cmake
[3.573s] -- Up-to-date: /home/miguel/ros2_practica_ws/install/my_messages_control/share/my_messages_control/cmake/export_my_messages_control__rosidl_typesupport_fastrtps_cExport.cmake
[3.574s] -- Up-to-date: /home/miguel/ros2_practica_ws/install/my_messages_control/share/my_messages_control/cmake/export_my_messages_control__rosidl_typesupport_fastrtps_cExport-noconfig.cmake
[3.575s] -- Up-to-date: /home/miguel/ros2_practica_ws/install/my_messages_control/share/my_messages_control/cmake/my_messages_control__rosidl_typesupport_introspection_cExport.cmake
[3.575s] -- Up-to-date: /home/miguel/ros2_practica_ws/install/my_messages_control/share/my_messages_control/cmake/my_messages_control__rosidl_typesupport_introspection_cExport-noconfig.cmake
[3.576s] -- Up-to-date: /home/miguel/ros2_practica_ws/install/my_messages_control/share/my_messages_control/cmake/my_messages_control__rosidl_typesupport_cExport.cmake
[3.576s] -- Up-to-date: /home/miguel/ros2_practica_ws/install/my_messages_control/share/my_messages_control/cmake/my_messages_control__rosidl_typesupport_cExport-noconfig.cmake
[3.577s] -- Up-to-date: /home/miguel/ros2_practica_ws/install/my_messages_control/share/my_messages_control/cmake/export_my_messages_control__rosidl_generator_cppExport.cmake
[3.584s] -- Up-to-date: /home/miguel/ros2_practica_ws/install/my_messages_control/share/my_messages_control/cmake/export_my_messages_control__rosidl_typesupport_fastrtps_cppExport.cmake
[3.584s] -- Up-to-date: /home/miguel/ros2_practica_ws/install/my_messages_control/share/my_messages_control/cmake/export_my_messages_control__rosidl_typesupport_fastrtps_cppExport-noconfig.cmake
[3.585s] -- Up-to-date: /home/miguel/ros2_practica_ws/install/my_messages_control/share/my_messages_control/cmake/my_messages_control__rosidl_typesupport_introspection_cppExport.cmake
[3.585s] -- Up-to-date: /home/miguel/ros2_practica_ws/install/my_messages_control/share/my_messages_control/cmake/my_messages_control__rosidl_typesupport_introspection_cppExport-noconfig.cmake
[3.586s] -- Up-to-date: /home/miguel/ros2_practica_ws/install/my_messages_control/share/my_messages_control/cmake/my_messages_control__rosidl_typesupport_cppExport.cmake
[3.587s] -- Up-to-date: /home/miguel/ros2_practica_ws/install/my_messages_control/share/my_messages_control/cmake/my_messages_control__rosidl_typesupport_cppExport-noconfig.cmake
[3.589s] -- Up-to-date: /home/miguel/ros2_practica_ws/install/my_messages_control/share/my_messages_control/cmake/export_my_messages_control__rosidl_generator_pyExport.cmake
[3.589s] -- Up-to-date: /home/miguel/ros2_practica_ws/install/my_messages_control/share/my_messages_control/cmake/export_my_messages_control__rosidl_generator_pyExport-noconfig.cmake
[3.592s] -- Up-to-date: /home/miguel/ros2_practica_ws/install/my_messages_control/share/my_messages_control/cmake/rosidl_cmake-extras.cmake
[3.593s] -- Up-to-date: /home/miguel/ros2_practica_ws/install/my_messages_control/share/my_messages_control/cmake/ament_cmake_export_include_directories-extras.cmake
[3.596s] -- Up-to-date: /home/miguel/ros2_practica_ws/install/my_messages_control/share/my_messages_control/cmake/ament_cmake_export_libraries-extras.cmake
[3.596s] -- Up-to-date: /home/miguel/ros2_practica_ws/install/my_messages_control/share/my_messages_control/cmake/ament_cmake_export_targets-extras.cmake
[3.596s] -- Up-to-date: /home/miguel/ros2_practica_ws/install/my_messages_control/share/my_messages_control/cmake/rosidl_cmake_export_typesupport_targets-extras.cmake
[3.597s] -- Up-to-date: /home/miguel/ros2_practica_ws/install/my_messages_control/share/my_messages_control/cmake/ament_cmake_export_dependencies-extras.cmake
[3.599s] -- Up-to-date: /home/miguel/ros2_practica_ws/install/my_messages_control/share/my_messages_control/cmake/rosidl_cmake_export_typesupport_libraries-extras.cmake
[3.599s] -- Up-to-date: /home/miguel/ros2_practica_ws/install/my_messages_control/share/my_messages_control/cmake/my_messages_controlConfig.cmake
[3.600s] -- Up-to-date: /home/miguel/ros2_practica_ws/install/my_messages_control/share/my_messages_control/cmake/my_messages_controlConfig-version.cmake
[3.600s] -- Installing: /home/miguel/ros2_practica_ws/install/my_messages_control/share/my_messages_control/package.xml
[3.600s] Invoked command in '/home/miguel/ros2_practica_ws/build/my_messages_control' returned '0': CMAKE_PREFIX_PATH=/opt/ros/humble WSLENV=ELECTRON_RUN_AS_NODE/w:WT_SESSION:WT_PROFILE_ID: /usr/bin/cmake --install /home/miguel/ros2_practica_ws/build/my_messages_control
