[1.387s] Invoking command in '/home/miguel/ros2_practica_ws/src/my_genetic_pkg': PYTHONPATH=/home/miguel/ros2_practica_ws/build/my_genetic_pkg/prefix_override:/home/miguel/ros2_practica_ws/install/my_genetic_pkg/lib/python3.10/site-packages:${PYTHONPATH} WSLENV=ELECTRON_RUN_AS_NODE/w:WT_SESSION:WT_PROFILE_ID: /usr/bin/python3 -W ignore:setup.py install is deprecated setup.py egg_info --egg-base ../../build/my_genetic_pkg build --build-base /home/miguel/ros2_practica_ws/build/my_genetic_pkg/build install --record /home/miguel/ros2_practica_ws/build/my_genetic_pkg/install.log --single-version-externally-managed install_data
[1.848s] running egg_info
[1.849s] writing ../../build/my_genetic_pkg/my_genetic_pkg.egg-info/PKG-INFO
[1.849s] writing dependency_links to ../../build/my_genetic_pkg/my_genetic_pkg.egg-info/dependency_links.txt
[1.850s] writing entry points to ../../build/my_genetic_pkg/my_genetic_pkg.egg-info/entry_points.txt
[1.850s] writing requirements to ../../build/my_genetic_pkg/my_genetic_pkg.egg-info/requires.txt
[1.850s] writing top-level names to ../../build/my_genetic_pkg/my_genetic_pkg.egg-info/top_level.txt
[1.853s] reading manifest file '../../build/my_genetic_pkg/my_genetic_pkg.egg-info/SOURCES.txt'
[1.854s] adding license file 'LICENSE'
[1.855s] writing manifest file '../../build/my_genetic_pkg/my_genetic_pkg.egg-info/SOURCES.txt'
[1.855s] running build
[1.855s] running build_py
[1.856s] copying my_genetic_pkg/my_genetic_node.py -> /home/miguel/ros2_practica_ws/build/my_genetic_pkg/build/lib/my_genetic_pkg
[1.856s] running install
[1.857s] running install_lib
[1.859s] copying /home/miguel/ros2_practica_ws/build/my_genetic_pkg/build/lib/my_genetic_pkg/my_genetic_node.py -> /home/miguel/ros2_practica_ws/install/my_genetic_pkg/lib/python3.10/site-packages/my_genetic_pkg
[1.860s] byte-compiling /home/miguel/ros2_practica_ws/install/my_genetic_pkg/lib/python3.10/site-packages/my_genetic_pkg/my_genetic_node.py to my_genetic_node.cpython-310.pyc
[1.861s] running install_data
[1.861s] running install_egg_info
[1.864s] removing '/home/miguel/ros2_practica_ws/install/my_genetic_pkg/lib/python3.10/site-packages/my_genetic_pkg-0.0.0-py3.10.egg-info' (and everything under it)
[1.865s] Copying ../../build/my_genetic_pkg/my_genetic_pkg.egg-info to /home/miguel/ros2_practica_ws/install/my_genetic_pkg/lib/python3.10/site-packages/my_genetic_pkg-0.0.0-py3.10.egg-info
[1.867s] running install_scripts
[1.895s] Installing genetic script to /home/miguel/ros2_practica_ws/install/my_genetic_pkg/lib/my_genetic_pkg
[1.896s] writing list of installed files to '/home/miguel/ros2_practica_ws/build/my_genetic_pkg/install.log'
[1.946s] Invoked command in '/home/miguel/ros2_practica_ws/src/my_genetic_pkg' returned '0': PYTHONPATH=/home/miguel/ros2_practica_ws/build/my_genetic_pkg/prefix_override:/home/miguel/ros2_practica_ws/install/my_genetic_pkg/lib/python3.10/site-packages:${PYTHONPATH} WSLENV=ELECTRON_RUN_AS_NODE/w:WT_SESSION:WT_PROFILE_ID: /usr/bin/python3 -W ignore:setup.py install is deprecated setup.py egg_info --egg-base ../../build/my_genetic_pkg build --build-base /home/miguel/ros2_practica_ws/build/my_genetic_pkg/build install --record /home/miguel/ros2_practica_ws/build/my_genetic_pkg/install.log --single-version-externally-managed install_data
