[1.735s] Invoking command in '/home/miguel/ros2_practica_ws/src/sim_pkg': PYTHONPATH=/home/miguel/ros2_practica_ws/build/sim_pkg/prefix_override:/home/miguel/ros2_practica_ws/install/sim_pkg/lib/python3.10/site-packages:${PYTHONPATH} WSLENV=ELECTRON_RUN_AS_NODE/w:WT_SESSION:WT_PROFILE_ID: /usr/bin/python3 -W ignore:setup.py install is deprecated setup.py egg_info --egg-base ../../build/sim_pkg build --build-base /home/miguel/ros2_practica_ws/build/sim_pkg/build install --record /home/miguel/ros2_practica_ws/build/sim_pkg/install.log --single-version-externally-managed install_data
[2.357s] running egg_info
[2.358s] writing ../../build/sim_pkg/sim_pkg.egg-info/PKG-INFO
[2.358s] writing dependency_links to ../../build/sim_pkg/sim_pkg.egg-info/dependency_links.txt
[2.359s] writing entry points to ../../build/sim_pkg/sim_pkg.egg-info/entry_points.txt
[2.359s] writing requirements to ../../build/sim_pkg/sim_pkg.egg-info/requires.txt
[2.360s] writing top-level names to ../../build/sim_pkg/sim_pkg.egg-info/top_level.txt
[2.363s] reading manifest file '../../build/sim_pkg/sim_pkg.egg-info/SOURCES.txt'
[2.365s] writing manifest file '../../build/sim_pkg/sim_pkg.egg-info/SOURCES.txt'
[2.365s] running build
[2.366s] running build_py
[2.366s] copying sim_pkg/sim_manual.py -> /home/miguel/ros2_practica_ws/build/sim_pkg/build/lib/sim_pkg
[2.366s] copying sim_pkg/sim_node.py -> /home/miguel/ros2_practica_ws/build/sim_pkg/build/lib/sim_pkg
[2.367s] running install
[2.368s] running install_lib
[2.373s] copying /home/miguel/ros2_practica_ws/build/sim_pkg/build/lib/sim_pkg/sim_manual.py -> /home/miguel/ros2_practica_ws/install/sim_pkg/lib/python3.10/site-packages/sim_pkg
[2.373s] copying /home/miguel/ros2_practica_ws/build/sim_pkg/build/lib/sim_pkg/sim_node.py -> /home/miguel/ros2_practica_ws/install/sim_pkg/lib/python3.10/site-packages/sim_pkg
[2.376s] byte-compiling /home/miguel/ros2_practica_ws/install/sim_pkg/lib/python3.10/site-packages/sim_pkg/sim_manual.py to sim_manual.cpython-310.pyc
[2.377s] byte-compiling /home/miguel/ros2_practica_ws/install/sim_pkg/lib/python3.10/site-packages/sim_pkg/sim_node.py to sim_node.cpython-310.pyc
[2.378s] running install_data
[2.379s] running install_egg_info
[2.382s] removing '/home/miguel/ros2_practica_ws/install/sim_pkg/lib/python3.10/site-packages/sim_pkg-0.0.0-py3.10.egg-info' (and everything under it)
[2.382s] Copying ../../build/sim_pkg/sim_pkg.egg-info to /home/miguel/ros2_practica_ws/install/sim_pkg/lib/python3.10/site-packages/sim_pkg-0.0.0-py3.10.egg-info
[2.384s] running install_scripts
[2.419s] Installing simulator script to /home/miguel/ros2_practica_ws/install/sim_pkg/lib/sim_pkg
[2.421s] writing list of installed files to '/home/miguel/ros2_practica_ws/build/sim_pkg/install.log'
[2.478s] Invoked command in '/home/miguel/ros2_practica_ws/src/sim_pkg' returned '0': PYTHONPATH=/home/miguel/ros2_practica_ws/build/sim_pkg/prefix_override:/home/miguel/ros2_practica_ws/install/sim_pkg/lib/python3.10/site-packages:${PYTHONPATH} WSLENV=ELECTRON_RUN_AS_NODE/w:WT_SESSION:WT_PROFILE_ID: /usr/bin/python3 -W ignore:setup.py install is deprecated setup.py egg_info --egg-base ../../build/sim_pkg build --build-base /home/miguel/ros2_practica_ws/build/sim_pkg/build install --record /home/miguel/ros2_practica_ws/build/sim_pkg/install.log --single-version-externally-managed install_data
