[0.221s] DEBUG:colcon:Command line arguments: ['/usr/bin/colcon', 'build']
[0.221s] DEBUG:colcon:Parsed command line arguments: Namespace(log_base=None, log_level=None, verb_name='build', build_base='build', install_base='install', merge_install=False, symlink_install=False, test_result_base=None, continue_on_error=False, executor='parallel', parallel_workers=4, event_handlers=None, ignore_user_meta=False, metas=['./colcon.meta'], base_paths=['.'], packages_ignore=None, packages_ignore_regex=None, paths=None, packages_up_to=None, packages_up_to_regex=None, packages_above=None, packages_above_and_dependencies=None, packages_above_depth=None, packages_select_by_dep=None, packages_skip_by_dep=None, packages_skip_up_to=None, packages_select_build_failed=False, packages_skip_build_finished=False, packages_select_test_failures=False, packages_skip_test_passed=False, packages_select=None, packages_skip=None, packages_select_regex=None, packages_skip_regex=None, packages_start=None, packages_end=None, allow_overriding=[], cmake_args=None, cmake_target=None, cmake_target_skip_unavailable=False, cmake_clean_cache=False, cmake_clean_first=False, cmake_force_configure=False, ament_cmake_args=None, catkin_cmake_args=None, catkin_skip_building_tests=False, mixin_files=None, mixin=None, verb_parser=<colcon_mixin.mixin.mixin_argument.MixinArgumentDecorator object at 0x7f238d73ee00>, verb_extension=<colcon_core.verb.build.BuildVerb object at 0x7f238d73e770>, main=<bound method BuildVerb.main of <colcon_core.verb.build.BuildVerb object at 0x7f238d73e770>>, mixin_verb=('build',))
[0.529s] Level 1:colcon.colcon_core.package_discovery:discover_packages(colcon_meta) check parameters
[0.529s] Level 1:colcon.colcon_core.package_discovery:discover_packages(recursive) check parameters
[0.529s] Level 1:colcon.colcon_core.package_discovery:discover_packages(ignore) check parameters
[0.529s] Level 1:colcon.colcon_core.package_discovery:discover_packages(path) check parameters
[0.529s] Level 1:colcon.colcon_core.package_discovery:discover_packages(colcon_meta) discover
[0.529s] Level 1:colcon.colcon_core.package_discovery:discover_packages(recursive) discover
[0.529s] INFO:colcon.colcon_core.package_discovery:Crawling recursively for packages in '/home/miguel/ros2_practica_ws'
[0.529s] Level 1:colcon.colcon_core.package_identification:_identify(.) by extensions ['ignore', 'ignore_ament_install']
[0.530s] Level 1:colcon.colcon_core.package_identification:_identify(.) by extension 'ignore'
[0.530s] Level 1:colcon.colcon_core.package_identification:_identify(.) by extension 'ignore_ament_install'
[0.530s] Level 1:colcon.colcon_core.package_identification:_identify(.) by extensions ['colcon_pkg']
[0.530s] Level 1:colcon.colcon_core.package_identification:_identify(.) by extension 'colcon_pkg'
[0.530s] Level 1:colcon.colcon_core.package_identification:_identify(.) by extensions ['colcon_meta']
[0.530s] Level 1:colcon.colcon_core.package_identification:_identify(.) by extension 'colcon_meta'
[0.530s] Level 1:colcon.colcon_core.package_identification:_identify(.) by extensions ['ros']
[0.530s] Level 1:colcon.colcon_core.package_identification:_identify(.) by extension 'ros'
[0.547s] Level 1:colcon.colcon_core.package_identification:_identify(.) by extensions ['cmake', 'python']
[0.547s] Level 1:colcon.colcon_core.package_identification:_identify(.) by extension 'cmake'
[0.547s] Level 1:colcon.colcon_core.package_identification:_identify(.) by extension 'python'
[0.547s] Level 1:colcon.colcon_core.package_identification:_identify(.) by extensions ['python_setup_py']
[0.547s] Level 1:colcon.colcon_core.package_identification:_identify(.) by extension 'python_setup_py'
[0.548s] Level 1:colcon.colcon_core.package_identification:_identify(build) by extensions ['ignore', 'ignore_ament_install']
[0.548s] Level 1:colcon.colcon_core.package_identification:_identify(build) by extension 'ignore'
[0.548s] Level 1:colcon.colcon_core.package_identification:_identify(build) ignored
[0.548s] Level 1:colcon.colcon_core.package_identification:_identify(install) by extensions ['ignore', 'ignore_ament_install']
[0.549s] Level 1:colcon.colcon_core.package_identification:_identify(install) by extension 'ignore'
[0.549s] Level 1:colcon.colcon_core.package_identification:_identify(install) ignored
[0.549s] Level 1:colcon.colcon_core.package_identification:_identify(launch) by extensions ['ignore', 'ignore_ament_install']
[0.549s] Level 1:colcon.colcon_core.package_identification:_identify(launch) by extension 'ignore'
[0.549s] Level 1:colcon.colcon_core.package_identification:_identify(launch) by extension 'ignore_ament_install'
[0.549s] Level 1:colcon.colcon_core.package_identification:_identify(launch) by extensions ['colcon_pkg']
[0.549s] Level 1:colcon.colcon_core.package_identification:_identify(launch) by extension 'colcon_pkg'
[0.549s] Level 1:colcon.colcon_core.package_identification:_identify(launch) by extensions ['colcon_meta']
[0.549s] Level 1:colcon.colcon_core.package_identification:_identify(launch) by extension 'colcon_meta'
[0.550s] Level 1:colcon.colcon_core.package_identification:_identify(launch) by extensions ['ros']
[0.550s] Level 1:colcon.colcon_core.package_identification:_identify(launch) by extension 'ros'
[0.550s] Level 1:colcon.colcon_core.package_identification:_identify(launch) by extensions ['cmake', 'python']
[0.550s] Level 1:colcon.colcon_core.package_identification:_identify(launch) by extension 'cmake'
[0.550s] Level 1:colcon.colcon_core.package_identification:_identify(launch) by extension 'python'
[0.550s] Level 1:colcon.colcon_core.package_identification:_identify(launch) by extensions ['python_setup_py']
[0.550s] Level 1:colcon.colcon_core.package_identification:_identify(launch) by extension 'python_setup_py'
[0.550s] Level 1:colcon.colcon_core.package_identification:_identify(launch/__pycache__) by extensions ['ignore', 'ignore_ament_install']
[0.550s] Level 1:colcon.colcon_core.package_identification:_identify(launch/__pycache__) by extension 'ignore'
[0.551s] Level 1:colcon.colcon_core.package_identification:_identify(launch/__pycache__) by extension 'ignore_ament_install'
[0.551s] Level 1:colcon.colcon_core.package_identification:_identify(launch/__pycache__) by extensions ['colcon_pkg']
[0.551s] Level 1:colcon.colcon_core.package_identification:_identify(launch/__pycache__) by extension 'colcon_pkg'
[0.551s] Level 1:colcon.colcon_core.package_identification:_identify(launch/__pycache__) by extensions ['colcon_meta']
[0.551s] Level 1:colcon.colcon_core.package_identification:_identify(launch/__pycache__) by extension 'colcon_meta'
[0.551s] Level 1:colcon.colcon_core.package_identification:_identify(launch/__pycache__) by extensions ['ros']
[0.551s] Level 1:colcon.colcon_core.package_identification:_identify(launch/__pycache__) by extension 'ros'
[0.551s] Level 1:colcon.colcon_core.package_identification:_identify(launch/__pycache__) by extensions ['cmake', 'python']
[0.551s] Level 1:colcon.colcon_core.package_identification:_identify(launch/__pycache__) by extension 'cmake'
[0.551s] Level 1:colcon.colcon_core.package_identification:_identify(launch/__pycache__) by extension 'python'
[0.551s] Level 1:colcon.colcon_core.package_identification:_identify(launch/__pycache__) by extensions ['python_setup_py']
[0.552s] Level 1:colcon.colcon_core.package_identification:_identify(launch/__pycache__) by extension 'python_setup_py'
[0.552s] Level 1:colcon.colcon_core.package_identification:_identify(log) by extensions ['ignore', 'ignore_ament_install']
[0.552s] Level 1:colcon.colcon_core.package_identification:_identify(log) by extension 'ignore'
[0.552s] Level 1:colcon.colcon_core.package_identification:_identify(log) ignored
[0.552s] Level 1:colcon.colcon_core.package_identification:_identify(src) by extensions ['ignore', 'ignore_ament_install']
[0.552s] Level 1:colcon.colcon_core.package_identification:_identify(src) by extension 'ignore'
[0.552s] Level 1:colcon.colcon_core.package_identification:_identify(src) by extension 'ignore_ament_install'
[0.553s] Level 1:colcon.colcon_core.package_identification:_identify(src) by extensions ['colcon_pkg']
[0.553s] Level 1:colcon.colcon_core.package_identification:_identify(src) by extension 'colcon_pkg'
[0.553s] Level 1:colcon.colcon_core.package_identification:_identify(src) by extensions ['colcon_meta']
[0.553s] Level 1:colcon.colcon_core.package_identification:_identify(src) by extension 'colcon_meta'
[0.553s] Level 1:colcon.colcon_core.package_identification:_identify(src) by extensions ['ros']
[0.553s] Level 1:colcon.colcon_core.package_identification:_identify(src) by extension 'ros'
[0.553s] Level 1:colcon.colcon_core.package_identification:_identify(src) by extensions ['cmake', 'python']
[0.553s] Level 1:colcon.colcon_core.package_identification:_identify(src) by extension 'cmake'
[0.553s] Level 1:colcon.colcon_core.package_identification:_identify(src) by extension 'python'
[0.553s] Level 1:colcon.colcon_core.package_identification:_identify(src) by extensions ['python_setup_py']
[0.553s] Level 1:colcon.colcon_core.package_identification:_identify(src) by extension 'python_setup_py'
[0.554s] Level 1:colcon.colcon_core.package_identification:_identify(src/my_genetic_pkg) by extensions ['ignore', 'ignore_ament_install']
[0.554s] Level 1:colcon.colcon_core.package_identification:_identify(src/my_genetic_pkg) by extension 'ignore'
[0.554s] Level 1:colcon.colcon_core.package_identification:_identify(src/my_genetic_pkg) by extension 'ignore_ament_install'
[0.554s] Level 1:colcon.colcon_core.package_identification:_identify(src/my_genetic_pkg) by extensions ['colcon_pkg']
[0.554s] Level 1:colcon.colcon_core.package_identification:_identify(src/my_genetic_pkg) by extension 'colcon_pkg'
[0.554s] Level 1:colcon.colcon_core.package_identification:_identify(src/my_genetic_pkg) by extensions ['colcon_meta']
[0.554s] Level 1:colcon.colcon_core.package_identification:_identify(src/my_genetic_pkg) by extension 'colcon_meta'
[0.554s] Level 1:colcon.colcon_core.package_identification:_identify(src/my_genetic_pkg) by extensions ['ros']
[0.554s] Level 1:colcon.colcon_core.package_identification:_identify(src/my_genetic_pkg) by extension 'ros'
[0.558s] DEBUG:colcon.colcon_core.package_identification:Package 'src/my_genetic_pkg' with type 'ros.ament_python' and name 'my_genetic_pkg'
[0.558s] Level 1:colcon.colcon_core.package_identification:_identify(src/my_messages_control) by extensions ['ignore', 'ignore_ament_install']
[0.558s] Level 1:colcon.colcon_core.package_identification:_identify(src/my_messages_control) by extension 'ignore'
[0.558s] Level 1:colcon.colcon_core.package_identification:_identify(src/my_messages_control) by extension 'ignore_ament_install'
[0.558s] Level 1:colcon.colcon_core.package_identification:_identify(src/my_messages_control) by extensions ['colcon_pkg']
[0.558s] Level 1:colcon.colcon_core.package_identification:_identify(src/my_messages_control) by extension 'colcon_pkg'
[0.559s] Level 1:colcon.colcon_core.package_identification:_identify(src/my_messages_control) by extensions ['colcon_meta']
[0.559s] Level 1:colcon.colcon_core.package_identification:_identify(src/my_messages_control) by extension 'colcon_meta'
[0.559s] Level 1:colcon.colcon_core.package_identification:_identify(src/my_messages_control) by extensions ['ros']
[0.559s] Level 1:colcon.colcon_core.package_identification:_identify(src/my_messages_control) by extension 'ros'
[0.575s] DEBUG:colcon.colcon_core.package_identification:Package 'src/my_messages_control' with type 'ros.ament_cmake' and name 'my_messages_control'
[0.575s] Level 1:colcon.colcon_core.package_identification:_identify(src/my_sim_pkg) by extensions ['ignore', 'ignore_ament_install']
[0.575s] Level 1:colcon.colcon_core.package_identification:_identify(src/my_sim_pkg) by extension 'ignore'
[0.575s] Level 1:colcon.colcon_core.package_identification:_identify(src/my_sim_pkg) by extension 'ignore_ament_install'
[0.576s] Level 1:colcon.colcon_core.package_identification:_identify(src/my_sim_pkg) by extensions ['colcon_pkg']
[0.576s] Level 1:colcon.colcon_core.package_identification:_identify(src/my_sim_pkg) by extension 'colcon_pkg'
[0.576s] Level 1:colcon.colcon_core.package_identification:_identify(src/my_sim_pkg) by extensions ['colcon_meta']
[0.576s] Level 1:colcon.colcon_core.package_identification:_identify(src/my_sim_pkg) by extension 'colcon_meta'
[0.576s] Level 1:colcon.colcon_core.package_identification:_identify(src/my_sim_pkg) by extensions ['ros']
[0.576s] Level 1:colcon.colcon_core.package_identification:_identify(src/my_sim_pkg) by extension 'ros'
[0.577s] DEBUG:colcon.colcon_core.package_identification:Package 'src/my_sim_pkg' with type 'ros.ament_python' and name 'my_sim_pkg'
[0.577s] Level 1:colcon.colcon_core.package_discovery:discover_packages(recursive) using defaults
[0.577s] Level 1:colcon.colcon_core.package_discovery:discover_packages(ignore) discover
[0.577s] Level 1:colcon.colcon_core.package_discovery:discover_packages(ignore) using defaults
[0.577s] Level 1:colcon.colcon_core.package_discovery:discover_packages(path) discover
[0.577s] Level 1:colcon.colcon_core.package_discovery:discover_packages(path) using defaults
[0.607s] Level 1:colcon.colcon_core.package_discovery:discover_packages(prefix_path) check parameters
[0.607s] Level 1:colcon.colcon_core.package_discovery:discover_packages(prefix_path) discover
[0.610s] DEBUG:colcon.colcon_installed_package_information.package_discovery:Found 3 installed packages in /home/miguel/ros2_practica_ws/install
[0.612s] DEBUG:colcon.colcon_installed_package_information.package_discovery:Found 288 installed packages in /opt/ros/humble
[0.615s] Level 1:colcon.colcon_core.package_discovery:discover_packages(prefix_path) using defaults
[0.682s] Level 5:colcon.colcon_core.verb:set package 'my_messages_control' build argument 'cmake_args' from command line to 'None'
[0.682s] Level 5:colcon.colcon_core.verb:set package 'my_messages_control' build argument 'cmake_target' from command line to 'None'
[0.682s] Level 5:colcon.colcon_core.verb:set package 'my_messages_control' build argument 'cmake_target_skip_unavailable' from command line to 'False'
[0.682s] Level 5:colcon.colcon_core.verb:set package 'my_messages_control' build argument 'cmake_clean_cache' from command line to 'False'
[0.682s] Level 5:colcon.colcon_core.verb:set package 'my_messages_control' build argument 'cmake_clean_first' from command line to 'False'
[0.682s] Level 5:colcon.colcon_core.verb:set package 'my_messages_control' build argument 'cmake_force_configure' from command line to 'False'
[0.682s] Level 5:colcon.colcon_core.verb:set package 'my_messages_control' build argument 'ament_cmake_args' from command line to 'None'
[0.682s] Level 5:colcon.colcon_core.verb:set package 'my_messages_control' build argument 'catkin_cmake_args' from command line to 'None'
[0.682s] Level 5:colcon.colcon_core.verb:set package 'my_messages_control' build argument 'catkin_skip_building_tests' from command line to 'False'
[0.682s] DEBUG:colcon.colcon_core.verb:Building package 'my_messages_control' with the following arguments: {'ament_cmake_args': None, 'build_base': '/home/miguel/ros2_practica_ws/build/my_messages_control', 'catkin_cmake_args': None, 'catkin_skip_building_tests': False, 'cmake_args': None, 'cmake_clean_cache': False, 'cmake_clean_first': False, 'cmake_force_configure': False, 'cmake_target': None, 'cmake_target_skip_unavailable': False, 'install_base': '/home/miguel/ros2_practica_ws/install/my_messages_control', 'merge_install': False, 'path': '/home/miguel/ros2_practica_ws/src/my_messages_control', 'symlink_install': False, 'test_result_base': None}
[0.683s] Level 5:colcon.colcon_core.verb:set package 'my_genetic_pkg' build argument 'cmake_args' from command line to 'None'
[0.683s] Level 5:colcon.colcon_core.verb:set package 'my_genetic_pkg' build argument 'cmake_target' from command line to 'None'
[0.683s] Level 5:colcon.colcon_core.verb:set package 'my_genetic_pkg' build argument 'cmake_target_skip_unavailable' from command line to 'False'
[0.683s] Level 5:colcon.colcon_core.verb:set package 'my_genetic_pkg' build argument 'cmake_clean_cache' from command line to 'False'
[0.683s] Level 5:colcon.colcon_core.verb:set package 'my_genetic_pkg' build argument 'cmake_clean_first' from command line to 'False'
[0.683s] Level 5:colcon.colcon_core.verb:set package 'my_genetic_pkg' build argument 'cmake_force_configure' from command line to 'False'
[0.683s] Level 5:colcon.colcon_core.verb:set package 'my_genetic_pkg' build argument 'ament_cmake_args' from command line to 'None'
[0.683s] Level 5:colcon.colcon_core.verb:set package 'my_genetic_pkg' build argument 'catkin_cmake_args' from command line to 'None'
[0.683s] Level 5:colcon.colcon_core.verb:set package 'my_genetic_pkg' build argument 'catkin_skip_building_tests' from command line to 'False'
[0.683s] DEBUG:colcon.colcon_core.verb:Building package 'my_genetic_pkg' with the following arguments: {'ament_cmake_args': None, 'build_base': '/home/miguel/ros2_practica_ws/build/my_genetic_pkg', 'catkin_cmake_args': None, 'catkin_skip_building_tests': False, 'cmake_args': None, 'cmake_clean_cache': False, 'cmake_clean_first': False, 'cmake_force_configure': False, 'cmake_target': None, 'cmake_target_skip_unavailable': False, 'install_base': '/home/miguel/ros2_practica_ws/install/my_genetic_pkg', 'merge_install': False, 'path': '/home/miguel/ros2_practica_ws/src/my_genetic_pkg', 'symlink_install': False, 'test_result_base': None}
[0.684s] Level 5:colcon.colcon_core.verb:set package 'my_sim_pkg' build argument 'cmake_args' from command line to 'None'
[0.684s] Level 5:colcon.colcon_core.verb:set package 'my_sim_pkg' build argument 'cmake_target' from command line to 'None'
[0.684s] Level 5:colcon.colcon_core.verb:set package 'my_sim_pkg' build argument 'cmake_target_skip_unavailable' from command line to 'False'
[0.684s] Level 5:colcon.colcon_core.verb:set package 'my_sim_pkg' build argument 'cmake_clean_cache' from command line to 'False'
[0.684s] Level 5:colcon.colcon_core.verb:set package 'my_sim_pkg' build argument 'cmake_clean_first' from command line to 'False'
[0.684s] Level 5:colcon.colcon_core.verb:set package 'my_sim_pkg' build argument 'cmake_force_configure' from command line to 'False'
[0.684s] Level 5:colcon.colcon_core.verb:set package 'my_sim_pkg' build argument 'ament_cmake_args' from command line to 'None'
[0.684s] Level 5:colcon.colcon_core.verb:set package 'my_sim_pkg' build argument 'catkin_cmake_args' from command line to 'None'
[0.684s] Level 5:colcon.colcon_core.verb:set package 'my_sim_pkg' build argument 'catkin_skip_building_tests' from command line to 'False'
[0.684s] DEBUG:colcon.colcon_core.verb:Building package 'my_sim_pkg' with the following arguments: {'ament_cmake_args': None, 'build_base': '/home/miguel/ros2_practica_ws/build/my_sim_pkg', 'catkin_cmake_args': None, 'catkin_skip_building_tests': False, 'cmake_args': None, 'cmake_clean_cache': False, 'cmake_clean_first': False, 'cmake_force_configure': False, 'cmake_target': None, 'cmake_target_skip_unavailable': False, 'install_base': '/home/miguel/ros2_practica_ws/install/my_sim_pkg', 'merge_install': False, 'path': '/home/miguel/ros2_practica_ws/src/my_sim_pkg', 'symlink_install': False, 'test_result_base': None}
[0.685s] INFO:colcon.colcon_core.executor:Executing jobs using 'parallel' executor
[0.686s] DEBUG:colcon.colcon_parallel_executor.executor.parallel:run_until_complete
[0.687s] INFO:colcon.colcon_ros.task.ament_cmake.build:Building ROS package in '/home/miguel/ros2_practica_ws/src/my_messages_control' with build type 'ament_cmake'
[0.687s] INFO:colcon.colcon_cmake.task.cmake.build:Building CMake package in '/home/miguel/ros2_practica_ws/src/my_messages_control'
[0.692s] INFO:colcon.colcon_core.plugin_system:Skipping extension 'colcon_core.shell.bat': Not used on non-Windows systems
[0.692s] INFO:colcon.colcon_core.shell:Skip shell extension 'powershell' for command environment: Not usable outside of PowerShell
[0.692s] DEBUG:colcon.colcon_core.shell:Skip shell extension 'dsv' for command environment
[0.708s] DEBUG:colcon.colcon_core.event_handler.log_command:Invoking command in '/home/miguel/ros2_practica_ws/build/my_messages_control': CMAKE_PREFIX_PATH=${CMAKE_PREFIX_PATH}:/home/miguel/ros2_practica_ws/install/my_sim_pkg:/home/miguel/ros2_practica_ws/install/my_genetic_pkg:/opt/ros/humble WSLENV=ELECTRON_RUN_AS_NODE/w:WT_SESSION:WT_PROFILE_ID: /usr/bin/cmake --build /home/miguel/ros2_practica_ws/build/my_messages_control -- -j4 -l4
[1.651s] DEBUG:colcon.colcon_core.event_handler.log_command:Invoked command in '/home/miguel/ros2_practica_ws/build/my_messages_control' returned '0': CMAKE_PREFIX_PATH=${CMAKE_PREFIX_PATH}:/home/miguel/ros2_practica_ws/install/my_sim_pkg:/home/miguel/ros2_practica_ws/install/my_genetic_pkg:/opt/ros/humble WSLENV=ELECTRON_RUN_AS_NODE/w:WT_SESSION:WT_PROFILE_ID: /usr/bin/cmake --build /home/miguel/ros2_practica_ws/build/my_messages_control -- -j4 -l4
[1.735s] DEBUG:colcon.colcon_core.event_handler.log_command:Invoking command in '/home/miguel/ros2_practica_ws/build/my_messages_control': CMAKE_PREFIX_PATH=${CMAKE_PREFIX_PATH}:/home/miguel/ros2_practica_ws/install/my_sim_pkg:/home/miguel/ros2_practica_ws/install/my_genetic_pkg:/opt/ros/humble WSLENV=ELECTRON_RUN_AS_NODE/w:WT_SESSION:WT_PROFILE_ID: /usr/bin/cmake --install /home/miguel/ros2_practica_ws/build/my_messages_control
[1.833s] Level 1:colcon.colcon_core.environment:create_environment_scripts_only(my_messages_control)
[1.835s] DEBUG:colcon.colcon_core.event_handler.log_command:Invoked command in '/home/miguel/ros2_practica_ws/build/my_messages_control' returned '0': CMAKE_PREFIX_PATH=${CMAKE_PREFIX_PATH}:/home/miguel/ros2_practica_ws/install/my_sim_pkg:/home/miguel/ros2_practica_ws/install/my_genetic_pkg:/opt/ros/humble WSLENV=ELECTRON_RUN_AS_NODE/w:WT_SESSION:WT_PROFILE_ID: /usr/bin/cmake --install /home/miguel/ros2_practica_ws/build/my_messages_control
[1.838s] Level 1:colcon.colcon_core.environment:checking '/home/miguel/ros2_practica_ws/install/my_messages_control' for CMake module files
[1.840s] Level 1:colcon.colcon_core.environment:checking '/home/miguel/ros2_practica_ws/install/my_messages_control' for CMake config files
[1.840s] Level 1:colcon.colcon_core.shell:create_environment_hook('my_messages_control', 'cmake_prefix_path')
[1.841s] INFO:colcon.colcon_core.shell:Creating environment hook '/home/miguel/ros2_practica_ws/install/my_messages_control/share/my_messages_control/hook/cmake_prefix_path.ps1'
[1.842s] INFO:colcon.colcon_core.shell:Creating environment descriptor '/home/miguel/ros2_practica_ws/install/my_messages_control/share/my_messages_control/hook/cmake_prefix_path.dsv'
[1.842s] INFO:colcon.colcon_core.shell:Creating environment hook '/home/miguel/ros2_practica_ws/install/my_messages_control/share/my_messages_control/hook/cmake_prefix_path.sh'
[1.844s] Level 1:colcon.colcon_core.environment:checking '/home/miguel/ros2_practica_ws/install/my_messages_control/lib'
[1.844s] Level 1:colcon.colcon_core.shell:create_environment_hook('my_messages_control', 'ld_library_path_lib')
[1.845s] INFO:colcon.colcon_core.shell:Creating environment hook '/home/miguel/ros2_practica_ws/install/my_messages_control/share/my_messages_control/hook/ld_library_path_lib.ps1'
[1.845s] INFO:colcon.colcon_core.shell:Creating environment descriptor '/home/miguel/ros2_practica_ws/install/my_messages_control/share/my_messages_control/hook/ld_library_path_lib.dsv'
[1.846s] INFO:colcon.colcon_core.shell:Creating environment hook '/home/miguel/ros2_practica_ws/install/my_messages_control/share/my_messages_control/hook/ld_library_path_lib.sh'
[1.846s] Level 1:colcon.colcon_core.environment:checking '/home/miguel/ros2_practica_ws/install/my_messages_control/bin'
[1.847s] Level 1:colcon.colcon_core.environment:checking '/home/miguel/ros2_practica_ws/install/my_messages_control/lib/pkgconfig/my_messages_control.pc'
[1.847s] Level 1:colcon.colcon_core.environment:checking '/home/miguel/ros2_practica_ws/install/my_messages_control/lib/python3.10/site-packages'
[1.847s] Level 1:colcon.colcon_core.environment:checking '/home/miguel/ros2_practica_ws/install/my_messages_control/bin'
[1.848s] INFO:colcon.colcon_core.shell:Creating package script '/home/miguel/ros2_practica_ws/install/my_messages_control/share/my_messages_control/package.ps1'
[1.850s] INFO:colcon.colcon_core.shell:Creating package descriptor '/home/miguel/ros2_practica_ws/install/my_messages_control/share/my_messages_control/package.dsv'
[1.851s] INFO:colcon.colcon_core.shell:Creating package script '/home/miguel/ros2_practica_ws/install/my_messages_control/share/my_messages_control/package.sh'
[1.852s] INFO:colcon.colcon_core.shell:Creating package script '/home/miguel/ros2_practica_ws/install/my_messages_control/share/my_messages_control/package.bash'
[1.854s] INFO:colcon.colcon_core.shell:Creating package script '/home/miguel/ros2_practica_ws/install/my_messages_control/share/my_messages_control/package.zsh'
[1.856s] Level 1:colcon.colcon_core.environment:create_file_with_runtime_dependencies(/home/miguel/ros2_practica_ws/install/my_messages_control/share/colcon-core/packages/my_messages_control)
[1.963s] Level 1:colcon.colcon_core.environment:create_environment_scripts_only(my_messages_control)
[1.963s] Level 1:colcon.colcon_core.environment:checking '/home/miguel/ros2_practica_ws/install/my_messages_control' for CMake module files
[1.964s] Level 1:colcon.colcon_core.environment:checking '/home/miguel/ros2_practica_ws/install/my_messages_control' for CMake config files
[1.966s] Level 1:colcon.colcon_core.shell:create_environment_hook('my_messages_control', 'cmake_prefix_path')
[1.967s] INFO:colcon.colcon_core.shell:Creating environment hook '/home/miguel/ros2_practica_ws/install/my_messages_control/share/my_messages_control/hook/cmake_prefix_path.ps1'
[1.967s] INFO:colcon.colcon_core.shell:Creating environment descriptor '/home/miguel/ros2_practica_ws/install/my_messages_control/share/my_messages_control/hook/cmake_prefix_path.dsv'
[1.968s] INFO:colcon.colcon_core.shell:Creating environment hook '/home/miguel/ros2_practica_ws/install/my_messages_control/share/my_messages_control/hook/cmake_prefix_path.sh'
[1.969s] Level 1:colcon.colcon_core.environment:checking '/home/miguel/ros2_practica_ws/install/my_messages_control/lib'
[1.970s] Level 1:colcon.colcon_core.shell:create_environment_hook('my_messages_control', 'ld_library_path_lib')
[1.970s] INFO:colcon.colcon_core.shell:Creating environment hook '/home/miguel/ros2_practica_ws/install/my_messages_control/share/my_messages_control/hook/ld_library_path_lib.ps1'
[1.971s] INFO:colcon.colcon_core.shell:Creating environment descriptor '/home/miguel/ros2_practica_ws/install/my_messages_control/share/my_messages_control/hook/ld_library_path_lib.dsv'
[1.972s] INFO:colcon.colcon_core.shell:Creating environment hook '/home/miguel/ros2_practica_ws/install/my_messages_control/share/my_messages_control/hook/ld_library_path_lib.sh'
[1.973s] Level 1:colcon.colcon_core.environment:checking '/home/miguel/ros2_practica_ws/install/my_messages_control/bin'
[1.973s] Level 1:colcon.colcon_core.environment:checking '/home/miguel/ros2_practica_ws/install/my_messages_control/lib/pkgconfig/my_messages_control.pc'
[1.973s] Level 1:colcon.colcon_core.environment:checking '/home/miguel/ros2_practica_ws/install/my_messages_control/lib/python3.10/site-packages'
[1.974s] Level 1:colcon.colcon_core.environment:checking '/home/miguel/ros2_practica_ws/install/my_messages_control/bin'
[1.975s] INFO:colcon.colcon_core.shell:Creating package script '/home/miguel/ros2_practica_ws/install/my_messages_control/share/my_messages_control/package.ps1'
[1.977s] INFO:colcon.colcon_core.shell:Creating package descriptor '/home/miguel/ros2_practica_ws/install/my_messages_control/share/my_messages_control/package.dsv'
[1.978s] INFO:colcon.colcon_core.shell:Creating package script '/home/miguel/ros2_practica_ws/install/my_messages_control/share/my_messages_control/package.sh'
[1.979s] INFO:colcon.colcon_core.shell:Creating package script '/home/miguel/ros2_practica_ws/install/my_messages_control/share/my_messages_control/package.bash'
[1.980s] INFO:colcon.colcon_core.shell:Creating package script '/home/miguel/ros2_practica_ws/install/my_messages_control/share/my_messages_control/package.zsh'
[1.982s] Level 1:colcon.colcon_core.environment:create_file_with_runtime_dependencies(/home/miguel/ros2_practica_ws/install/my_messages_control/share/colcon-core/packages/my_messages_control)
[1.984s] INFO:colcon.colcon_ros.task.ament_python.build:Building ROS package in '/home/miguel/ros2_practica_ws/src/my_genetic_pkg' with build type 'ament_python'
[1.985s] Level 1:colcon.colcon_core.shell:create_environment_hook('my_genetic_pkg', 'ament_prefix_path')
[1.986s] INFO:colcon.colcon_core.shell:Creating environment hook '/home/miguel/ros2_practica_ws/install/my_genetic_pkg/share/my_genetic_pkg/hook/ament_prefix_path.ps1'
[1.988s] INFO:colcon.colcon_core.shell:Creating environment descriptor '/home/miguel/ros2_practica_ws/install/my_genetic_pkg/share/my_genetic_pkg/hook/ament_prefix_path.dsv'
[1.990s] INFO:colcon.colcon_core.shell:Creating environment hook '/home/miguel/ros2_practica_ws/install/my_genetic_pkg/share/my_genetic_pkg/hook/ament_prefix_path.sh'
[1.993s] INFO:colcon.colcon_core.shell:Skip shell extension 'powershell' for command environment: Not usable outside of PowerShell
[1.993s] DEBUG:colcon.colcon_core.shell:Skip shell extension 'dsv' for command environment
[2.000s] INFO:colcon.colcon_ros.task.ament_python.build:Building ROS package in '/home/miguel/ros2_practica_ws/src/my_sim_pkg' with build type 'ament_python'
[2.001s] Level 1:colcon.colcon_core.shell:create_environment_hook('my_sim_pkg', 'ament_prefix_path')
[2.002s] INFO:colcon.colcon_core.shell:Creating environment hook '/home/miguel/ros2_practica_ws/install/my_sim_pkg/share/my_sim_pkg/hook/ament_prefix_path.ps1'
[2.004s] INFO:colcon.colcon_core.shell:Creating environment descriptor '/home/miguel/ros2_practica_ws/install/my_sim_pkg/share/my_sim_pkg/hook/ament_prefix_path.dsv'
[2.006s] INFO:colcon.colcon_core.shell:Creating environment hook '/home/miguel/ros2_practica_ws/install/my_sim_pkg/share/my_sim_pkg/hook/ament_prefix_path.sh'
[2.008s] INFO:colcon.colcon_core.shell:Skip shell extension 'powershell' for command environment: Not usable outside of PowerShell
[2.008s] DEBUG:colcon.colcon_core.shell:Skip shell extension 'dsv' for command environment
[2.664s] INFO:colcon.colcon_core.task.python.build:Building Python package in '/home/miguel/ros2_practica_ws/src/my_sim_pkg'
[2.664s] INFO:colcon.colcon_core.shell:Skip shell extension 'powershell' for command environment: Not usable outside of PowerShell
[2.664s] DEBUG:colcon.colcon_core.shell:Skip shell extension 'dsv' for command environment
[3.242s] INFO:colcon.colcon_core.task.python.build:Building Python package in '/home/miguel/ros2_practica_ws/src/my_genetic_pkg'
[3.243s] INFO:colcon.colcon_core.shell:Skip shell extension 'powershell' for command environment: Not usable outside of PowerShell
[3.243s] DEBUG:colcon.colcon_core.shell:Skip shell extension 'dsv' for command environment
[4.402s] DEBUG:colcon.colcon_core.event_handler.log_command:Invoking command in '/home/miguel/ros2_practica_ws/src/my_sim_pkg': PYTHONPATH=/home/miguel/ros2_practica_ws/build/my_sim_pkg/prefix_override:/home/miguel/ros2_practica_ws/install/my_sim_pkg/lib/python3.10/site-packages:${PYTHONPATH} WSLENV=ELECTRON_RUN_AS_NODE/w:WT_SESSION:WT_PROFILE_ID: /usr/bin/python3 -W ignore:setup.py install is deprecated setup.py egg_info --egg-base ../../build/my_sim_pkg build --build-base /home/miguel/ros2_practica_ws/build/my_sim_pkg/build install --record /home/miguel/ros2_practica_ws/build/my_sim_pkg/install.log --single-version-externally-managed install_data
[4.564s] DEBUG:colcon.colcon_core.event_handler.log_command:Invoking command in '/home/miguel/ros2_practica_ws/src/my_genetic_pkg': PYTHONPATH=/home/miguel/ros2_practica_ws/build/my_genetic_pkg/prefix_override:/home/miguel/ros2_practica_ws/install/my_genetic_pkg/lib/python3.10/site-packages:${PYTHONPATH} WSLENV=ELECTRON_RUN_AS_NODE/w:WT_SESSION:WT_PROFILE_ID: /usr/bin/python3 -W ignore:setup.py install is deprecated setup.py egg_info --egg-base ../../build/my_genetic_pkg build --build-base /home/miguel/ros2_practica_ws/build/my_genetic_pkg/build install --record /home/miguel/ros2_practica_ws/build/my_genetic_pkg/install.log --single-version-externally-managed install_data
[5.619s] Level 1:colcon.colcon_core.environment:checking '/home/miguel/ros2_practica_ws/install/my_sim_pkg' for CMake module files
[5.620s] Level 1:colcon.colcon_core.environment:checking '/home/miguel/ros2_practica_ws/install/my_sim_pkg' for CMake config files
[5.622s] Level 1:colcon.colcon_core.environment:checking '/home/miguel/ros2_practica_ws/install/my_sim_pkg/lib'
[5.622s] Level 1:colcon.colcon_core.environment:checking '/home/miguel/ros2_practica_ws/install/my_sim_pkg/bin'
[5.622s] Level 1:colcon.colcon_core.environment:checking '/home/miguel/ros2_practica_ws/install/my_sim_pkg/lib/pkgconfig/my_sim_pkg.pc'
[5.623s] Level 1:colcon.colcon_core.environment:checking '/home/miguel/ros2_practica_ws/install/my_sim_pkg/lib/python3.10/site-packages'
[5.623s] Level 1:colcon.colcon_core.shell:create_environment_hook('my_sim_pkg', 'pythonpath')
[5.623s] INFO:colcon.colcon_core.shell:Creating environment hook '/home/miguel/ros2_practica_ws/install/my_sim_pkg/share/my_sim_pkg/hook/pythonpath.ps1'
[5.624s] INFO:colcon.colcon_core.shell:Creating environment descriptor '/home/miguel/ros2_practica_ws/install/my_sim_pkg/share/my_sim_pkg/hook/pythonpath.dsv'
[5.625s] INFO:colcon.colcon_core.shell:Creating environment hook '/home/miguel/ros2_practica_ws/install/my_sim_pkg/share/my_sim_pkg/hook/pythonpath.sh'
[5.626s] Level 1:colcon.colcon_core.environment:checking '/home/miguel/ros2_practica_ws/install/my_sim_pkg/bin'
[5.627s] Level 1:colcon.colcon_core.environment:create_environment_scripts_only(my_sim_pkg)
[5.637s] INFO:colcon.colcon_core.shell:Creating package script '/home/miguel/ros2_practica_ws/install/my_sim_pkg/share/my_sim_pkg/package.ps1'
[5.638s] DEBUG:colcon.colcon_core.event_handler.log_command:Invoked command in '/home/miguel/ros2_practica_ws/src/my_sim_pkg' returned '0': PYTHONPATH=/home/miguel/ros2_practica_ws/build/my_sim_pkg/prefix_override:/home/miguel/ros2_practica_ws/install/my_sim_pkg/lib/python3.10/site-packages:${PYTHONPATH} WSLENV=ELECTRON_RUN_AS_NODE/w:WT_SESSION:WT_PROFILE_ID: /usr/bin/python3 -W ignore:setup.py install is deprecated setup.py egg_info --egg-base ../../build/my_sim_pkg build --build-base /home/miguel/ros2_practica_ws/build/my_sim_pkg/build install --record /home/miguel/ros2_practica_ws/build/my_sim_pkg/install.log --single-version-externally-managed install_data
[5.640s] INFO:colcon.colcon_core.shell:Creating package descriptor '/home/miguel/ros2_practica_ws/install/my_sim_pkg/share/my_sim_pkg/package.dsv'
[5.642s] INFO:colcon.colcon_core.shell:Creating package script '/home/miguel/ros2_practica_ws/install/my_sim_pkg/share/my_sim_pkg/package.sh'
[5.644s] INFO:colcon.colcon_core.shell:Creating package script '/home/miguel/ros2_practica_ws/install/my_sim_pkg/share/my_sim_pkg/package.bash'
[5.646s] INFO:colcon.colcon_core.shell:Creating package script '/home/miguel/ros2_practica_ws/install/my_sim_pkg/share/my_sim_pkg/package.zsh'
[5.649s] Level 1:colcon.colcon_core.environment:create_file_with_runtime_dependencies(/home/miguel/ros2_practica_ws/install/my_sim_pkg/share/colcon-core/packages/my_sim_pkg)
[5.698s] Level 1:colcon.colcon_core.environment:checking '/home/miguel/ros2_practica_ws/install/my_genetic_pkg' for CMake module files
[5.701s] Level 1:colcon.colcon_core.environment:checking '/home/miguel/ros2_practica_ws/install/my_genetic_pkg' for CMake config files
[5.702s] Level 1:colcon.colcon_core.environment:checking '/home/miguel/ros2_practica_ws/install/my_genetic_pkg/lib'
[5.702s] Level 1:colcon.colcon_core.environment:checking '/home/miguel/ros2_practica_ws/install/my_genetic_pkg/bin'
[5.702s] Level 1:colcon.colcon_core.environment:checking '/home/miguel/ros2_practica_ws/install/my_genetic_pkg/lib/pkgconfig/my_genetic_pkg.pc'
[5.703s] Level 1:colcon.colcon_core.environment:checking '/home/miguel/ros2_practica_ws/install/my_genetic_pkg/lib/python3.10/site-packages'
[5.703s] Level 1:colcon.colcon_core.shell:create_environment_hook('my_genetic_pkg', 'pythonpath')
[5.704s] INFO:colcon.colcon_core.shell:Creating environment hook '/home/miguel/ros2_practica_ws/install/my_genetic_pkg/share/my_genetic_pkg/hook/pythonpath.ps1'
[5.705s] INFO:colcon.colcon_core.shell:Creating environment descriptor '/home/miguel/ros2_practica_ws/install/my_genetic_pkg/share/my_genetic_pkg/hook/pythonpath.dsv'
[5.706s] INFO:colcon.colcon_core.shell:Creating environment hook '/home/miguel/ros2_practica_ws/install/my_genetic_pkg/share/my_genetic_pkg/hook/pythonpath.sh'
[5.707s] Level 1:colcon.colcon_core.environment:checking '/home/miguel/ros2_practica_ws/install/my_genetic_pkg/bin'
[5.707s] Level 1:colcon.colcon_core.environment:create_environment_scripts_only(my_genetic_pkg)
[5.708s] INFO:colcon.colcon_core.shell:Creating package script '/home/miguel/ros2_practica_ws/install/my_genetic_pkg/share/my_genetic_pkg/package.ps1'
[5.710s] INFO:colcon.colcon_core.shell:Creating package descriptor '/home/miguel/ros2_practica_ws/install/my_genetic_pkg/share/my_genetic_pkg/package.dsv'
[5.713s] INFO:colcon.colcon_core.shell:Creating package script '/home/miguel/ros2_practica_ws/install/my_genetic_pkg/share/my_genetic_pkg/package.sh'
[5.714s] DEBUG:colcon.colcon_core.event_handler.log_command:Invoked command in '/home/miguel/ros2_practica_ws/src/my_genetic_pkg' returned '0': PYTHONPATH=/home/miguel/ros2_practica_ws/build/my_genetic_pkg/prefix_override:/home/miguel/ros2_practica_ws/install/my_genetic_pkg/lib/python3.10/site-packages:${PYTHONPATH} WSLENV=ELECTRON_RUN_AS_NODE/w:WT_SESSION:WT_PROFILE_ID: /usr/bin/python3 -W ignore:setup.py install is deprecated setup.py egg_info --egg-base ../../build/my_genetic_pkg build --build-base /home/miguel/ros2_practica_ws/build/my_genetic_pkg/build install --record /home/miguel/ros2_practica_ws/build/my_genetic_pkg/install.log --single-version-externally-managed install_data
[5.714s] INFO:colcon.colcon_core.shell:Creating package script '/home/miguel/ros2_practica_ws/install/my_genetic_pkg/share/my_genetic_pkg/package.bash'
[5.717s] INFO:colcon.colcon_core.shell:Creating package script '/home/miguel/ros2_practica_ws/install/my_genetic_pkg/share/my_genetic_pkg/package.zsh'
[5.718s] Level 1:colcon.colcon_core.environment:create_file_with_runtime_dependencies(/home/miguel/ros2_practica_ws/install/my_genetic_pkg/share/colcon-core/packages/my_genetic_pkg)
[5.720s] DEBUG:colcon.colcon_parallel_executor.executor.parallel:closing loop
[5.721s] DEBUG:colcon.colcon_parallel_executor.executor.parallel:loop closed
[5.721s] DEBUG:colcon.colcon_parallel_executor.executor.parallel:run_until_complete finished with '0'
[5.722s] DEBUG:colcon.colcon_core.event_reactor:joining thread
[5.831s] INFO:colcon.colcon_core.plugin_system:Skipping extension 'colcon_notification.desktop_notification.notify_send': Could not find 'notify-send'
[5.832s] INFO:colcon.colcon_core.plugin_system:Skipping extension 'colcon_notification.desktop_notification.terminal_notifier': Not used on non-Darwin systems
[5.832s] INFO:colcon.colcon_core.plugin_system:Skipping extension 'colcon_notification.desktop_notification.win32': Not used on non-Windows systems
[5.832s] INFO:colcon.colcon_notification.desktop_notification:Sending desktop notification using 'notify2'
[5.832s] DEBUG:colcon.colcon_notification.desktop_notification.notify2:Failed to initialize notify2: org.freedesktop.DBus.Error.FileNotFound: Failed to connect to socket /run/user/1000/bus: No such file or directory
[5.832s] DEBUG:colcon.colcon_core.event_reactor:joined thread
[5.833s] INFO:colcon.colcon_core.shell:Creating prefix script '/home/miguel/ros2_practica_ws/install/local_setup.ps1'
[5.838s] INFO:colcon.colcon_core.shell:Creating prefix util module '/home/miguel/ros2_practica_ws/install/_local_setup_util_ps1.py'
[5.841s] INFO:colcon.colcon_core.shell:Creating prefix chain script '/home/miguel/ros2_practica_ws/install/setup.ps1'
[5.844s] INFO:colcon.colcon_core.shell:Creating prefix script '/home/miguel/ros2_practica_ws/install/local_setup.sh'
[5.845s] INFO:colcon.colcon_core.shell:Creating prefix util module '/home/miguel/ros2_practica_ws/install/_local_setup_util_sh.py'
[5.846s] INFO:colcon.colcon_core.shell:Creating prefix chain script '/home/miguel/ros2_practica_ws/install/setup.sh'
[5.850s] INFO:colcon.colcon_core.shell:Creating prefix script '/home/miguel/ros2_practica_ws/install/local_setup.bash'
[5.851s] INFO:colcon.colcon_core.shell:Creating prefix chain script '/home/miguel/ros2_practica_ws/install/setup.bash'
[5.854s] INFO:colcon.colcon_core.shell:Creating prefix script '/home/miguel/ros2_practica_ws/install/local_setup.zsh'
[5.855s] INFO:colcon.colcon_core.shell:Creating prefix chain script '/home/miguel/ros2_practica_ws/install/setup.zsh'
