[1.798s] Invoking command in '/home/miguel/ros2_practica_ws/src/genetic_algorithm_pkg': CMAKE_PREFIX_PATH=/home/miguel/ros2_practica_ws/install/msgs_control:/home/miguel/ros2_practica_ws/install/my_messages_control LD_LIBRARY_PATH=/home/miguel/ros2_practica_ws/install/msgs_control/lib:/home/miguel/ros2_practica_ws/install/my_messages_control/lib:/opt/ros/humble/opt/rviz_ogre_vendor/lib:/opt/ros/humble/lib/x86_64-linux-gnu:/opt/ros/humble/lib PYTHONPATH=/home/miguel/ros2_practica_ws/build/genetic_algorithm_pkg/prefix_override:/usr/lib/python3/dist-packages/colcon_core/task/python/colcon_distutils_commands:/home/miguel/ros2_practica_ws/install/genetic_algorithm_pkg/lib/python3.10/site-packages:${PYTHONPATH} WSLENV=ELECTRON_RUN_AS_NODE/w:WT_SESSION:WT_PROFILE_ID: /usr/bin/python3 -W ignore:setup.py install is deprecated setup.py egg_info --egg-base ../../build/genetic_algorithm_pkg build --build-base /home/miguel/ros2_practica_ws/build/genetic_algorithm_pkg/build install --record /home/miguel/ros2_practica_ws/build/genetic_algorithm_pkg/install.log --single-version-externally-managed install_data
[2.414s] running egg_info
[2.416s] writing ../../build/genetic_algorithm_pkg/genetic_algorithm_pkg.egg-info/PKG-INFO
[2.417s] writing dependency_links to ../../build/genetic_algorithm_pkg/genetic_algorithm_pkg.egg-info/dependency_links.txt
[2.418s] writing entry points to ../../build/genetic_algorithm_pkg/genetic_algorithm_pkg.egg-info/entry_points.txt
[2.418s] writing requirements to ../../build/genetic_algorithm_pkg/genetic_algorithm_pkg.egg-info/requires.txt
[2.419s] writing top-level names to ../../build/genetic_algorithm_pkg/genetic_algorithm_pkg.egg-info/top_level.txt
[2.422s] reading manifest file '../../build/genetic_algorithm_pkg/genetic_algorithm_pkg.egg-info/SOURCES.txt'
[2.423s] adding license file 'LICENSE'
[2.425s] writing manifest file '../../build/genetic_algorithm_pkg/genetic_algorithm_pkg.egg-info/SOURCES.txt'
[2.425s] running build
[2.426s] running build_py
[2.426s] copying genetic_algorithm_pkg/utils/algoritmo_genetico_profesor.py -> /home/miguel/ros2_practica_ws/build/genetic_algorithm_pkg/build/lib/genetic_algorithm_pkg/utils
[2.427s] running install
[2.428s] running install_lib
[2.431s] copying /home/miguel/ros2_practica_ws/build/genetic_algorithm_pkg/build/lib/genetic_algorithm_pkg/utils/algoritmo_genetico_profesor.py -> /home/miguel/ros2_practica_ws/install/genetic_algorithm_pkg/lib/python3.10/site-packages/genetic_algorithm_pkg/utils
[2.435s] byte-compiling /home/miguel/ros2_practica_ws/install/genetic_algorithm_pkg/lib/python3.10/site-packages/genetic_algorithm_pkg/utils/algoritmo_genetico_profesor.py to algoritmo_genetico_profesor.cpython-310.pyc
[2.440s] running install_data
[2.441s] running install_egg_info
[2.446s] removing '/home/miguel/ros2_practica_ws/install/genetic_algorithm_pkg/lib/python3.10/site-packages/genetic_algorithm_pkg-0.0.0-py3.10.egg-info' (and everything under it)
[2.446s] Copying ../../build/genetic_algorithm_pkg/genetic_algorithm_pkg.egg-info to /home/miguel/ros2_practica_ws/install/genetic_algorithm_pkg/lib/python3.10/site-packages/genetic_algorithm_pkg-0.0.0-py3.10.egg-info
[2.449s] running install_scripts
[2.513s] Installing genetic script to /home/miguel/ros2_practica_ws/install/genetic_algorithm_pkg/lib/genetic_algorithm_pkg
[2.514s] writing list of installed files to '/home/miguel/ros2_practica_ws/build/genetic_algorithm_pkg/install.log'
[2.587s] Invoked command in '/home/miguel/ros2_practica_ws/src/genetic_algorithm_pkg' returned '0': CMAKE_PREFIX_PATH=/home/miguel/ros2_practica_ws/install/msgs_control:/home/miguel/ros2_practica_ws/install/my_messages_control LD_LIBRARY_PATH=/home/miguel/ros2_practica_ws/install/msgs_control/lib:/home/miguel/ros2_practica_ws/install/my_messages_control/lib:/opt/ros/humble/opt/rviz_ogre_vendor/lib:/opt/ros/humble/lib/x86_64-linux-gnu:/opt/ros/humble/lib PYTHONPATH=/home/miguel/ros2_practica_ws/build/genetic_algorithm_pkg/prefix_override:/usr/lib/python3/dist-packages/colcon_core/task/python/colcon_distutils_commands:/home/miguel/ros2_practica_ws/install/genetic_algorithm_pkg/lib/python3.10/site-packages:${PYTHONPATH} WSLENV=ELECTRON_RUN_AS_NODE/w:WT_SESSION:WT_PROFILE_ID: /usr/bin/python3 -W ignore:setup.py install is deprecated setup.py egg_info --egg-base ../../build/genetic_algorithm_pkg build --build-base /home/miguel/ros2_practica_ws/build/genetic_algorithm_pkg/build install --record /home/miguel/ros2_practica_ws/build/genetic_algorithm_pkg/install.log --single-version-externally-managed install_data
