running egg_info
writing ../../build/my_sim_pkg/my_sim_pkg.egg-info/PKG-INFO
writing dependency_links to ../../build/my_sim_pkg/my_sim_pkg.egg-info/dependency_links.txt
writing entry points to ../../build/my_sim_pkg/my_sim_pkg.egg-info/entry_points.txt
writing requirements to ../../build/my_sim_pkg/my_sim_pkg.egg-info/requires.txt
writing top-level names to ../../build/my_sim_pkg/my_sim_pkg.egg-info/top_level.txt
reading manifest file '../../build/my_sim_pkg/my_sim_pkg.egg-info/SOURCES.txt'
adding license file 'LICENSE'
writing manifest file '../../build/my_sim_pkg/my_sim_pkg.egg-info/SOURCES.txt'
running build
running build_py
copying my_sim_pkg/my_sim_node.py -> /home/miguel/ros2_practica_ws/build/my_sim_pkg/build/lib/my_sim_pkg
running install
running install_lib
copying /home/miguel/ros2_practica_ws/build/my_sim_pkg/build/lib/my_sim_pkg/my_sim_node.py -> /home/miguel/ros2_practica_ws/install/my_sim_pkg/lib/python3.10/site-packages/my_sim_pkg
byte-compiling /home/miguel/ros2_practica_ws/install/my_sim_pkg/lib/python3.10/site-packages/my_sim_pkg/my_sim_node.py to my_sim_node.cpython-310.pyc
running install_data
running install_egg_info
removing '/home/miguel/ros2_practica_ws/install/my_sim_pkg/lib/python3.10/site-packages/my_sim_pkg-0.0.0-py3.10.egg-info' (and everything under it)
Copying ../../build/my_sim_pkg/my_sim_pkg.egg-info to /home/miguel/ros2_practica_ws/install/my_sim_pkg/lib/python3.10/site-packages/my_sim_pkg-0.0.0-py3.10.egg-info
running install_scripts
Installing simulator script to /home/miguel/ros2_practica_ws/install/my_sim_pkg/lib/my_sim_pkg
writing list of installed files to '/home/miguel/ros2_practica_ws/build/my_sim_pkg/install.log'
