running egg_info
creating ../../build/sim_pkg/sim_pkg.egg-info
writing ../../build/sim_pkg/sim_pkg.egg-info/PKG-INFO
writing dependency_links to ../../build/sim_pkg/sim_pkg.egg-info/dependency_links.txt
writing entry points to ../../build/sim_pkg/sim_pkg.egg-info/entry_points.txt
writing requirements to ../../build/sim_pkg/sim_pkg.egg-info/requires.txt
writing top-level names to ../../build/sim_pkg/sim_pkg.egg-info/top_level.txt
writing manifest file '../../build/sim_pkg/sim_pkg.egg-info/SOURCES.txt'
reading manifest file '../../build/sim_pkg/sim_pkg.egg-info/SOURCES.txt'
writing manifest file '../../build/sim_pkg/sim_pkg.egg-info/SOURCES.txt'
running build
running build_py
creating /home/miguel/ros2_practica_ws/build/sim_pkg/build
creating /home/miguel/ros2_practica_ws/build/sim_pkg/build/lib
creating /home/miguel/ros2_practica_ws/build/sim_pkg/build/lib/sim_pkg
copying sim_pkg/sim_manual.py -> /home/miguel/ros2_practica_ws/build/sim_pkg/build/lib/sim_pkg
copying sim_pkg/sim_node.py -> /home/miguel/ros2_practica_ws/build/sim_pkg/build/lib/sim_pkg
copying sim_pkg/__init__.py -> /home/miguel/ros2_practica_ws/build/sim_pkg/build/lib/sim_pkg
creating /home/miguel/ros2_practica_ws/build/sim_pkg/build/lib/sim_pkg/utils
copying sim_pkg/utils/DC_motor_sim.py -> /home/miguel/ros2_practica_ws/build/sim_pkg/build/lib/sim_pkg/utils
copying sim_pkg/utils/Controller.py -> /home/miguel/ros2_practica_ws/build/sim_pkg/build/lib/sim_pkg/utils
copying sim_pkg/utils/Performance.py -> /home/miguel/ros2_practica_ws/build/sim_pkg/build/lib/sim_pkg/utils
copying sim_pkg/utils/__init__.py -> /home/miguel/ros2_practica_ws/build/sim_pkg/build/lib/sim_pkg/utils
running install
running install_lib
creating /home/miguel/ros2_practica_ws/install/sim_pkg/lib/python3.10/site-packages/sim_pkg
creating /home/miguel/ros2_practica_ws/install/sim_pkg/lib/python3.10/site-packages/sim_pkg/utils
copying /home/miguel/ros2_practica_ws/build/sim_pkg/build/lib/sim_pkg/utils/DC_motor_sim.py -> /home/miguel/ros2_practica_ws/install/sim_pkg/lib/python3.10/site-packages/sim_pkg/utils
copying /home/miguel/ros2_practica_ws/build/sim_pkg/build/lib/sim_pkg/utils/Controller.py -> /home/miguel/ros2_practica_ws/install/sim_pkg/lib/python3.10/site-packages/sim_pkg/utils
copying /home/miguel/ros2_practica_ws/build/sim_pkg/build/lib/sim_pkg/utils/Performance.py -> /home/miguel/ros2_practica_ws/install/sim_pkg/lib/python3.10/site-packages/sim_pkg/utils
copying /home/miguel/ros2_practica_ws/build/sim_pkg/build/lib/sim_pkg/utils/__init__.py -> /home/miguel/ros2_practica_ws/install/sim_pkg/lib/python3.10/site-packages/sim_pkg/utils
copying /home/miguel/ros2_practica_ws/build/sim_pkg/build/lib/sim_pkg/sim_manual.py -> /home/miguel/ros2_practica_ws/install/sim_pkg/lib/python3.10/site-packages/sim_pkg
copying /home/miguel/ros2_practica_ws/build/sim_pkg/build/lib/sim_pkg/sim_node.py -> /home/miguel/ros2_practica_ws/install/sim_pkg/lib/python3.10/site-packages/sim_pkg
copying /home/miguel/ros2_practica_ws/build/sim_pkg/build/lib/sim_pkg/__init__.py -> /home/miguel/ros2_practica_ws/install/sim_pkg/lib/python3.10/site-packages/sim_pkg
byte-compiling /home/miguel/ros2_practica_ws/install/sim_pkg/lib/python3.10/site-packages/sim_pkg/utils/DC_motor_sim.py to DC_motor_sim.cpython-310.pyc
byte-compiling /home/miguel/ros2_practica_ws/install/sim_pkg/lib/python3.10/site-packages/sim_pkg/utils/Controller.py to Controller.cpython-310.pyc
byte-compiling /home/miguel/ros2_practica_ws/install/sim_pkg/lib/python3.10/site-packages/sim_pkg/utils/Performance.py to Performance.cpython-310.pyc
byte-compiling /home/miguel/ros2_practica_ws/install/sim_pkg/lib/python3.10/site-packages/sim_pkg/utils/__init__.py to __init__.cpython-310.pyc
byte-compiling /home/miguel/ros2_practica_ws/install/sim_pkg/lib/python3.10/site-packages/sim_pkg/sim_manual.py to sim_manual.cpython-310.pyc
byte-compiling /home/miguel/ros2_practica_ws/install/sim_pkg/lib/python3.10/site-packages/sim_pkg/sim_node.py to sim_node.cpython-310.pyc
byte-compiling /home/miguel/ros2_practica_ws/install/sim_pkg/lib/python3.10/site-packages/sim_pkg/__init__.py to __init__.cpython-310.pyc
running install_data
creating /home/miguel/ros2_practica_ws/install/sim_pkg/share/ament_index
creating /home/miguel/ros2_practica_ws/install/sim_pkg/share/ament_index/resource_index
creating /home/miguel/ros2_practica_ws/install/sim_pkg/share/ament_index/resource_index/packages
copying resource/sim_pkg -> /home/miguel/ros2_practica_ws/install/sim_pkg/share/ament_index/resource_index/packages
copying package.xml -> /home/miguel/ros2_practica_ws/install/sim_pkg/share/sim_pkg
copying launch/sim_srv.launch.py -> /home/miguel/ros2_practica_ws/install/sim_pkg/share/sim_pkg
running install_egg_info
Copying ../../build/sim_pkg/sim_pkg.egg-info to /home/miguel/ros2_practica_ws/install/sim_pkg/lib/python3.10/site-packages/sim_pkg-0.0.0-py3.10.egg-info
running install_scripts
Installing simulator script to /home/miguel/ros2_practica_ws/install/sim_pkg/lib/sim_pkg
writing list of installed files to '/home/miguel/ros2_practica_ws/build/sim_pkg/install.log'
