[0.238s] DEBUG:colcon:Command line arguments: ['/usr/bin/colcon', 'build', '--packages-select', 'genetic_algorithm_pkg']
[0.238s] DEBUG:colcon:Parsed command line arguments: Namespace(log_base=None, log_level=None, verb_name='build', build_base='build', install_base='install', merge_install=False, symlink_install=False, test_result_base=None, continue_on_error=False, executor='parallel', parallel_workers=4, event_handlers=None, ignore_user_meta=False, metas=['./colcon.meta'], base_paths=['.'], packages_ignore=None, packages_ignore_regex=None, paths=None, packages_up_to=None, packages_up_to_regex=None, packages_above=None, packages_above_and_dependencies=None, packages_above_depth=None, packages_select_by_dep=None, packages_skip_by_dep=None, packages_skip_up_to=None, packages_select_build_failed=False, packages_skip_build_finished=False, packages_select_test_failures=False, packages_skip_test_passed=False, packages_select=['genetic_algorithm_pkg'], packages_skip=None, packages_select_regex=None, packages_skip_regex=None, packages_start=None, packages_end=None, allow_overriding=[], cmake_args=None, cmake_target=None, cmake_target_skip_unavailable=False, cmake_clean_cache=False, cmake_clean_first=False, cmake_force_configure=False, ament_cmake_args=None, catkin_cmake_args=None, catkin_skip_building_tests=False, mixin_files=None, mixin=None, verb_parser=<colcon_mixin.mixin.mixin_argument.MixinArgumentDecorator object at 0x7f3662b5f880>, verb_extension=<colcon_core.verb.build.BuildVerb object at 0x7f3662b5f1f0>, main=<bound method BuildVerb.main of <colcon_core.verb.build.BuildVerb object at 0x7f3662b5f1f0>>, mixin_verb=('build',))
[0.562s] Level 1:colcon.colcon_core.package_discovery:discover_packages(colcon_meta) check parameters
[0.562s] Level 1:colcon.colcon_core.package_discovery:discover_packages(recursive) check parameters
[0.562s] Level 1:colcon.colcon_core.package_discovery:discover_packages(ignore) check parameters
[0.562s] Level 1:colcon.colcon_core.package_discovery:discover_packages(path) check parameters
[0.562s] Level 1:colcon.colcon_core.package_discovery:discover_packages(colcon_meta) discover
[0.563s] Level 1:colcon.colcon_core.package_discovery:discover_packages(recursive) discover
[0.563s] INFO:colcon.colcon_core.package_discovery:Crawling recursively for packages in '/home/miguel/ros2_practica_ws'
[0.563s] Level 1:colcon.colcon_core.package_identification:_identify(.) by extensions ['ignore', 'ignore_ament_install']
[0.563s] Level 1:colcon.colcon_core.package_identification:_identify(.) by extension 'ignore'
[0.563s] Level 1:colcon.colcon_core.package_identification:_identify(.) by extension 'ignore_ament_install'
[0.563s] Level 1:colcon.colcon_core.package_identification:_identify(.) by extensions ['colcon_pkg']
[0.563s] Level 1:colcon.colcon_core.package_identification:_identify(.) by extension 'colcon_pkg'
[0.563s] Level 1:colcon.colcon_core.package_identification:_identify(.) by extensions ['colcon_meta']
[0.564s] Level 1:colcon.colcon_core.package_identification:_identify(.) by extension 'colcon_meta'
[0.564s] Level 1:colcon.colcon_core.package_identification:_identify(.) by extensions ['ros']
[0.564s] Level 1:colcon.colcon_core.package_identification:_identify(.) by extension 'ros'
[0.582s] Level 1:colcon.colcon_core.package_identification:_identify(.) by extensions ['cmake', 'python']
[0.582s] Level 1:colcon.colcon_core.package_identification:_identify(.) by extension 'cmake'
[0.582s] Level 1:colcon.colcon_core.package_identification:_identify(.) by extension 'python'
[0.582s] Level 1:colcon.colcon_core.package_identification:_identify(.) by extensions ['python_setup_py']
[0.582s] Level 1:colcon.colcon_core.package_identification:_identify(.) by extension 'python_setup_py'
[0.583s] Level 1:colcon.colcon_core.package_identification:_identify(build) by extensions ['ignore', 'ignore_ament_install']
[0.583s] Level 1:colcon.colcon_core.package_identification:_identify(build) by extension 'ignore'
[0.583s] Level 1:colcon.colcon_core.package_identification:_identify(build) ignored
[0.583s] Level 1:colcon.colcon_core.package_identification:_identify(install) by extensions ['ignore', 'ignore_ament_install']
[0.583s] Level 1:colcon.colcon_core.package_identification:_identify(install) by extension 'ignore'
[0.583s] Level 1:colcon.colcon_core.package_identification:_identify(install) ignored
[0.584s] Level 1:colcon.colcon_core.package_identification:_identify(launch) by extensions ['ignore', 'ignore_ament_install']
[0.584s] Level 1:colcon.colcon_core.package_identification:_identify(launch) by extension 'ignore'
[0.584s] Level 1:colcon.colcon_core.package_identification:_identify(launch) by extension 'ignore_ament_install'
[0.584s] Level 1:colcon.colcon_core.package_identification:_identify(launch) by extensions ['colcon_pkg']
[0.584s] Level 1:colcon.colcon_core.package_identification:_identify(launch) by extension 'colcon_pkg'
[0.584s] Level 1:colcon.colcon_core.package_identification:_identify(launch) by extensions ['colcon_meta']
[0.584s] Level 1:colcon.colcon_core.package_identification:_identify(launch) by extension 'colcon_meta'
[0.584s] Level 1:colcon.colcon_core.package_identification:_identify(launch) by extensions ['ros']
[0.584s] Level 1:colcon.colcon_core.package_identification:_identify(launch) by extension 'ros'
[0.584s] Level 1:colcon.colcon_core.package_identification:_identify(launch) by extensions ['cmake', 'python']
[0.585s] Level 1:colcon.colcon_core.package_identification:_identify(launch) by extension 'cmake'
[0.585s] Level 1:colcon.colcon_core.package_identification:_identify(launch) by extension 'python'
[0.585s] Level 1:colcon.colcon_core.package_identification:_identify(launch) by extensions ['python_setup_py']
[0.585s] Level 1:colcon.colcon_core.package_identification:_identify(launch) by extension 'python_setup_py'
[0.585s] Level 1:colcon.colcon_core.package_identification:_identify(launch/__pycache__) by extensions ['ignore', 'ignore_ament_install']
[0.585s] Level 1:colcon.colcon_core.package_identification:_identify(launch/__pycache__) by extension 'ignore'
[0.585s] Level 1:colcon.colcon_core.package_identification:_identify(launch/__pycache__) by extension 'ignore_ament_install'
[0.585s] Level 1:colcon.colcon_core.package_identification:_identify(launch/__pycache__) by extensions ['colcon_pkg']
[0.586s] Level 1:colcon.colcon_core.package_identification:_identify(launch/__pycache__) by extension 'colcon_pkg'
[0.586s] Level 1:colcon.colcon_core.package_identification:_identify(launch/__pycache__) by extensions ['colcon_meta']
[0.586s] Level 1:colcon.colcon_core.package_identification:_identify(launch/__pycache__) by extension 'colcon_meta'
[0.586s] Level 1:colcon.colcon_core.package_identification:_identify(launch/__pycache__) by extensions ['ros']
[0.586s] Level 1:colcon.colcon_core.package_identification:_identify(launch/__pycache__) by extension 'ros'
[0.586s] Level 1:colcon.colcon_core.package_identification:_identify(launch/__pycache__) by extensions ['cmake', 'python']
[0.586s] Level 1:colcon.colcon_core.package_identification:_identify(launch/__pycache__) by extension 'cmake'
[0.586s] Level 1:colcon.colcon_core.package_identification:_identify(launch/__pycache__) by extension 'python'
[0.586s] Level 1:colcon.colcon_core.package_identification:_identify(launch/__pycache__) by extensions ['python_setup_py']
[0.586s] Level 1:colcon.colcon_core.package_identification:_identify(launch/__pycache__) by extension 'python_setup_py'
[0.587s] Level 1:colcon.colcon_core.package_identification:_identify(log) by extensions ['ignore', 'ignore_ament_install']
[0.587s] Level 1:colcon.colcon_core.package_identification:_identify(log) by extension 'ignore'
[0.587s] Level 1:colcon.colcon_core.package_identification:_identify(log) ignored
[0.587s] Level 1:colcon.colcon_core.package_identification:_identify(src) by extensions ['ignore', 'ignore_ament_install']
[0.587s] Level 1:colcon.colcon_core.package_identification:_identify(src) by extension 'ignore'
[0.587s] Level 1:colcon.colcon_core.package_identification:_identify(src) by extension 'ignore_ament_install'
[0.588s] Level 1:colcon.colcon_core.package_identification:_identify(src) by extensions ['colcon_pkg']
[0.588s] Level 1:colcon.colcon_core.package_identification:_identify(src) by extension 'colcon_pkg'
[0.588s] Level 1:colcon.colcon_core.package_identification:_identify(src) by extensions ['colcon_meta']
[0.588s] Level 1:colcon.colcon_core.package_identification:_identify(src) by extension 'colcon_meta'
[0.588s] Level 1:colcon.colcon_core.package_identification:_identify(src) by extensions ['ros']
[0.588s] Level 1:colcon.colcon_core.package_identification:_identify(src) by extension 'ros'
[0.588s] Level 1:colcon.colcon_core.package_identification:_identify(src) by extensions ['cmake', 'python']
[0.588s] Level 1:colcon.colcon_core.package_identification:_identify(src) by extension 'cmake'
[0.588s] Level 1:colcon.colcon_core.package_identification:_identify(src) by extension 'python'
[0.589s] Level 1:colcon.colcon_core.package_identification:_identify(src) by extensions ['python_setup_py']
[0.589s] Level 1:colcon.colcon_core.package_identification:_identify(src) by extension 'python_setup_py'
[0.589s] Level 1:colcon.colcon_core.package_identification:_identify(src/genetic_algorithm_pkg) by extensions ['ignore', 'ignore_ament_install']
[0.589s] Level 1:colcon.colcon_core.package_identification:_identify(src/genetic_algorithm_pkg) by extension 'ignore'
[0.589s] Level 1:colcon.colcon_core.package_identification:_identify(src/genetic_algorithm_pkg) by extension 'ignore_ament_install'
[0.589s] Level 1:colcon.colcon_core.package_identification:_identify(src/genetic_algorithm_pkg) by extensions ['colcon_pkg']
[0.589s] Level 1:colcon.colcon_core.package_identification:_identify(src/genetic_algorithm_pkg) by extension 'colcon_pkg'
[0.589s] Level 1:colcon.colcon_core.package_identification:_identify(src/genetic_algorithm_pkg) by extensions ['colcon_meta']
[0.589s] Level 1:colcon.colcon_core.package_identification:_identify(src/genetic_algorithm_pkg) by extension 'colcon_meta'
[0.590s] Level 1:colcon.colcon_core.package_identification:_identify(src/genetic_algorithm_pkg) by extensions ['ros']
[0.590s] Level 1:colcon.colcon_core.package_identification:_identify(src/genetic_algorithm_pkg) by extension 'ros'
[0.594s] DEBUG:colcon.colcon_core.package_identification:Package 'src/genetic_algorithm_pkg' with type 'ros.ament_python' and name 'genetic_algorithm_pkg'
[0.594s] Level 1:colcon.colcon_core.package_identification:_identify(src/msgs_control) by extensions ['ignore', 'ignore_ament_install']
[0.594s] Level 1:colcon.colcon_core.package_identification:_identify(src/msgs_control) by extension 'ignore'
[0.595s] Level 1:colcon.colcon_core.package_identification:_identify(src/msgs_control) by extension 'ignore_ament_install'
[0.595s] Level 1:colcon.colcon_core.package_identification:_identify(src/msgs_control) by extensions ['colcon_pkg']
[0.595s] Level 1:colcon.colcon_core.package_identification:_identify(src/msgs_control) by extension 'colcon_pkg'
[0.595s] Level 1:colcon.colcon_core.package_identification:_identify(src/msgs_control) by extensions ['colcon_meta']
[0.595s] Level 1:colcon.colcon_core.package_identification:_identify(src/msgs_control) by extension 'colcon_meta'
[0.595s] Level 1:colcon.colcon_core.package_identification:_identify(src/msgs_control) by extensions ['ros']
[0.595s] Level 1:colcon.colcon_core.package_identification:_identify(src/msgs_control) by extension 'ros'
[0.613s] DEBUG:colcon.colcon_core.package_identification:Package 'src/msgs_control' with type 'ros.ament_cmake' and name 'msgs_control'
[0.613s] Level 1:colcon.colcon_core.package_identification:_identify(src/my_genetic_pkg) by extensions ['ignore', 'ignore_ament_install']
[0.613s] Level 1:colcon.colcon_core.package_identification:_identify(src/my_genetic_pkg) by extension 'ignore'
[0.614s] Level 1:colcon.colcon_core.package_identification:_identify(src/my_genetic_pkg) by extension 'ignore_ament_install'
[0.614s] Level 1:colcon.colcon_core.package_identification:_identify(src/my_genetic_pkg) by extensions ['colcon_pkg']
[0.614s] Level 1:colcon.colcon_core.package_identification:_identify(src/my_genetic_pkg) by extension 'colcon_pkg'
[0.614s] Level 1:colcon.colcon_core.package_identification:_identify(src/my_genetic_pkg) by extensions ['colcon_meta']
[0.614s] Level 1:colcon.colcon_core.package_identification:_identify(src/my_genetic_pkg) by extension 'colcon_meta'
[0.614s] Level 1:colcon.colcon_core.package_identification:_identify(src/my_genetic_pkg) by extensions ['ros']
[0.614s] Level 1:colcon.colcon_core.package_identification:_identify(src/my_genetic_pkg) by extension 'ros'
[0.615s] DEBUG:colcon.colcon_core.package_identification:Package 'src/my_genetic_pkg' with type 'ros.ament_python' and name 'my_genetic_pkg'
[0.615s] Level 1:colcon.colcon_core.package_identification:_identify(src/my_messages_control) by extensions ['ignore', 'ignore_ament_install']
[0.616s] Level 1:colcon.colcon_core.package_identification:_identify(src/my_messages_control) by extension 'ignore'
[0.616s] Level 1:colcon.colcon_core.package_identification:_identify(src/my_messages_control) by extension 'ignore_ament_install'
[0.616s] Level 1:colcon.colcon_core.package_identification:_identify(src/my_messages_control) by extensions ['colcon_pkg']
[0.616s] Level 1:colcon.colcon_core.package_identification:_identify(src/my_messages_control) by extension 'colcon_pkg'
[0.616s] Level 1:colcon.colcon_core.package_identification:_identify(src/my_messages_control) by extensions ['colcon_meta']
[0.616s] Level 1:colcon.colcon_core.package_identification:_identify(src/my_messages_control) by extension 'colcon_meta'
[0.616s] Level 1:colcon.colcon_core.package_identification:_identify(src/my_messages_control) by extensions ['ros']
[0.616s] Level 1:colcon.colcon_core.package_identification:_identify(src/my_messages_control) by extension 'ros'
[0.617s] DEBUG:colcon.colcon_core.package_identification:Package 'src/my_messages_control' with type 'ros.ament_cmake' and name 'my_messages_control'
[0.617s] Level 1:colcon.colcon_core.package_identification:_identify(src/my_sim_pkg) by extensions ['ignore', 'ignore_ament_install']
[0.617s] Level 1:colcon.colcon_core.package_identification:_identify(src/my_sim_pkg) by extension 'ignore'
[0.617s] Level 1:colcon.colcon_core.package_identification:_identify(src/my_sim_pkg) by extension 'ignore_ament_install'
[0.618s] Level 1:colcon.colcon_core.package_identification:_identify(src/my_sim_pkg) by extensions ['colcon_pkg']
[0.618s] Level 1:colcon.colcon_core.package_identification:_identify(src/my_sim_pkg) by extension 'colcon_pkg'
[0.618s] Level 1:colcon.colcon_core.package_identification:_identify(src/my_sim_pkg) by extensions ['colcon_meta']
[0.618s] Level 1:colcon.colcon_core.package_identification:_identify(src/my_sim_pkg) by extension 'colcon_meta'
[0.618s] Level 1:colcon.colcon_core.package_identification:_identify(src/my_sim_pkg) by extensions ['ros']
[0.618s] Level 1:colcon.colcon_core.package_identification:_identify(src/my_sim_pkg) by extension 'ros'
[0.619s] DEBUG:colcon.colcon_core.package_identification:Package 'src/my_sim_pkg' with type 'ros.ament_python' and name 'my_sim_pkg'
[0.619s] Level 1:colcon.colcon_core.package_identification:_identify(src/paquete_lanzador) by extensions ['ignore', 'ignore_ament_install']
[0.619s] Level 1:colcon.colcon_core.package_identification:_identify(src/paquete_lanzador) by extension 'ignore'
[0.619s] Level 1:colcon.colcon_core.package_identification:_identify(src/paquete_lanzador) by extension 'ignore_ament_install'
[0.620s] Level 1:colcon.colcon_core.package_identification:_identify(src/paquete_lanzador) by extensions ['colcon_pkg']
[0.620s] Level 1:colcon.colcon_core.package_identification:_identify(src/paquete_lanzador) by extension 'colcon_pkg'
[0.620s] Level 1:colcon.colcon_core.package_identification:_identify(src/paquete_lanzador) by extensions ['colcon_meta']
[0.620s] Level 1:colcon.colcon_core.package_identification:_identify(src/paquete_lanzador) by extension 'colcon_meta'
[0.620s] Level 1:colcon.colcon_core.package_identification:_identify(src/paquete_lanzador) by extensions ['ros']
[0.620s] Level 1:colcon.colcon_core.package_identification:_identify(src/paquete_lanzador) by extension 'ros'
[0.621s] DEBUG:colcon.colcon_core.package_identification:Package 'src/paquete_lanzador' with type 'ros.ament_python' and name 'paquete_lanzador'
[0.621s] Level 1:colcon.colcon_core.package_identification:_identify(src/sim_pkg) by extensions ['ignore', 'ignore_ament_install']
[0.621s] Level 1:colcon.colcon_core.package_identification:_identify(src/sim_pkg) by extension 'ignore'
[0.621s] Level 1:colcon.colcon_core.package_identification:_identify(src/sim_pkg) by extension 'ignore_ament_install'
[0.621s] Level 1:colcon.colcon_core.package_identification:_identify(src/sim_pkg) by extensions ['colcon_pkg']
[0.622s] Level 1:colcon.colcon_core.package_identification:_identify(src/sim_pkg) by extension 'colcon_pkg'
[0.622s] Level 1:colcon.colcon_core.package_identification:_identify(src/sim_pkg) by extensions ['colcon_meta']
[0.622s] Level 1:colcon.colcon_core.package_identification:_identify(src/sim_pkg) by extension 'colcon_meta'
[0.622s] Level 1:colcon.colcon_core.package_identification:_identify(src/sim_pkg) by extensions ['ros']
[0.622s] Level 1:colcon.colcon_core.package_identification:_identify(src/sim_pkg) by extension 'ros'
[0.623s] DEBUG:colcon.colcon_core.package_identification:Package 'src/sim_pkg' with type 'ros.ament_python' and name 'sim_pkg'
[0.623s] Level 1:colcon.colcon_core.package_discovery:discover_packages(recursive) using defaults
[0.623s] Level 1:colcon.colcon_core.package_discovery:discover_packages(ignore) discover
[0.623s] Level 1:colcon.colcon_core.package_discovery:discover_packages(ignore) using defaults
[0.623s] Level 1:colcon.colcon_core.package_discovery:discover_packages(path) discover
[0.623s] Level 1:colcon.colcon_core.package_discovery:discover_packages(path) using defaults
[0.651s] INFO:colcon.colcon_core.package_selection:Skipping not selected package 'msgs_control' in 'src/msgs_control'
[0.651s] INFO:colcon.colcon_core.package_selection:Skipping not selected package 'my_messages_control' in 'src/my_messages_control'
[0.651s] INFO:colcon.colcon_core.package_selection:Skipping not selected package 'paquete_lanzador' in 'src/paquete_lanzador'
[0.651s] INFO:colcon.colcon_core.package_selection:Skipping not selected package 'sim_pkg' in 'src/sim_pkg'
[0.652s] INFO:colcon.colcon_core.package_selection:Skipping not selected package 'my_genetic_pkg' in 'src/my_genetic_pkg'
[0.652s] INFO:colcon.colcon_core.package_selection:Skipping not selected package 'my_sim_pkg' in 'src/my_sim_pkg'
[0.652s] Level 1:colcon.colcon_core.package_discovery:discover_packages(prefix_path) check parameters
[0.652s] Level 1:colcon.colcon_core.package_discovery:discover_packages(prefix_path) discover
[0.655s] DEBUG:colcon.colcon_installed_package_information.package_discovery:Found 7 installed packages in /home/miguel/ros2_practica_ws/install
[0.657s] DEBUG:colcon.colcon_installed_package_information.package_discovery:Found 288 installed packages in /opt/ros/humble
[0.660s] Level 1:colcon.colcon_core.package_discovery:discover_packages(prefix_path) using defaults
[0.726s] Level 5:colcon.colcon_core.verb:set package 'genetic_algorithm_pkg' build argument 'cmake_args' from command line to 'None'
[0.726s] Level 5:colcon.colcon_core.verb:set package 'genetic_algorithm_pkg' build argument 'cmake_target' from command line to 'None'
[0.726s] Level 5:colcon.colcon_core.verb:set package 'genetic_algorithm_pkg' build argument 'cmake_target_skip_unavailable' from command line to 'False'
[0.726s] Level 5:colcon.colcon_core.verb:set package 'genetic_algorithm_pkg' build argument 'cmake_clean_cache' from command line to 'False'
[0.726s] Level 5:colcon.colcon_core.verb:set package 'genetic_algorithm_pkg' build argument 'cmake_clean_first' from command line to 'False'
[0.726s] Level 5:colcon.colcon_core.verb:set package 'genetic_algorithm_pkg' build argument 'cmake_force_configure' from command line to 'False'
[0.726s] Level 5:colcon.colcon_core.verb:set package 'genetic_algorithm_pkg' build argument 'ament_cmake_args' from command line to 'None'
[0.726s] Level 5:colcon.colcon_core.verb:set package 'genetic_algorithm_pkg' build argument 'catkin_cmake_args' from command line to 'None'
[0.727s] Level 5:colcon.colcon_core.verb:set package 'genetic_algorithm_pkg' build argument 'catkin_skip_building_tests' from command line to 'False'
[0.727s] DEBUG:colcon.colcon_core.verb:Building package 'genetic_algorithm_pkg' with the following arguments: {'ament_cmake_args': None, 'build_base': '/home/miguel/ros2_practica_ws/build/genetic_algorithm_pkg', 'catkin_cmake_args': None, 'catkin_skip_building_tests': False, 'cmake_args': None, 'cmake_clean_cache': False, 'cmake_clean_first': False, 'cmake_force_configure': False, 'cmake_target': None, 'cmake_target_skip_unavailable': False, 'install_base': '/home/miguel/ros2_practica_ws/install/genetic_algorithm_pkg', 'merge_install': False, 'path': '/home/miguel/ros2_practica_ws/src/genetic_algorithm_pkg', 'symlink_install': False, 'test_result_base': None}
[0.727s] INFO:colcon.colcon_core.executor:Executing jobs using 'parallel' executor
[0.728s] DEBUG:colcon.colcon_parallel_executor.executor.parallel:run_until_complete
[0.729s] INFO:colcon.colcon_ros.task.ament_python.build:Building ROS package in '/home/miguel/ros2_practica_ws/src/genetic_algorithm_pkg' with build type 'ament_python'
[0.729s] Level 1:colcon.colcon_core.shell:create_environment_hook('genetic_algorithm_pkg', 'ament_prefix_path')
[0.734s] INFO:colcon.colcon_core.plugin_system:Skipping extension 'colcon_core.shell.bat': Not used on non-Windows systems
[0.735s] INFO:colcon.colcon_core.shell:Creating environment hook '/home/miguel/ros2_practica_ws/install/genetic_algorithm_pkg/share/genetic_algorithm_pkg/hook/ament_prefix_path.ps1'
[0.736s] INFO:colcon.colcon_core.shell:Creating environment descriptor '/home/miguel/ros2_practica_ws/install/genetic_algorithm_pkg/share/genetic_algorithm_pkg/hook/ament_prefix_path.dsv'
[0.737s] INFO:colcon.colcon_core.shell:Creating environment hook '/home/miguel/ros2_practica_ws/install/genetic_algorithm_pkg/share/genetic_algorithm_pkg/hook/ament_prefix_path.sh'
[0.739s] INFO:colcon.colcon_core.shell:Skip shell extension 'powershell' for command environment: Not usable outside of PowerShell
[0.739s] DEBUG:colcon.colcon_core.shell:Skip shell extension 'dsv' for command environment
[1.406s] INFO:colcon.colcon_core.task.python.build:Building Python package in '/home/miguel/ros2_practica_ws/src/genetic_algorithm_pkg'
[1.406s] INFO:colcon.colcon_core.shell:Skip shell extension 'powershell' for command environment: Not usable outside of PowerShell
[1.407s] DEBUG:colcon.colcon_core.shell:Skip shell extension 'dsv' for command environment
[2.193s] DEBUG:colcon.colcon_core.event_handler.log_command:Invoking command in '/home/miguel/ros2_practica_ws/src/genetic_algorithm_pkg': CMAKE_PREFIX_PATH=/home/miguel/ros2_practica_ws/install/msgs_control:/home/miguel/ros2_practica_ws/install/my_messages_control LD_LIBRARY_PATH=/home/miguel/ros2_practica_ws/install/msgs_control/lib:/home/miguel/ros2_practica_ws/install/my_messages_control/lib:/opt/ros/humble/opt/rviz_ogre_vendor/lib:/opt/ros/humble/lib/x86_64-linux-gnu:/opt/ros/humble/lib PYTHONPATH=/home/miguel/ros2_practica_ws/build/genetic_algorithm_pkg/prefix_override:/home/miguel/ros2_practica_ws/install/genetic_algorithm_pkg/lib/python3.10/site-packages:${PYTHONPATH} WSLENV=ELECTRON_RUN_AS_NODE/w:WT_SESSION:WT_PROFILE_ID: /usr/bin/python3 -W ignore:setup.py install is deprecated setup.py egg_info --egg-base ../../build/genetic_algorithm_pkg build --build-base /home/miguel/ros2_practica_ws/build/genetic_algorithm_pkg/build install --record /home/miguel/ros2_practica_ws/build/genetic_algorithm_pkg/install.log --single-version-externally-managed install_data
[2.794s] DEBUG:colcon.colcon_core.event_handler.log_command:Invoked command in '/home/miguel/ros2_practica_ws/src/genetic_algorithm_pkg' returned '0': CMAKE_PREFIX_PATH=/home/miguel/ros2_practica_ws/install/msgs_control:/home/miguel/ros2_practica_ws/install/my_messages_control LD_LIBRARY_PATH=/home/miguel/ros2_practica_ws/install/msgs_control/lib:/home/miguel/ros2_practica_ws/install/my_messages_control/lib:/opt/ros/humble/opt/rviz_ogre_vendor/lib:/opt/ros/humble/lib/x86_64-linux-gnu:/opt/ros/humble/lib PYTHONPATH=/home/miguel/ros2_practica_ws/build/genetic_algorithm_pkg/prefix_override:/home/miguel/ros2_practica_ws/install/genetic_algorithm_pkg/lib/python3.10/site-packages:${PYTHONPATH} WSLENV=ELECTRON_RUN_AS_NODE/w:WT_SESSION:WT_PROFILE_ID: /usr/bin/python3 -W ignore:setup.py install is deprecated setup.py egg_info --egg-base ../../build/genetic_algorithm_pkg build --build-base /home/miguel/ros2_practica_ws/build/genetic_algorithm_pkg/build install --record /home/miguel/ros2_practica_ws/build/genetic_algorithm_pkg/install.log --single-version-externally-managed install_data
[2.797s] Level 1:colcon.colcon_core.environment:checking '/home/miguel/ros2_practica_ws/install/genetic_algorithm_pkg' for CMake module files
[2.798s] Level 1:colcon.colcon_core.environment:checking '/home/miguel/ros2_practica_ws/install/genetic_algorithm_pkg' for CMake config files
[2.799s] Level 1:colcon.colcon_core.environment:checking '/home/miguel/ros2_practica_ws/install/genetic_algorithm_pkg/lib'
[2.799s] Level 1:colcon.colcon_core.environment:checking '/home/miguel/ros2_practica_ws/install/genetic_algorithm_pkg/bin'
[2.799s] Level 1:colcon.colcon_core.environment:checking '/home/miguel/ros2_practica_ws/install/genetic_algorithm_pkg/lib/pkgconfig/genetic_algorithm_pkg.pc'
[2.800s] Level 1:colcon.colcon_core.environment:checking '/home/miguel/ros2_practica_ws/install/genetic_algorithm_pkg/lib/python3.10/site-packages'
[2.800s] Level 1:colcon.colcon_core.shell:create_environment_hook('genetic_algorithm_pkg', 'pythonpath')
[2.800s] INFO:colcon.colcon_core.shell:Creating environment hook '/home/miguel/ros2_practica_ws/install/genetic_algorithm_pkg/share/genetic_algorithm_pkg/hook/pythonpath.ps1'
[2.801s] INFO:colcon.colcon_core.shell:Creating environment descriptor '/home/miguel/ros2_practica_ws/install/genetic_algorithm_pkg/share/genetic_algorithm_pkg/hook/pythonpath.dsv'
[2.801s] INFO:colcon.colcon_core.shell:Creating environment hook '/home/miguel/ros2_practica_ws/install/genetic_algorithm_pkg/share/genetic_algorithm_pkg/hook/pythonpath.sh'
[2.802s] Level 1:colcon.colcon_core.environment:checking '/home/miguel/ros2_practica_ws/install/genetic_algorithm_pkg/bin'
[2.802s] Level 1:colcon.colcon_core.environment:create_environment_scripts_only(genetic_algorithm_pkg)
[2.803s] INFO:colcon.colcon_core.shell:Creating package script '/home/miguel/ros2_practica_ws/install/genetic_algorithm_pkg/share/genetic_algorithm_pkg/package.ps1'
[2.805s] INFO:colcon.colcon_core.shell:Creating package descriptor '/home/miguel/ros2_practica_ws/install/genetic_algorithm_pkg/share/genetic_algorithm_pkg/package.dsv'
[2.807s] INFO:colcon.colcon_core.shell:Creating package script '/home/miguel/ros2_practica_ws/install/genetic_algorithm_pkg/share/genetic_algorithm_pkg/package.sh'
[2.808s] INFO:colcon.colcon_core.shell:Creating package script '/home/miguel/ros2_practica_ws/install/genetic_algorithm_pkg/share/genetic_algorithm_pkg/package.bash'
[2.810s] INFO:colcon.colcon_core.shell:Creating package script '/home/miguel/ros2_practica_ws/install/genetic_algorithm_pkg/share/genetic_algorithm_pkg/package.zsh'
[2.811s] Level 1:colcon.colcon_core.environment:create_file_with_runtime_dependencies(/home/miguel/ros2_practica_ws/install/genetic_algorithm_pkg/share/colcon-core/packages/genetic_algorithm_pkg)
[2.811s] DEBUG:colcon.colcon_parallel_executor.executor.parallel:closing loop
[2.812s] DEBUG:colcon.colcon_parallel_executor.executor.parallel:loop closed
[2.812s] DEBUG:colcon.colcon_parallel_executor.executor.parallel:run_until_complete finished with '0'
[2.813s] DEBUG:colcon.colcon_core.event_reactor:joining thread
[2.862s] INFO:colcon.colcon_core.plugin_system:Skipping extension 'colcon_notification.desktop_notification.notify_send': Could not find 'notify-send'
[2.862s] INFO:colcon.colcon_core.plugin_system:Skipping extension 'colcon_notification.desktop_notification.terminal_notifier': Not used on non-Darwin systems
[2.862s] INFO:colcon.colcon_core.plugin_system:Skipping extension 'colcon_notification.desktop_notification.win32': Not used on non-Windows systems
[2.863s] INFO:colcon.colcon_notification.desktop_notification:Sending desktop notification using 'notify2'
[2.863s] DEBUG:colcon.colcon_notification.desktop_notification.notify2:Failed to initialize notify2: org.freedesktop.DBus.Error.FileNotFound: Failed to connect to socket /run/user/1000/bus: No such file or directory
[2.863s] DEBUG:colcon.colcon_core.event_reactor:joined thread
[2.864s] INFO:colcon.colcon_core.shell:Creating prefix script '/home/miguel/ros2_practica_ws/install/local_setup.ps1'
[2.865s] INFO:colcon.colcon_core.shell:Creating prefix util module '/home/miguel/ros2_practica_ws/install/_local_setup_util_ps1.py'
[2.868s] INFO:colcon.colcon_core.shell:Creating prefix chain script '/home/miguel/ros2_practica_ws/install/setup.ps1'
[2.871s] INFO:colcon.colcon_core.shell:Creating prefix script '/home/miguel/ros2_practica_ws/install/local_setup.sh'
[2.873s] INFO:colcon.colcon_core.shell:Creating prefix util module '/home/miguel/ros2_practica_ws/install/_local_setup_util_sh.py'
[2.875s] INFO:colcon.colcon_core.shell:Creating prefix chain script '/home/miguel/ros2_practica_ws/install/setup.sh'
[2.878s] INFO:colcon.colcon_core.shell:Creating prefix script '/home/miguel/ros2_practica_ws/install/local_setup.bash'
[2.879s] INFO:colcon.colcon_core.shell:Creating prefix chain script '/home/miguel/ros2_practica_ws/install/setup.bash'
[2.884s] INFO:colcon.colcon_core.shell:Creating prefix script '/home/miguel/ros2_practica_ws/install/local_setup.zsh'
[2.885s] INFO:colcon.colcon_core.shell:Creating prefix chain script '/home/miguel/ros2_practica_ws/install/setup.zsh'
