running egg_info
writing ../../build/lanzador_cliente_servidor_pkg/lanzador_cliente_servidor_pkg.egg-info/PKG-INFO
writing dependency_links to ../../build/lanzador_cliente_servidor_pkg/lanzador_cliente_servidor_pkg.egg-info/dependency_links.txt
writing entry points to ../../build/lanzador_cliente_servidor_pkg/lanzador_cliente_servidor_pkg.egg-info/entry_points.txt
writing requirements to ../../build/lanzador_cliente_servidor_pkg/lanzador_cliente_servidor_pkg.egg-info/requires.txt
writing top-level names to ../../build/lanzador_cliente_servidor_pkg/lanzador_cliente_servidor_pkg.egg-info/top_level.txt
reading manifest file '../../build/lanzador_cliente_servidor_pkg/lanzador_cliente_servidor_pkg.egg-info/SOURCES.txt'
adding license file 'LICENSE'
writing manifest file '../../build/lanzador_cliente_servidor_pkg/lanzador_cliente_servidor_pkg.egg-info/SOURCES.txt'
running build
running build_py
running install
running install_lib
running install_data
copying launch/lanzador_cliente_servidor.launch.py -> /home/miguel/ros2_practica_ws/install/lanzador_cliente_servidor_pkg/share/lanzador_cliente_servidor_pkg
running install_egg_info
removing '/home/miguel/ros2_practica_ws/install/lanzador_cliente_servidor_pkg/lib/python3.10/site-packages/lanzador_cliente_servidor_pkg-0.0.0-py3.10.egg-info' (and everything under it)
Copying ../../build/lanzador_cliente_servidor_pkg/lanzador_cliente_servidor_pkg.egg-info to /home/miguel/ros2_practica_ws/install/lanzador_cliente_servidor_pkg/lib/python3.10/site-packages/lanzador_cliente_servidor_pkg-0.0.0-py3.10.egg-info
running install_scripts
writing list of installed files to '/home/miguel/ros2_practica_ws/build/lanzador_cliente_servidor_pkg/install.log'
