[0.021s] Invoking command in '/home/miguel/ros2_practica_ws/build/my_messages_control': CMAKE_PREFIX_PATH=/opt/ros/humble WSLENV=ELECTRON_RUN_AS_NODE/w:WT_SESSION:WT_PROFILE_ID: /usr/bin/cmake /home/miguel/ros2_practica_ws/src/my_messages_control -DCMAKE_INSTALL_PREFIX=/home/miguel/ros2_practica_ws/install/my_messages_control
[0.414s] -- The C compiler identification is GNU 11.4.0
[0.923s] -- The CXX compiler identification is GNU 11.4.0
[1.205s] -- Detecting C compiler ABI info
[1.374s] -- Detecting C compiler ABI info - done
[1.386s] -- Check for working C compiler: /usr/bin/cc - skipped
[1.389s] -- Detecting C compile features
[1.390s] -- Detecting C compile features - done
[1.396s] -- Detecting CXX compiler ABI info
[1.579s] -- Detecting CXX compiler ABI info - done
[1.597s] -- Check for working CXX compiler: /usr/bin/c++ - skipped
[1.597s] -- Detecting CXX compile features
[1.598s] -- Detecting CXX compile features - done
[1.615s] -- Found ament_cmake: 1.3.8 (/opt/ros/humble/share/ament_cmake/cmake)
[1.851s] -- Found Python3: /usr/bin/python3 (found version "3.10.12") found components: Interpreter 
[2.011s] -- Found ament_lint_auto: 0.12.10 (/opt/ros/humble/share/ament_lint_auto/cmake)
[2.151s] -- Found rosidl_default_generators: 1.2.0 (/opt/ros/humble/share/rosidl_default_generators/cmake)
[2.161s] -- Using all available rosidl_typesupport_c: rosidl_typesupport_fastrtps_c;rosidl_typesupport_introspection_c
[2.180s] -- Found rosidl_adapter: 3.1.5 (/opt/ros/humble/share/rosidl_adapter/cmake)
[2.404s] -- Using all available rosidl_typesupport_cpp: rosidl_typesupport_fastrtps_cpp;rosidl_typesupport_introspection_cpp
[2.810s] -- Found ament_cmake_ros: 0.10.0 (/opt/ros/humble/share/ament_cmake_ros/cmake)
[3.100s] -- Using all available rosidl_typesupport_c: rosidl_typesupport_fastrtps_c;rosidl_typesupport_introspection_c
[3.463s] -- Using all available rosidl_typesupport_cpp: rosidl_typesupport_fastrtps_cpp;rosidl_typesupport_introspection_cpp
[3.580s] -- Found PythonInterp: /usr/bin/python3 (found suitable version "3.10.12", minimum required is "3.6") 
[3.584s] -- Found python_cmake_module: 0.10.0 (/opt/ros/humble/share/python_cmake_module/cmake)
[3.935s] -- Found PythonLibs: /usr/lib/x86_64-linux-gnu/libpython3.10.so (found suitable version "3.10.12", minimum required is "3.5") 
[3.936s] -- Using PYTHON_EXECUTABLE: /usr/bin/python3
[3.936s] -- Using PYTHON_INCLUDE_DIRS: /usr/include/python3.10
[3.936s] -- Using PYTHON_LIBRARIES: /usr/lib/x86_64-linux-gnu/libpython3.10.so
[3.967s] -- Found PythonExtra: .so  
[4.058s] -- Added test 'lint_cmake' to check CMake code style
[4.061s] -- Added test 'xmllint' to check XML markup files
[4.078s] -- Configuring done
[4.128s] -- Generating done
[4.134s] -- Build files have been written to: /home/miguel/ros2_practica_ws/build/my_messages_control
[4.152s] Invoked command in '/home/miguel/ros2_practica_ws/build/my_messages_control' returned '0': CMAKE_PREFIX_PATH=/opt/ros/humble WSLENV=ELECTRON_RUN_AS_NODE/w:WT_SESSION:WT_PROFILE_ID: /usr/bin/cmake /home/miguel/ros2_practica_ws/src/my_messages_control -DCMAKE_INSTALL_PREFIX=/home/miguel/ros2_practica_ws/install/my_messages_control
[4.153s] Invoking command in '/home/miguel/ros2_practica_ws/build/my_messages_control': CMAKE_PREFIX_PATH=/opt/ros/humble WSLENV=ELECTRON_RUN_AS_NODE/w:WT_SESSION:WT_PROFILE_ID: /usr/bin/cmake --build /home/miguel/ros2_practica_ws/build/my_messages_control -- -j4 -l4
[4.199s] [  3%] [34m[1mGenerating C code for ROS interfaces[0m
[4.214s] [  6%] [34m[1mGenerating C++ code for ROS interfaces[0m
[4.234s] [  6%] Built target ament_cmake_python_copy_my_messages_control
[5.056s] running egg_info
[5.057s] creating my_messages_control.egg-info
[5.058s] writing my_messages_control.egg-info/PKG-INFO
[5.058s] writing dependency_links to my_messages_control.egg-info/dependency_links.txt
[5.058s] writing top-level names to my_messages_control.egg-info/top_level.txt
[5.058s] writing manifest file 'my_messages_control.egg-info/SOURCES.txt'
[5.065s] reading manifest file 'my_messages_control.egg-info/SOURCES.txt'
[5.068s] writing manifest file 'my_messages_control.egg-info/SOURCES.txt'
[5.100s] [  6%] Built target my_messages_control__cpp
[5.115s] [ 16%] [34m[1mGenerating C++ introspection for ROS interfaces[0m
[5.116s] [ 16%] [32mBuilding C object CMakeFiles/my_messages_control__rosidl_generator_c.dir/rosidl_generator_c/my_messages_control/srv/detail/my_simulator_pid__functions.c.o[0m
[5.116s] [ 16%] [34m[1mGenerating C++ type support for eProsima Fast-RTPS[0m
[5.142s] [ 16%] Built target ament_cmake_python_build_my_messages_control_egg
[5.161s] [ 19%] [34m[1mGenerating C++ type support dispatch for ROS interfaces[0m
[5.417s] [ 22%] [32m[1mLinking C shared library libmy_messages_control__rosidl_generator_c.so[0m
[5.599s] [ 22%] Built target my_messages_control__rosidl_generator_c
[5.615s] [ 25%] [34m[1mGenerating C introspection for ROS interfaces[0m
[6.031s] [ 29%] [32mBuilding CXX object CMakeFiles/my_messages_control__rosidl_typesupport_cpp.dir/rosidl_typesupport_cpp/my_messages_control/srv/my_simulator_pid__type_support.cpp.o[0m
[6.033s] [ 32%] [32mBuilding CXX object CMakeFiles/my_messages_control__rosidl_typesupport_introspection_cpp.dir/rosidl_typesupport_introspection_cpp/my_messages_control/srv/detail/my_simulator_pid__type_support.cpp.o[0m
[6.082s] [ 35%] [32mBuilding CXX object CMakeFiles/my_messages_control__rosidl_typesupport_fastrtps_cpp.dir/rosidl_typesupport_fastrtps_cpp/my_messages_control/srv/detail/dds_fastrtps/my_simulator_pid__type_support.cpp.o[0m
[6.523s] [ 38%] [32mBuilding C object CMakeFiles/my_messages_control__rosidl_typesupport_introspection_c.dir/rosidl_typesupport_introspection_c/my_messages_control/srv/detail/my_simulator_pid__type_support.c.o[0m
[6.620s] [ 41%] [32m[1mLinking C shared library libmy_messages_control__rosidl_typesupport_introspection_c.so[0m
[6.792s] [ 41%] Built target my_messages_control__rosidl_typesupport_introspection_c
[6.810s] [ 45%] [34m[1mGenerating C type support dispatch for ROS interfaces[0m
[6.996s] [ 48%] [32m[1mLinking CXX shared library libmy_messages_control__rosidl_typesupport_cpp.so[0m
[7.505s] [ 48%] Built target my_messages_control__rosidl_typesupport_cpp
[7.530s] [ 51%] [34m[1mGenerating C type support for eProsima Fast-RTPS[0m
[7.568s] [ 54%] [32m[1mLinking CXX shared library libmy_messages_control__rosidl_typesupport_introspection_cpp.so[0m
[7.718s] [ 58%] [32m[1mLinking CXX shared library libmy_messages_control__rosidl_typesupport_fastrtps_cpp.so[0m
[7.753s] [ 58%] Built target my_messages_control__rosidl_typesupport_introspection_cpp
[7.877s] [ 61%] [32mBuilding CXX object CMakeFiles/my_messages_control__rosidl_typesupport_c.dir/rosidl_typesupport_c/my_messages_control/srv/my_simulator_pid__type_support.cpp.o[0m
[7.935s] [ 64%] [32m[1mLinking CXX shared library libmy_messages_control__rosidl_typesupport_c.so[0m
[8.005s] [ 64%] Built target my_messages_control__rosidl_typesupport_fastrtps_cpp
[8.068s] [ 64%] Built target my_messages_control__rosidl_typesupport_c
[8.253s] [ 67%] [32mBuilding CXX object CMakeFiles/my_messages_control__rosidl_typesupport_fastrtps_c.dir/rosidl_typesupport_fastrtps_c/my_messages_control/srv/detail/my_simulator_pid__type_support_c.cpp.o[0m
[8.831s] [ 70%] [32m[1mLinking CXX shared library libmy_messages_control__rosidl_typesupport_fastrtps_c.so[0m
[9.018s] [ 70%] Built target my_messages_control__rosidl_typesupport_fastrtps_c
[9.040s] [ 70%] Built target my_messages_control
[9.066s] [ 74%] [34m[1mGenerating Python code for ROS interfaces[0m
[9.795s] [ 74%] Built target my_messages_control__py
[9.829s] [ 77%] [32mBuilding C object CMakeFiles/my_messages_control__rosidl_generator_py.dir/rosidl_generator_py/my_messages_control/srv/_my_simulator_pid_s.c.o[0m
[10.166s] [ 80%] [32m[1mLinking C shared library rosidl_generator_py/my_messages_control/libmy_messages_control__rosidl_generator_py.so[0m
[10.340s] [ 80%] Built target my_messages_control__rosidl_generator_py
[10.400s] [ 83%] [32mBuilding C object CMakeFiles/my_messages_control__rosidl_typesupport_introspection_c__pyext.dir/rosidl_generator_py/my_messages_control/_my_messages_control_s.ep.rosidl_typesupport_introspection_c.c.o[0m
[10.406s] [ 87%] [32mBuilding C object CMakeFiles/my_messages_control__rosidl_typesupport_fastrtps_c__pyext.dir/rosidl_generator_py/my_messages_control/_my_messages_control_s.ep.rosidl_typesupport_fastrtps_c.c.o[0m
[10.417s] [ 90%] [32mBuilding C object CMakeFiles/my_messages_control__rosidl_typesupport_c__pyext.dir/rosidl_generator_py/my_messages_control/_my_messages_control_s.ep.rosidl_typesupport_c.c.o[0m
[10.712s] [ 93%] [32m[1mLinking C shared library rosidl_generator_py/my_messages_control/my_messages_control_s__rosidl_typesupport_fastrtps_c.cpython-310-x86_64-linux-gnu.so[0m
[10.726s] [ 96%] [32m[1mLinking C shared library rosidl_generator_py/my_messages_control/my_messages_control_s__rosidl_typesupport_introspection_c.cpython-310-x86_64-linux-gnu.so[0m
[10.796s] [100%] [32m[1mLinking C shared library rosidl_generator_py/my_messages_control/my_messages_control_s__rosidl_typesupport_c.cpython-310-x86_64-linux-gnu.so[0m
[10.875s] [100%] Built target my_messages_control__rosidl_typesupport_fastrtps_c__pyext
[10.877s] [100%] Built target my_messages_control__rosidl_typesupport_introspection_c__pyext
[10.977s] [100%] Built target my_messages_control__rosidl_typesupport_c__pyext
[11.001s] Invoked command in '/home/miguel/ros2_practica_ws/build/my_messages_control' returned '0': CMAKE_PREFIX_PATH=/opt/ros/humble WSLENV=ELECTRON_RUN_AS_NODE/w:WT_SESSION:WT_PROFILE_ID: /usr/bin/cmake --build /home/miguel/ros2_practica_ws/build/my_messages_control -- -j4 -l4
[11.117s] Invoking command in '/home/miguel/ros2_practica_ws/build/my_messages_control': CMAKE_PREFIX_PATH=/opt/ros/humble WSLENV=ELECTRON_RUN_AS_NODE/w:WT_SESSION:WT_PROFILE_ID: /usr/bin/cmake --install /home/miguel/ros2_practica_ws/build/my_messages_control
[11.132s] -- Install configuration: ""
[11.134s] -- Installing: /home/miguel/ros2_practica_ws/install/my_messages_control/share/ament_index/resource_index/rosidl_interfaces/my_messages_control
[11.136s] -- Installing: /home/miguel/ros2_practica_ws/install/my_messages_control/include/my_messages_control/my_messages_control
[11.137s] -- Installing: /home/miguel/ros2_practica_ws/install/my_messages_control/include/my_messages_control/my_messages_control/srv
[11.137s] -- Installing: /home/miguel/ros2_practica_ws/install/my_messages_control/include/my_messages_control/my_messages_control/srv/my_simulator_pid.h
[11.139s] -- Installing: /home/miguel/ros2_practica_ws/install/my_messages_control/include/my_messages_control/my_messages_control/srv/detail
[11.139s] -- Installing: /home/miguel/ros2_practica_ws/install/my_messages_control/include/my_messages_control/my_messages_control/srv/detail/my_simulator_pid__functions.h
[11.150s] -- Installing: /home/miguel/ros2_practica_ws/install/my_messages_control/include/my_messages_control/my_messages_control/srv/detail/my_simulator_pid__functions.c
[11.150s] -- Installing: /home/miguel/ros2_practica_ws/install/my_messages_control/include/my_messages_control/my_messages_control/srv/detail/my_simulator_pid__struct.h
[11.151s] -- Installing: /home/miguel/ros2_practica_ws/install/my_messages_control/include/my_messages_control/my_messages_control/srv/detail/my_simulator_pid__type_support.h
[11.151s] -- Installing: /home/miguel/ros2_practica_ws/install/my_messages_control/include/my_messages_control/my_messages_control/msg
[11.151s] -- Installing: /home/miguel/ros2_practica_ws/install/my_messages_control/include/my_messages_control/my_messages_control/msg/rosidl_generator_c__visibility_control.h
[11.151s] -- Installing: /home/miguel/ros2_practica_ws/install/my_messages_control/share/my_messages_control/environment/library_path.sh
[11.151s] -- Installing: /home/miguel/ros2_practica_ws/install/my_messages_control/share/my_messages_control/environment/library_path.dsv
[11.152s] -- Installing: /home/miguel/ros2_practica_ws/install/my_messages_control/lib/libmy_messages_control__rosidl_generator_c.so
[11.152s] -- Set runtime path of "/home/miguel/ros2_practica_ws/install/my_messages_control/lib/libmy_messages_control__rosidl_generator_c.so" to ""
[11.152s] -- Up-to-date: /home/miguel/ros2_practica_ws/install/my_messages_control/include/my_messages_control/my_messages_control
[11.152s] -- Up-to-date: /home/miguel/ros2_practica_ws/install/my_messages_control/include/my_messages_control/my_messages_control/srv
[11.152s] -- Up-to-date: /home/miguel/ros2_practica_ws/install/my_messages_control/include/my_messages_control/my_messages_control/srv/detail
[11.153s] -- Installing: /home/miguel/ros2_practica_ws/install/my_messages_control/include/my_messages_control/my_messages_control/srv/detail/my_simulator_pid__rosidl_typesupport_fastrtps_c.h
[11.153s] -- Up-to-date: /home/miguel/ros2_practica_ws/install/my_messages_control/include/my_messages_control/my_messages_control/msg
[11.153s] -- Installing: /home/miguel/ros2_practica_ws/install/my_messages_control/include/my_messages_control/my_messages_control/msg/rosidl_typesupport_fastrtps_c__visibility_control.h
[11.153s] -- Installing: /home/miguel/ros2_practica_ws/install/my_messages_control/lib/libmy_messages_control__rosidl_typesupport_fastrtps_c.so
[11.153s] -- Set runtime path of "/home/miguel/ros2_practica_ws/install/my_messages_control/lib/libmy_messages_control__rosidl_typesupport_fastrtps_c.so" to ""
[11.154s] -- Up-to-date: /home/miguel/ros2_practica_ws/install/my_messages_control/include/my_messages_control/my_messages_control
[11.154s] -- Up-to-date: /home/miguel/ros2_practica_ws/install/my_messages_control/include/my_messages_control/my_messages_control/srv
[11.155s] -- Up-to-date: /home/miguel/ros2_practica_ws/install/my_messages_control/include/my_messages_control/my_messages_control/srv/detail
[11.155s] -- Installing: /home/miguel/ros2_practica_ws/install/my_messages_control/include/my_messages_control/my_messages_control/srv/detail/my_simulator_pid__rosidl_typesupport_introspection_c.h
[11.155s] -- Installing: /home/miguel/ros2_practica_ws/install/my_messages_control/include/my_messages_control/my_messages_control/srv/detail/my_simulator_pid__type_support.c
[11.156s] -- Up-to-date: /home/miguel/ros2_practica_ws/install/my_messages_control/include/my_messages_control/my_messages_control/msg
[11.156s] -- Installing: /home/miguel/ros2_practica_ws/install/my_messages_control/include/my_messages_control/my_messages_control/msg/rosidl_typesupport_introspection_c__visibility_control.h
[11.156s] -- Installing: /home/miguel/ros2_practica_ws/install/my_messages_control/lib/libmy_messages_control__rosidl_typesupport_introspection_c.so
[11.156s] -- Set runtime path of "/home/miguel/ros2_practica_ws/install/my_messages_control/lib/libmy_messages_control__rosidl_typesupport_introspection_c.so" to ""
[11.156s] -- Installing: /home/miguel/ros2_practica_ws/install/my_messages_control/lib/libmy_messages_control__rosidl_typesupport_c.so
[11.156s] -- Set runtime path of "/home/miguel/ros2_practica_ws/install/my_messages_control/lib/libmy_messages_control__rosidl_typesupport_c.so" to ""
[11.157s] -- Up-to-date: /home/miguel/ros2_practica_ws/install/my_messages_control/include/my_messages_control/my_messages_control
[11.157s] -- Up-to-date: /home/miguel/ros2_practica_ws/install/my_messages_control/include/my_messages_control/my_messages_control/srv
[11.157s] -- Installing: /home/miguel/ros2_practica_ws/install/my_messages_control/include/my_messages_control/my_messages_control/srv/my_simulator_pid.hpp
[11.157s] -- Up-to-date: /home/miguel/ros2_practica_ws/install/my_messages_control/include/my_messages_control/my_messages_control/srv/detail
[11.157s] -- Installing: /home/miguel/ros2_practica_ws/install/my_messages_control/include/my_messages_control/my_messages_control/srv/detail/my_simulator_pid__struct.hpp
[11.158s] -- Installing: /home/miguel/ros2_practica_ws/install/my_messages_control/include/my_messages_control/my_messages_control/srv/detail/my_simulator_pid__builder.hpp
[11.158s] -- Installing: /home/miguel/ros2_practica_ws/install/my_messages_control/include/my_messages_control/my_messages_control/srv/detail/my_simulator_pid__traits.hpp
[11.158s] -- Up-to-date: /home/miguel/ros2_practica_ws/install/my_messages_control/include/my_messages_control/my_messages_control
[11.158s] -- Up-to-date: /home/miguel/ros2_practica_ws/install/my_messages_control/include/my_messages_control/my_messages_control/srv
[11.158s] -- Up-to-date: /home/miguel/ros2_practica_ws/install/my_messages_control/include/my_messages_control/my_messages_control/srv/detail
[11.159s] -- Installing: /home/miguel/ros2_practica_ws/install/my_messages_control/include/my_messages_control/my_messages_control/srv/detail/my_simulator_pid__rosidl_typesupport_fastrtps_cpp.hpp
[11.159s] -- Installing: /home/miguel/ros2_practica_ws/install/my_messages_control/include/my_messages_control/my_messages_control/srv/detail/dds_fastrtps
[11.159s] -- Up-to-date: /home/miguel/ros2_practica_ws/install/my_messages_control/include/my_messages_control/my_messages_control/msg
[11.160s] -- Installing: /home/miguel/ros2_practica_ws/install/my_messages_control/include/my_messages_control/my_messages_control/msg/rosidl_typesupport_fastrtps_cpp__visibility_control.h
[11.160s] -- Installing: /home/miguel/ros2_practica_ws/install/my_messages_control/lib/libmy_messages_control__rosidl_typesupport_fastrtps_cpp.so
[11.161s] -- Set runtime path of "/home/miguel/ros2_practica_ws/install/my_messages_control/lib/libmy_messages_control__rosidl_typesupport_fastrtps_cpp.so" to ""
[11.161s] -- Up-to-date: /home/miguel/ros2_practica_ws/install/my_messages_control/include/my_messages_control/my_messages_control
[11.161s] -- Up-to-date: /home/miguel/ros2_practica_ws/install/my_messages_control/include/my_messages_control/my_messages_control/srv
[11.161s] -- Up-to-date: /home/miguel/ros2_practica_ws/install/my_messages_control/include/my_messages_control/my_messages_control/srv/detail
[11.161s] -- Installing: /home/miguel/ros2_practica_ws/install/my_messages_control/include/my_messages_control/my_messages_control/srv/detail/my_simulator_pid__rosidl_typesupport_introspection_cpp.hpp
[11.162s] -- Installing: /home/miguel/ros2_practica_ws/install/my_messages_control/include/my_messages_control/my_messages_control/srv/detail/my_simulator_pid__type_support.cpp
[11.162s] -- Installing: /home/miguel/ros2_practica_ws/install/my_messages_control/lib/libmy_messages_control__rosidl_typesupport_introspection_cpp.so
[11.162s] -- Set runtime path of "/home/miguel/ros2_practica_ws/install/my_messages_control/lib/libmy_messages_control__rosidl_typesupport_introspection_cpp.so" to ""
[11.164s] -- Installing: /home/miguel/ros2_practica_ws/install/my_messages_control/lib/libmy_messages_control__rosidl_typesupport_cpp.so
[11.164s] -- Set runtime path of "/home/miguel/ros2_practica_ws/install/my_messages_control/lib/libmy_messages_control__rosidl_typesupport_cpp.so" to ""
[11.164s] -- Installing: /home/miguel/ros2_practica_ws/install/my_messages_control/share/my_messages_control/environment/pythonpath.sh
[11.164s] -- Installing: /home/miguel/ros2_practica_ws/install/my_messages_control/share/my_messages_control/environment/pythonpath.dsv
[11.165s] -- Installing: /home/miguel/ros2_practica_ws/install/my_messages_control/local/lib/python3.10/dist-packages/my_messages_control-0.0.0-py3.10.egg-info
[11.165s] -- Installing: /home/miguel/ros2_practica_ws/install/my_messages_control/local/lib/python3.10/dist-packages/my_messages_control-0.0.0-py3.10.egg-info/PKG-INFO
[11.166s] -- Installing: /home/miguel/ros2_practica_ws/install/my_messages_control/local/lib/python3.10/dist-packages/my_messages_control-0.0.0-py3.10.egg-info/top_level.txt
[11.166s] -- Installing: /home/miguel/ros2_practica_ws/install/my_messages_control/local/lib/python3.10/dist-packages/my_messages_control-0.0.0-py3.10.egg-info/SOURCES.txt
[11.166s] -- Installing: /home/miguel/ros2_practica_ws/install/my_messages_control/local/lib/python3.10/dist-packages/my_messages_control-0.0.0-py3.10.egg-info/dependency_links.txt
[11.166s] -- Installing: /home/miguel/ros2_practica_ws/install/my_messages_control/local/lib/python3.10/dist-packages/my_messages_control
[11.167s] -- Installing: /home/miguel/ros2_practica_ws/install/my_messages_control/local/lib/python3.10/dist-packages/my_messages_control/_my_messages_control_s.ep.rosidl_typesupport_c.c
[11.167s] -- Installing: /home/miguel/ros2_practica_ws/install/my_messages_control/local/lib/python3.10/dist-packages/my_messages_control/my_messages_control_s__rosidl_typesupport_fastrtps_c.cpython-310-x86_64-linux-gnu.so
[11.167s] -- Installing: /home/miguel/ros2_practica_ws/install/my_messages_control/local/lib/python3.10/dist-packages/my_messages_control/srv
[11.167s] -- Installing: /home/miguel/ros2_practica_ws/install/my_messages_control/local/lib/python3.10/dist-packages/my_messages_control/srv/_my_simulator_pid.py
[11.167s] -- Installing: /home/miguel/ros2_practica_ws/install/my_messages_control/local/lib/python3.10/dist-packages/my_messages_control/srv/_my_simulator_pid_s.c
[11.168s] -- Installing: /home/miguel/ros2_practica_ws/install/my_messages_control/local/lib/python3.10/dist-packages/my_messages_control/srv/__init__.py
[11.168s] -- Installing: /home/miguel/ros2_practica_ws/install/my_messages_control/local/lib/python3.10/dist-packages/my_messages_control/_my_messages_control_s.ep.rosidl_typesupport_fastrtps_c.c
[11.168s] -- Installing: /home/miguel/ros2_practica_ws/install/my_messages_control/local/lib/python3.10/dist-packages/my_messages_control/my_messages_control_s__rosidl_typesupport_introspection_c.cpython-310-x86_64-linux-gnu.so
[11.168s] -- Installing: /home/miguel/ros2_practica_ws/install/my_messages_control/local/lib/python3.10/dist-packages/my_messages_control/libmy_messages_control__rosidl_generator_py.so
[11.168s] -- Installing: /home/miguel/ros2_practica_ws/install/my_messages_control/local/lib/python3.10/dist-packages/my_messages_control/my_messages_control_s__rosidl_typesupport_c.cpython-310-x86_64-linux-gnu.so
[11.173s] -- Installing: /home/miguel/ros2_practica_ws/install/my_messages_control/local/lib/python3.10/dist-packages/my_messages_control/_my_messages_control_s.ep.rosidl_typesupport_introspection_c.c
[11.173s] -- Installing: /home/miguel/ros2_practica_ws/install/my_messages_control/local/lib/python3.10/dist-packages/my_messages_control/__init__.py
[11.255s] Listing '/home/miguel/ros2_practica_ws/install/my_messages_control/local/lib/python3.10/dist-packages/my_messages_control'...
[11.255s] Compiling '/home/miguel/ros2_practica_ws/install/my_messages_control/local/lib/python3.10/dist-packages/my_messages_control/__init__.py'...
[11.255s] Listing '/home/miguel/ros2_practica_ws/install/my_messages_control/local/lib/python3.10/dist-packages/my_messages_control/srv'...
[11.255s] Compiling '/home/miguel/ros2_practica_ws/install/my_messages_control/local/lib/python3.10/dist-packages/my_messages_control/srv/__init__.py'...
[11.256s] Compiling '/home/miguel/ros2_practica_ws/install/my_messages_control/local/lib/python3.10/dist-packages/my_messages_control/srv/_my_simulator_pid.py'...
[11.269s] -- Installing: /home/miguel/ros2_practica_ws/install/my_messages_control/local/lib/python3.10/dist-packages/my_messages_control/my_messages_control_s__rosidl_typesupport_fastrtps_c.cpython-310-x86_64-linux-gnu.so
[11.270s] -- Set runtime path of "/home/miguel/ros2_practica_ws/install/my_messages_control/local/lib/python3.10/dist-packages/my_messages_control/my_messages_control_s__rosidl_typesupport_fastrtps_c.cpython-310-x86_64-linux-gnu.so" to ""
[11.270s] -- Installing: /home/miguel/ros2_practica_ws/install/my_messages_control/local/lib/python3.10/dist-packages/my_messages_control/my_messages_control_s__rosidl_typesupport_introspection_c.cpython-310-x86_64-linux-gnu.so
[11.271s] -- Set runtime path of "/home/miguel/ros2_practica_ws/install/my_messages_control/local/lib/python3.10/dist-packages/my_messages_control/my_messages_control_s__rosidl_typesupport_introspection_c.cpython-310-x86_64-linux-gnu.so" to ""
[11.271s] -- Installing: /home/miguel/ros2_practica_ws/install/my_messages_control/local/lib/python3.10/dist-packages/my_messages_control/my_messages_control_s__rosidl_typesupport_c.cpython-310-x86_64-linux-gnu.so
[11.272s] -- Set runtime path of "/home/miguel/ros2_practica_ws/install/my_messages_control/local/lib/python3.10/dist-packages/my_messages_control/my_messages_control_s__rosidl_typesupport_c.cpython-310-x86_64-linux-gnu.so" to ""
[11.272s] -- Installing: /home/miguel/ros2_practica_ws/install/my_messages_control/lib/libmy_messages_control__rosidl_generator_py.so
[11.273s] -- Set runtime path of "/home/miguel/ros2_practica_ws/install/my_messages_control/lib/libmy_messages_control__rosidl_generator_py.so" to ""
[11.274s] -- Installing: /home/miguel/ros2_practica_ws/install/my_messages_control/share/my_messages_control/srv/MySimulatorPID.idl
[11.277s] -- Installing: /home/miguel/ros2_practica_ws/install/my_messages_control/share/my_messages_control/srv/MySimulatorPID.srv
[11.277s] -- Installing: /home/miguel/ros2_practica_ws/install/my_messages_control/share/my_messages_control/srv/MySimulatorPID_Request.msg
[11.277s] -- Installing: /home/miguel/ros2_practica_ws/install/my_messages_control/share/my_messages_control/srv/MySimulatorPID_Response.msg
[11.278s] -- Installing: /home/miguel/ros2_practica_ws/install/my_messages_control/share/ament_index/resource_index/package_run_dependencies/my_messages_control
[11.279s] -- Installing: /home/miguel/ros2_practica_ws/install/my_messages_control/share/ament_index/resource_index/parent_prefix_path/my_messages_control
[11.279s] -- Installing: /home/miguel/ros2_practica_ws/install/my_messages_control/share/my_messages_control/environment/ament_prefix_path.sh
[11.280s] -- Installing: /home/miguel/ros2_practica_ws/install/my_messages_control/share/my_messages_control/environment/ament_prefix_path.dsv
[11.280s] -- Installing: /home/miguel/ros2_practica_ws/install/my_messages_control/share/my_messages_control/environment/path.sh
[11.281s] -- Installing: /home/miguel/ros2_practica_ws/install/my_messages_control/share/my_messages_control/environment/path.dsv
[11.281s] -- Installing: /home/miguel/ros2_practica_ws/install/my_messages_control/share/my_messages_control/local_setup.bash
[11.283s] -- Installing: /home/miguel/ros2_practica_ws/install/my_messages_control/share/my_messages_control/local_setup.sh
[11.284s] -- Installing: /home/miguel/ros2_practica_ws/install/my_messages_control/share/my_messages_control/local_setup.zsh
[11.285s] -- Installing: /home/miguel/ros2_practica_ws/install/my_messages_control/share/my_messages_control/local_setup.dsv
[11.286s] -- Installing: /home/miguel/ros2_practica_ws/install/my_messages_control/share/my_messages_control/package.dsv
[11.287s] -- Installing: /home/miguel/ros2_practica_ws/install/my_messages_control/share/ament_index/resource_index/packages/my_messages_control
[11.288s] -- Installing: /home/miguel/ros2_practica_ws/install/my_messages_control/share/my_messages_control/cmake/export_my_messages_control__rosidl_generator_cExport.cmake
[11.289s] -- Installing: /home/miguel/ros2_practica_ws/install/my_messages_control/share/my_messages_control/cmake/export_my_messages_control__rosidl_generator_cExport-noconfig.cmake
[11.290s] -- Installing: /home/miguel/ros2_practica_ws/install/my_messages_control/share/my_messages_control/cmake/export_my_messages_control__rosidl_typesupport_fastrtps_cExport.cmake
[11.290s] -- Installing: /home/miguel/ros2_practica_ws/install/my_messages_control/share/my_messages_control/cmake/export_my_messages_control__rosidl_typesupport_fastrtps_cExport-noconfig.cmake
[11.291s] -- Installing: /home/miguel/ros2_practica_ws/install/my_messages_control/share/my_messages_control/cmake/my_messages_control__rosidl_typesupport_introspection_cExport.cmake
[11.292s] -- Installing: /home/miguel/ros2_practica_ws/install/my_messages_control/share/my_messages_control/cmake/my_messages_control__rosidl_typesupport_introspection_cExport-noconfig.cmake
[11.292s] -- Installing: /home/miguel/ros2_practica_ws/install/my_messages_control/share/my_messages_control/cmake/my_messages_control__rosidl_typesupport_cExport.cmake
[11.293s] -- Installing: /home/miguel/ros2_practica_ws/install/my_messages_control/share/my_messages_control/cmake/my_messages_control__rosidl_typesupport_cExport-noconfig.cmake
[11.295s] -- Installing: /home/miguel/ros2_practica_ws/install/my_messages_control/share/my_messages_control/cmake/export_my_messages_control__rosidl_generator_cppExport.cmake
[11.296s] -- Installing: /home/miguel/ros2_practica_ws/install/my_messages_control/share/my_messages_control/cmake/export_my_messages_control__rosidl_typesupport_fastrtps_cppExport.cmake
[11.297s] -- Installing: /home/miguel/ros2_practica_ws/install/my_messages_control/share/my_messages_control/cmake/export_my_messages_control__rosidl_typesupport_fastrtps_cppExport-noconfig.cmake
[11.298s] -- Installing: /home/miguel/ros2_practica_ws/install/my_messages_control/share/my_messages_control/cmake/my_messages_control__rosidl_typesupport_introspection_cppExport.cmake
[11.299s] -- Installing: /home/miguel/ros2_practica_ws/install/my_messages_control/share/my_messages_control/cmake/my_messages_control__rosidl_typesupport_introspection_cppExport-noconfig.cmake
[11.300s] -- Installing: /home/miguel/ros2_practica_ws/install/my_messages_control/share/my_messages_control/cmake/my_messages_control__rosidl_typesupport_cppExport.cmake
[11.301s] -- Installing: /home/miguel/ros2_practica_ws/install/my_messages_control/share/my_messages_control/cmake/my_messages_control__rosidl_typesupport_cppExport-noconfig.cmake
[11.301s] -- Installing: /home/miguel/ros2_practica_ws/install/my_messages_control/share/my_messages_control/cmake/export_my_messages_control__rosidl_generator_pyExport.cmake
[11.302s] -- Installing: /home/miguel/ros2_practica_ws/install/my_messages_control/share/my_messages_control/cmake/export_my_messages_control__rosidl_generator_pyExport-noconfig.cmake
[11.302s] -- Installing: /home/miguel/ros2_practica_ws/install/my_messages_control/share/my_messages_control/cmake/rosidl_cmake-extras.cmake
[11.303s] -- Installing: /home/miguel/ros2_practica_ws/install/my_messages_control/share/my_messages_control/cmake/ament_cmake_export_include_directories-extras.cmake
[11.303s] -- Installing: /home/miguel/ros2_practica_ws/install/my_messages_control/share/my_messages_control/cmake/ament_cmake_export_libraries-extras.cmake
[11.305s] -- Installing: /home/miguel/ros2_practica_ws/install/my_messages_control/share/my_messages_control/cmake/ament_cmake_export_targets-extras.cmake
[11.306s] -- Installing: /home/miguel/ros2_practica_ws/install/my_messages_control/share/my_messages_control/cmake/rosidl_cmake_export_typesupport_targets-extras.cmake
[11.306s] -- Installing: /home/miguel/ros2_practica_ws/install/my_messages_control/share/my_messages_control/cmake/ament_cmake_export_dependencies-extras.cmake
[11.307s] -- Installing: /home/miguel/ros2_practica_ws/install/my_messages_control/share/my_messages_control/cmake/rosidl_cmake_export_typesupport_libraries-extras.cmake
[11.307s] -- Installing: /home/miguel/ros2_practica_ws/install/my_messages_control/share/my_messages_control/cmake/my_messages_controlConfig.cmake
[11.308s] -- Installing: /home/miguel/ros2_practica_ws/install/my_messages_control/share/my_messages_control/cmake/my_messages_controlConfig-version.cmake
[11.309s] -- Installing: /home/miguel/ros2_practica_ws/install/my_messages_control/share/my_messages_control/package.xml
[11.319s] Invoked command in '/home/miguel/ros2_practica_ws/build/my_messages_control' returned '0': CMAKE_PREFIX_PATH=/opt/ros/humble WSLENV=ELECTRON_RUN_AS_NODE/w:WT_SESSION:WT_PROFILE_ID: /usr/bin/cmake --install /home/miguel/ros2_practica_ws/build/my_messages_control
