[1.541s] Invoking command in '/home/miguel/ros2_practica_ws/src/sim_pkg': PYTHONPATH=/home/miguel/ros2_practica_ws/build/sim_pkg/prefix_override:/usr/lib/python3/dist-packages/colcon_core/task/python/colcon_distutils_commands:/home/miguel/ros2_practica_ws/install/sim_pkg/lib/python3.10/site-packages:${PYTHONPATH} WSLENV=ELECTRON_RUN_AS_NODE/w:WT_SESSION:WT_PROFILE_ID: /usr/bin/python3 -W ignore:setup.py install is deprecated setup.py egg_info --egg-base ../../build/sim_pkg build --build-base /home/miguel/ros2_practica_ws/build/sim_pkg/build install --record /home/miguel/ros2_practica_ws/build/sim_pkg/install.log --single-version-externally-managed install_data
[2.098s] running egg_info
[2.099s] writing ../../build/sim_pkg/sim_pkg.egg-info/PKG-INFO
[2.099s] writing dependency_links to ../../build/sim_pkg/sim_pkg.egg-info/dependency_links.txt
[2.100s] writing entry points to ../../build/sim_pkg/sim_pkg.egg-info/entry_points.txt
[2.100s] writing requirements to ../../build/sim_pkg/sim_pkg.egg-info/requires.txt
[2.100s] writing top-level names to ../../build/sim_pkg/sim_pkg.egg-info/top_level.txt
[2.104s] reading manifest file '../../build/sim_pkg/sim_pkg.egg-info/SOURCES.txt'
[2.105s] writing manifest file '../../build/sim_pkg/sim_pkg.egg-info/SOURCES.txt'
[2.105s] running build
[2.105s] running build_py
[2.107s] running install
[2.107s] running install_lib
[2.110s] running install_data
[2.110s] running install_egg_info
[2.114s] removing '/home/miguel/ros2_practica_ws/install/sim_pkg/lib/python3.10/site-packages/sim_pkg-0.0.0-py3.10.egg-info' (and everything under it)
[2.114s] Copying ../../build/sim_pkg/sim_pkg.egg-info to /home/miguel/ros2_practica_ws/install/sim_pkg/lib/python3.10/site-packages/sim_pkg-0.0.0-py3.10.egg-info
[2.117s] running install_scripts
[2.166s] Installing simulator script to /home/miguel/ros2_practica_ws/install/sim_pkg/lib/sim_pkg
[2.167s] writing list of installed files to '/home/miguel/ros2_practica_ws/build/sim_pkg/install.log'
[2.215s] Invoked command in '/home/miguel/ros2_practica_ws/src/sim_pkg' returned '0': PYTHONPATH=/home/miguel/ros2_practica_ws/build/sim_pkg/prefix_override:/usr/lib/python3/dist-packages/colcon_core/task/python/colcon_distutils_commands:/home/miguel/ros2_practica_ws/install/sim_pkg/lib/python3.10/site-packages:${PYTHONPATH} WSLENV=ELECTRON_RUN_AS_NODE/w:WT_SESSION:WT_PROFILE_ID: /usr/bin/python3 -W ignore:setup.py install is deprecated setup.py egg_info --egg-base ../../build/sim_pkg build --build-base /home/miguel/ros2_practica_ws/build/sim_pkg/build install --record /home/miguel/ros2_practica_ws/build/sim_pkg/install.log --single-version-externally-managed install_data
