[1.371s] Invoking command in '/home/miguel/ros2_practica_ws/src/my_sim_pkg': PYTHONPATH=/home/miguel/ros2_practica_ws/build/my_sim_pkg/prefix_override:/home/miguel/ros2_practica_ws/install/my_sim_pkg/lib/python3.10/site-packages:${PYTHONPATH} WSLENV=ELECTRON_RUN_AS_NODE/w:WT_SESSION:WT_PROFILE_ID: /usr/bin/python3 -W ignore:setup.py install is deprecated setup.py egg_info --egg-base ../../build/my_sim_pkg build --build-base /home/miguel/ros2_practica_ws/build/my_sim_pkg/build install --record /home/miguel/ros2_practica_ws/build/my_sim_pkg/install.log --single-version-externally-managed install_data
[1.844s] running egg_info
[1.845s] writing ../../build/my_sim_pkg/my_sim_pkg.egg-info/PKG-INFO
[1.845s] writing dependency_links to ../../build/my_sim_pkg/my_sim_pkg.egg-info/dependency_links.txt
[1.846s] writing entry points to ../../build/my_sim_pkg/my_sim_pkg.egg-info/entry_points.txt
[1.846s] writing requirements to ../../build/my_sim_pkg/my_sim_pkg.egg-info/requires.txt
[1.846s] writing top-level names to ../../build/my_sim_pkg/my_sim_pkg.egg-info/top_level.txt
[1.850s] reading manifest file '../../build/my_sim_pkg/my_sim_pkg.egg-info/SOURCES.txt'
[1.850s] adding license file 'LICENSE'
[1.851s] writing manifest file '../../build/my_sim_pkg/my_sim_pkg.egg-info/SOURCES.txt'
[1.851s] running build
[1.851s] running build_py
[1.852s] running install
[1.852s] running install_lib
[1.855s] running install_data
[1.855s] running install_egg_info
[1.857s] removing '/home/miguel/ros2_practica_ws/install/my_sim_pkg/lib/python3.10/site-packages/my_sim_pkg-0.0.0-py3.10.egg-info' (and everything under it)
[1.858s] Copying ../../build/my_sim_pkg/my_sim_pkg.egg-info to /home/miguel/ros2_practica_ws/install/my_sim_pkg/lib/python3.10/site-packages/my_sim_pkg-0.0.0-py3.10.egg-info
[1.860s] running install_scripts
[1.889s] Installing simulator script to /home/miguel/ros2_practica_ws/install/my_sim_pkg/lib/my_sim_pkg
[1.890s] writing list of installed files to '/home/miguel/ros2_practica_ws/build/my_sim_pkg/install.log'
[1.941s] Invoked command in '/home/miguel/ros2_practica_ws/src/my_sim_pkg' returned '0': PYTHONPATH=/home/miguel/ros2_practica_ws/build/my_sim_pkg/prefix_override:/home/miguel/ros2_practica_ws/install/my_sim_pkg/lib/python3.10/site-packages:${PYTHONPATH} WSLENV=ELECTRON_RUN_AS_NODE/w:WT_SESSION:WT_PROFILE_ID: /usr/bin/python3 -W ignore:setup.py install is deprecated setup.py egg_info --egg-base ../../build/my_sim_pkg build --build-base /home/miguel/ros2_practica_ws/build/my_sim_pkg/build install --record /home/miguel/ros2_practica_ws/build/my_sim_pkg/install.log --single-version-externally-managed install_data
