[1.365s] Invoking command in '/home/miguel/ros2_practica_ws/src/sim_pkg': PYTHONPATH=/home/miguel/ros2_practica_ws/build/sim_pkg/prefix_override:/home/miguel/ros2_practica_ws/install/sim_pkg/lib/python3.10/site-packages:${PYTHONPATH} WSLENV=ELECTRON_RUN_AS_NODE/w:WT_SESSION:WT_PROFILE_ID: /usr/bin/python3 -W ignore:setup.py install is deprecated setup.py egg_info --egg-base ../../build/sim_pkg build --build-base /home/miguel/ros2_practica_ws/build/sim_pkg/build install --record /home/miguel/ros2_practica_ws/build/sim_pkg/install.log --single-version-externally-managed install_data
[1.849s] running egg_info
[1.850s] writing ../../build/sim_pkg/sim_pkg.egg-info/PKG-INFO
[1.850s] writing dependency_links to ../../build/sim_pkg/sim_pkg.egg-info/dependency_links.txt
[1.851s] writing entry points to ../../build/sim_pkg/sim_pkg.egg-info/entry_points.txt
[1.851s] writing requirements to ../../build/sim_pkg/sim_pkg.egg-info/requires.txt
[1.851s] writing top-level names to ../../build/sim_pkg/sim_pkg.egg-info/top_level.txt
[1.855s] reading manifest file '../../build/sim_pkg/sim_pkg.egg-info/SOURCES.txt'
[1.856s] writing manifest file '../../build/sim_pkg/sim_pkg.egg-info/SOURCES.txt'
[1.856s] running build
[1.857s] running build_py
[1.857s] copying sim_pkg/utils/Controller.py -> /home/miguel/ros2_practica_ws/build/sim_pkg/build/lib/sim_pkg/utils
[1.858s] running install
[1.858s] running install_lib
[1.859s] copying /home/miguel/ros2_practica_ws/build/sim_pkg/build/lib/sim_pkg/utils/Controller.py -> /home/miguel/ros2_practica_ws/install/sim_pkg/lib/python3.10/site-packages/sim_pkg/utils
[1.861s] byte-compiling /home/miguel/ros2_practica_ws/install/sim_pkg/lib/python3.10/site-packages/sim_pkg/utils/Controller.py to Controller.cpython-310.pyc
[1.862s] running install_data
[1.862s] running install_egg_info
[1.865s] removing '/home/miguel/ros2_practica_ws/install/sim_pkg/lib/python3.10/site-packages/sim_pkg-0.0.0-py3.10.egg-info' (and everything under it)
[1.866s] Copying ../../build/sim_pkg/sim_pkg.egg-info to /home/miguel/ros2_practica_ws/install/sim_pkg/lib/python3.10/site-packages/sim_pkg-0.0.0-py3.10.egg-info
[1.867s] running install_scripts
[1.897s] Installing simulator script to /home/miguel/ros2_practica_ws/install/sim_pkg/lib/sim_pkg
[1.897s] writing list of installed files to '/home/miguel/ros2_practica_ws/build/sim_pkg/install.log'
[1.948s] Invoked command in '/home/miguel/ros2_practica_ws/src/sim_pkg' returned '0': PYTHONPATH=/home/miguel/ros2_practica_ws/build/sim_pkg/prefix_override:/home/miguel/ros2_practica_ws/install/sim_pkg/lib/python3.10/site-packages:${PYTHONPATH} WSLENV=ELECTRON_RUN_AS_NODE/w:WT_SESSION:WT_PROFILE_ID: /usr/bin/python3 -W ignore:setup.py install is deprecated setup.py egg_info --egg-base ../../build/sim_pkg build --build-base /home/miguel/ros2_practica_ws/build/sim_pkg/build install --record /home/miguel/ros2_practica_ws/build/sim_pkg/install.log --single-version-externally-managed install_data
