running egg_info
creating ../../build/paquete_lanzador/paquete_lanzador.egg-info
writing ../../build/paquete_lanzador/paquete_lanzador.egg-info/PKG-INFO
writing dependency_links to ../../build/paquete_lanzador/paquete_lanzador.egg-info/dependency_links.txt
writing entry points to ../../build/paquete_lanzador/paquete_lanzador.egg-info/entry_points.txt
writing requirements to ../../build/paquete_lanzador/paquete_lanzador.egg-info/requires.txt
writing top-level names to ../../build/paquete_lanzador/paquete_lanzador.egg-info/top_level.txt
writing manifest file '../../build/paquete_lanzador/paquete_lanzador.egg-info/SOURCES.txt'
reading manifest file '../../build/paquete_lanzador/paquete_lanzador.egg-info/SOURCES.txt'
adding license file 'LICENSE'
writing manifest file '../../build/paquete_lanzador/paquete_lanzador.egg-info/SOURCES.txt'
running build
running build_py
creating /home/miguel/ros2_practica_ws/build/paquete_lanzador/build
creating /home/miguel/ros2_practica_ws/build/paquete_lanzador/build/lib
creating /home/miguel/ros2_practica_ws/build/paquete_lanzador/build/lib/paquete_lanzador
copying paquete_lanzador/__init__.py -> /home/miguel/ros2_practica_ws/build/paquete_lanzador/build/lib/paquete_lanzador
running install
running install_lib
creating /home/miguel/ros2_practica_ws/install/paquete_lanzador/lib/python3.10/site-packages/paquete_lanzador
copying /home/miguel/ros2_practica_ws/build/paquete_lanzador/build/lib/paquete_lanzador/__init__.py -> /home/miguel/ros2_practica_ws/install/paquete_lanzador/lib/python3.10/site-packages/paquete_lanzador
byte-compiling /home/miguel/ros2_practica_ws/install/paquete_lanzador/lib/python3.10/site-packages/paquete_lanzador/__init__.py to __init__.cpython-310.pyc
running install_data
creating /home/miguel/ros2_practica_ws/install/paquete_lanzador/share/ament_index
creating /home/miguel/ros2_practica_ws/install/paquete_lanzador/share/ament_index/resource_index
creating /home/miguel/ros2_practica_ws/install/paquete_lanzador/share/ament_index/resource_index/packages
copying resource/paquete_lanzador -> /home/miguel/ros2_practica_ws/install/paquete_lanzador/share/ament_index/resource_index/packages
copying package.xml -> /home/miguel/ros2_practica_ws/install/paquete_lanzador/share/paquete_lanzador
creating /home/miguel/ros2_practica_ws/install/paquete_lanzador/share/paquete_lanzador/launch
copying launch/servidorSim_clienteGenetic_launch.py -> /home/miguel/ros2_practica_ws/install/paquete_lanzador/share/paquete_lanzador/launch
running install_egg_info
Copying ../../build/paquete_lanzador/paquete_lanzador.egg-info to /home/miguel/ros2_practica_ws/install/paquete_lanzador/lib/python3.10/site-packages/paquete_lanzador-0.0.0-py3.10.egg-info
running install_scripts
writing list of installed files to '/home/miguel/ros2_practica_ws/build/paquete_lanzador/install.log'
