[1.789s] Invoking command in '/home/miguel/ros2_practica_ws/src/genetic_algorithm_pkg': AMENT_PREFIX_PATH=/home/miguel/ros2_practica_ws/install/msgs_control:${AMENT_PREFIX_PATH} CMAKE_PREFIX_PATH=/home/miguel/ros2_practica_ws/install/msgs_control LD_LIBRARY_PATH=/home/miguel/ros2_practica_ws/install/msgs_control/lib:${LD_LIBRARY_PATH} PYTHONPATH=/home/miguel/ros2_practica_ws/build/genetic_algorithm_pkg/prefix_override:/usr/lib/python3/dist-packages/colcon_core/task/python/colcon_distutils_commands:/home/miguel/ros2_practica_ws/install/genetic_algorithm_pkg/lib/python3.10/site-packages:/home/miguel/ros2_practica_ws/install/msgs_control/local/lib/python3.10/dist-packages:${PYTHONPATH} WSLENV=ELECTRON_RUN_AS_NODE/w:WT_SESSION:WT_PROFILE_ID: /usr/bin/python3 -W ignore:setup.py install is deprecated setup.py egg_info --egg-base ../../build/genetic_algorithm_pkg build --build-base /home/miguel/ros2_practica_ws/build/genetic_algorithm_pkg/build install --record /home/miguel/ros2_practica_ws/build/genetic_algorithm_pkg/install.log --single-version-externally-managed install_data
[2.364s] running egg_info
[2.366s] writing ../../build/genetic_algorithm_pkg/genetic_algorithm_pkg.egg-info/PKG-INFO
[2.367s] writing dependency_links to ../../build/genetic_algorithm_pkg/genetic_algorithm_pkg.egg-info/dependency_links.txt
[2.367s] writing entry points to ../../build/genetic_algorithm_pkg/genetic_algorithm_pkg.egg-info/entry_points.txt
[2.368s] writing requirements to ../../build/genetic_algorithm_pkg/genetic_algorithm_pkg.egg-info/requires.txt
[2.368s] writing top-level names to ../../build/genetic_algorithm_pkg/genetic_algorithm_pkg.egg-info/top_level.txt
[2.371s] reading manifest file '../../build/genetic_algorithm_pkg/genetic_algorithm_pkg.egg-info/SOURCES.txt'
[2.371s] adding license file 'LICENSE'
[2.373s] writing manifest file '../../build/genetic_algorithm_pkg/genetic_algorithm_pkg.egg-info/SOURCES.txt'
[2.373s] running build
[2.373s] running build_py
[2.373s] copying genetic_algorithm_pkg/utils/algoritmo_genetico_profesor.py -> /home/miguel/ros2_practica_ws/build/genetic_algorithm_pkg/build/lib/genetic_algorithm_pkg/utils
[2.374s] copying genetic_algorithm_pkg/utils/algoritmo_genetico_profesorBueno.py -> /home/miguel/ros2_practica_ws/build/genetic_algorithm_pkg/build/lib/genetic_algorithm_pkg/utils
[2.374s] running install
[2.375s] running install_lib
[2.376s] copying /home/miguel/ros2_practica_ws/build/genetic_algorithm_pkg/build/lib/genetic_algorithm_pkg/utils/algoritmo_genetico_profesor.py -> /home/miguel/ros2_practica_ws/install/genetic_algorithm_pkg/lib/python3.10/site-packages/genetic_algorithm_pkg/utils
[2.377s] copying /home/miguel/ros2_practica_ws/build/genetic_algorithm_pkg/build/lib/genetic_algorithm_pkg/utils/algoritmo_genetico_profesorBueno.py -> /home/miguel/ros2_practica_ws/install/genetic_algorithm_pkg/lib/python3.10/site-packages/genetic_algorithm_pkg/utils
[2.380s] byte-compiling /home/miguel/ros2_practica_ws/install/genetic_algorithm_pkg/lib/python3.10/site-packages/genetic_algorithm_pkg/utils/algoritmo_genetico_profesor.py to algoritmo_genetico_profesor.cpython-310.pyc
[2.385s] byte-compiling /home/miguel/ros2_practica_ws/install/genetic_algorithm_pkg/lib/python3.10/site-packages/genetic_algorithm_pkg/utils/algoritmo_genetico_profesorBueno.py to algoritmo_genetico_profesorBueno.cpython-310.pyc
[2.388s] running install_data
[2.388s] running install_egg_info
[2.391s] removing '/home/miguel/ros2_practica_ws/install/genetic_algorithm_pkg/lib/python3.10/site-packages/genetic_algorithm_pkg-0.0.0-py3.10.egg-info' (and everything under it)
[2.391s] Copying ../../build/genetic_algorithm_pkg/genetic_algorithm_pkg.egg-info to /home/miguel/ros2_practica_ws/install/genetic_algorithm_pkg/lib/python3.10/site-packages/genetic_algorithm_pkg-0.0.0-py3.10.egg-info
[2.394s] running install_scripts
[2.430s] Installing genetic script to /home/miguel/ros2_practica_ws/install/genetic_algorithm_pkg/lib/genetic_algorithm_pkg
[2.432s] writing list of installed files to '/home/miguel/ros2_practica_ws/build/genetic_algorithm_pkg/install.log'
[2.495s] Invoked command in '/home/miguel/ros2_practica_ws/src/genetic_algorithm_pkg' returned '0': AMENT_PREFIX_PATH=/home/miguel/ros2_practica_ws/install/msgs_control:${AMENT_PREFIX_PATH} CMAKE_PREFIX_PATH=/home/miguel/ros2_practica_ws/install/msgs_control LD_LIBRARY_PATH=/home/miguel/ros2_practica_ws/install/msgs_control/lib:${LD_LIBRARY_PATH} PYTHONPATH=/home/miguel/ros2_practica_ws/build/genetic_algorithm_pkg/prefix_override:/usr/lib/python3/dist-packages/colcon_core/task/python/colcon_distutils_commands:/home/miguel/ros2_practica_ws/install/genetic_algorithm_pkg/lib/python3.10/site-packages:/home/miguel/ros2_practica_ws/install/msgs_control/local/lib/python3.10/dist-packages:${PYTHONPATH} WSLENV=ELECTRON_RUN_AS_NODE/w:WT_SESSION:WT_PROFILE_ID: /usr/bin/python3 -W ignore:setup.py install is deprecated setup.py egg_info --egg-base ../../build/genetic_algorithm_pkg build --build-base /home/miguel/ros2_practica_ws/build/genetic_algorithm_pkg/build install --record /home/miguel/ros2_practica_ws/build/genetic_algorithm_pkg/install.log --single-version-externally-managed install_data
