[1.593s] Invoking command in '/home/miguel/ros2_practica_ws/src/my_genetic_pkg': PYTHONPATH=/home/miguel/ros2_practica_ws/build/my_genetic_pkg/prefix_override:/home/miguel/ros2_practica_ws/install/my_genetic_pkg/lib/python3.10/site-packages:${PYTHONPATH} WSLENV=ELECTRON_RUN_AS_NODE/w:WT_SESSION:WT_PROFILE_ID: /usr/bin/python3 -W ignore:setup.py install is deprecated setup.py egg_info --egg-base ../../build/my_genetic_pkg build --build-base /home/miguel/ros2_practica_ws/build/my_genetic_pkg/build install --record /home/miguel/ros2_practica_ws/build/my_genetic_pkg/install.log --single-version-externally-managed install_data
[2.126s] running egg_info
[2.128s] writing ../../build/my_genetic_pkg/my_genetic_pkg.egg-info/PKG-INFO
[2.128s] writing dependency_links to ../../build/my_genetic_pkg/my_genetic_pkg.egg-info/dependency_links.txt
[2.129s] writing entry points to ../../build/my_genetic_pkg/my_genetic_pkg.egg-info/entry_points.txt
[2.130s] writing requirements to ../../build/my_genetic_pkg/my_genetic_pkg.egg-info/requires.txt
[2.130s] writing top-level names to ../../build/my_genetic_pkg/my_genetic_pkg.egg-info/top_level.txt
[2.139s] reading manifest file '../../build/my_genetic_pkg/my_genetic_pkg.egg-info/SOURCES.txt'
[2.140s] adding license file 'LICENSE'
[2.142s] writing manifest file '../../build/my_genetic_pkg/my_genetic_pkg.egg-info/SOURCES.txt'
[2.142s] running build
[2.143s] running build_py
[2.143s] copying my_genetic_pkg/my_genetic_node.py -> /home/miguel/ros2_practica_ws/build/my_genetic_pkg/build/lib/my_genetic_pkg
[2.143s] running install
[2.145s] running install_lib
[2.146s] copying /home/miguel/ros2_practica_ws/build/my_genetic_pkg/build/lib/my_genetic_pkg/my_genetic_node.py -> /home/miguel/ros2_practica_ws/install/my_genetic_pkg/lib/python3.10/site-packages/my_genetic_pkg
[2.147s] byte-compiling /home/miguel/ros2_practica_ws/install/my_genetic_pkg/lib/python3.10/site-packages/my_genetic_pkg/my_genetic_node.py to my_genetic_node.cpython-310.pyc
[2.148s] running install_data
[2.149s] running install_egg_info
[2.152s] removing '/home/miguel/ros2_practica_ws/install/my_genetic_pkg/lib/python3.10/site-packages/my_genetic_pkg-0.0.0-py3.10.egg-info' (and everything under it)
[2.153s] Copying ../../build/my_genetic_pkg/my_genetic_pkg.egg-info to /home/miguel/ros2_practica_ws/install/my_genetic_pkg/lib/python3.10/site-packages/my_genetic_pkg-0.0.0-py3.10.egg-info
[2.155s] running install_scripts
[2.185s] Installing genetic script to /home/miguel/ros2_practica_ws/install/my_genetic_pkg/lib/my_genetic_pkg
[2.186s] writing list of installed files to '/home/miguel/ros2_practica_ws/build/my_genetic_pkg/install.log'
[2.240s] Invoked command in '/home/miguel/ros2_practica_ws/src/my_genetic_pkg' returned '0': PYTHONPATH=/home/miguel/ros2_practica_ws/build/my_genetic_pkg/prefix_override:/home/miguel/ros2_practica_ws/install/my_genetic_pkg/lib/python3.10/site-packages:${PYTHONPATH} WSLENV=ELECTRON_RUN_AS_NODE/w:WT_SESSION:WT_PROFILE_ID: /usr/bin/python3 -W ignore:setup.py install is deprecated setup.py egg_info --egg-base ../../build/my_genetic_pkg build --build-base /home/miguel/ros2_practica_ws/build/my_genetic_pkg/build install --record /home/miguel/ros2_practica_ws/build/my_genetic_pkg/install.log --single-version-externally-managed install_data
