[1.543s] Invoking command in '/home/miguel/ros2_practica_ws/src/genetic_algorithm_pkg': CMAKE_PREFIX_PATH=/home/miguel/ros2_practica_ws/install/msgs_control:/home/miguel/ros2_practica_ws/install/my_messages_control LD_LIBRARY_PATH=/home/miguel/ros2_practica_ws/install/msgs_control/lib:/home/miguel/ros2_practica_ws/install/my_messages_control/lib:/opt/ros/humble/opt/rviz_ogre_vendor/lib:/opt/ros/humble/lib/x86_64-linux-gnu:/opt/ros/humble/lib PYTHONPATH=/home/miguel/ros2_practica_ws/build/genetic_algorithm_pkg/prefix_override:/home/miguel/ros2_practica_ws/install/genetic_algorithm_pkg/lib/python3.10/site-packages:${PYTHONPATH} WSLENV=ELECTRON_RUN_AS_NODE/w:WT_SESSION:WT_PROFILE_ID: /usr/bin/python3 -W ignore:setup.py install is deprecated setup.py egg_info --egg-base ../../build/genetic_algorithm_pkg build --build-base /home/miguel/ros2_practica_ws/build/genetic_algorithm_pkg/build install --record /home/miguel/ros2_practica_ws/build/genetic_algorithm_pkg/install.log --single-version-externally-managed install_data
[2.039s] running egg_info
[2.040s] writing ../../build/genetic_algorithm_pkg/genetic_algorithm_pkg.egg-info/PKG-INFO
[2.041s] writing dependency_links to ../../build/genetic_algorithm_pkg/genetic_algorithm_pkg.egg-info/dependency_links.txt
[2.041s] writing entry points to ../../build/genetic_algorithm_pkg/genetic_algorithm_pkg.egg-info/entry_points.txt
[2.042s] writing requirements to ../../build/genetic_algorithm_pkg/genetic_algorithm_pkg.egg-info/requires.txt
[2.042s] writing top-level names to ../../build/genetic_algorithm_pkg/genetic_algorithm_pkg.egg-info/top_level.txt
[2.046s] reading manifest file '../../build/genetic_algorithm_pkg/genetic_algorithm_pkg.egg-info/SOURCES.txt'
[2.047s] adding license file 'LICENSE'
[2.048s] writing manifest file '../../build/genetic_algorithm_pkg/genetic_algorithm_pkg.egg-info/SOURCES.txt'
[2.048s] running build
[2.049s] running build_py
[2.049s] copying genetic_algorithm_pkg/genetic_algorithm_node.py -> /home/miguel/ros2_practica_ws/build/genetic_algorithm_pkg/build/lib/genetic_algorithm_pkg
[2.050s] running install
[2.050s] running install_lib
[2.052s] copying /home/miguel/ros2_practica_ws/build/genetic_algorithm_pkg/build/lib/genetic_algorithm_pkg/genetic_algorithm_node.py -> /home/miguel/ros2_practica_ws/install/genetic_algorithm_pkg/lib/python3.10/site-packages/genetic_algorithm_pkg
[2.054s] byte-compiling /home/miguel/ros2_practica_ws/install/genetic_algorithm_pkg/lib/python3.10/site-packages/genetic_algorithm_pkg/genetic_algorithm_node.py to genetic_algorithm_node.cpython-310.pyc
[2.055s] running install_data
[2.056s] copying launch/genetic_algorithm_client_p100_g500_m018_c033.launch.py -> /home/miguel/ros2_practica_ws/install/genetic_algorithm_pkg/share/genetic_algorithm_pkg
[2.056s] running install_egg_info
[2.059s] removing '/home/miguel/ros2_practica_ws/install/genetic_algorithm_pkg/lib/python3.10/site-packages/genetic_algorithm_pkg-0.0.0-py3.10.egg-info' (and everything under it)
[2.060s] Copying ../../build/genetic_algorithm_pkg/genetic_algorithm_pkg.egg-info to /home/miguel/ros2_practica_ws/install/genetic_algorithm_pkg/lib/python3.10/site-packages/genetic_algorithm_pkg-0.0.0-py3.10.egg-info
[2.061s] running install_scripts
[2.094s] Installing genetic script to /home/miguel/ros2_practica_ws/install/genetic_algorithm_pkg/lib/genetic_algorithm_pkg
[2.094s] writing list of installed files to '/home/miguel/ros2_practica_ws/build/genetic_algorithm_pkg/install.log'
[2.149s] Invoked command in '/home/miguel/ros2_practica_ws/src/genetic_algorithm_pkg' returned '0': CMAKE_PREFIX_PATH=/home/miguel/ros2_practica_ws/install/msgs_control:/home/miguel/ros2_practica_ws/install/my_messages_control LD_LIBRARY_PATH=/home/miguel/ros2_practica_ws/install/msgs_control/lib:/home/miguel/ros2_practica_ws/install/my_messages_control/lib:/opt/ros/humble/opt/rviz_ogre_vendor/lib:/opt/ros/humble/lib/x86_64-linux-gnu:/opt/ros/humble/lib PYTHONPATH=/home/miguel/ros2_practica_ws/build/genetic_algorithm_pkg/prefix_override:/home/miguel/ros2_practica_ws/install/genetic_algorithm_pkg/lib/python3.10/site-packages:${PYTHONPATH} WSLENV=ELECTRON_RUN_AS_NODE/w:WT_SESSION:WT_PROFILE_ID: /usr/bin/python3 -W ignore:setup.py install is deprecated setup.py egg_info --egg-base ../../build/genetic_algorithm_pkg build --build-base /home/miguel/ros2_practica_ws/build/genetic_algorithm_pkg/build install --record /home/miguel/ros2_practica_ws/build/genetic_algorithm_pkg/install.log --single-version-externally-managed install_data
