[1.904s] Invoking command in '/home/miguel/ros2_practica_ws/src/lanzador_cliente_servidor_pkg': PYTHONPATH=/home/miguel/ros2_practica_ws/build/lanzador_cliente_servidor_pkg/prefix_override:/home/miguel/ros2_practica_ws/install/lanzador_cliente_servidor_pkg/lib/python3.10/site-packages:${PYTHONPATH} WSLENV=ELECTRON_RUN_AS_NODE/w:WT_SESSION:WT_PROFILE_ID: /usr/bin/python3 -W ignore:setup.py install is deprecated setup.py egg_info --egg-base ../../build/lanzador_cliente_servidor_pkg build --build-base /home/miguel/ros2_practica_ws/build/lanzador_cliente_servidor_pkg/build install --record /home/miguel/ros2_practica_ws/build/lanzador_cliente_servidor_pkg/install.log --single-version-externally-managed install_data
[2.541s] running egg_info
[2.543s] creating ../../build/lanzador_cliente_servidor_pkg/lanzador_cliente_servidor_pkg.egg-info
[2.544s] writing ../../build/lanzador_cliente_servidor_pkg/lanzador_cliente_servidor_pkg.egg-info/PKG-INFO
[2.544s] writing dependency_links to ../../build/lanzador_cliente_servidor_pkg/lanzador_cliente_servidor_pkg.egg-info/dependency_links.txt
[2.545s] writing entry points to ../../build/lanzador_cliente_servidor_pkg/lanzador_cliente_servidor_pkg.egg-info/entry_points.txt
[2.545s] writing requirements to ../../build/lanzador_cliente_servidor_pkg/lanzador_cliente_servidor_pkg.egg-info/requires.txt
[2.546s] writing top-level names to ../../build/lanzador_cliente_servidor_pkg/lanzador_cliente_servidor_pkg.egg-info/top_level.txt
[2.546s] writing manifest file '../../build/lanzador_cliente_servidor_pkg/lanzador_cliente_servidor_pkg.egg-info/SOURCES.txt'
[2.550s] reading manifest file '../../build/lanzador_cliente_servidor_pkg/lanzador_cliente_servidor_pkg.egg-info/SOURCES.txt'
[2.550s] adding license file 'LICENSE'
[2.551s] writing manifest file '../../build/lanzador_cliente_servidor_pkg/lanzador_cliente_servidor_pkg.egg-info/SOURCES.txt'
[2.551s] running build
[2.552s] running build_py
[2.552s] creating /home/miguel/ros2_practica_ws/build/lanzador_cliente_servidor_pkg/build
[2.552s] creating /home/miguel/ros2_practica_ws/build/lanzador_cliente_servidor_pkg/build/lib
[2.553s] creating /home/miguel/ros2_practica_ws/build/lanzador_cliente_servidor_pkg/build/lib/lanzador_cliente_servidor_pkg
[2.553s] copying lanzador_cliente_servidor_pkg/__init__.py -> /home/miguel/ros2_practica_ws/build/lanzador_cliente_servidor_pkg/build/lib/lanzador_cliente_servidor_pkg
[2.553s] running install
[2.554s] running install_lib
[2.555s] creating /home/miguel/ros2_practica_ws/install/lanzador_cliente_servidor_pkg/lib/python3.10/site-packages/lanzador_cliente_servidor_pkg
[2.555s] copying /home/miguel/ros2_practica_ws/build/lanzador_cliente_servidor_pkg/build/lib/lanzador_cliente_servidor_pkg/__init__.py -> /home/miguel/ros2_practica_ws/install/lanzador_cliente_servidor_pkg/lib/python3.10/site-packages/lanzador_cliente_servidor_pkg
[2.556s] byte-compiling /home/miguel/ros2_practica_ws/install/lanzador_cliente_servidor_pkg/lib/python3.10/site-packages/lanzador_cliente_servidor_pkg/__init__.py to __init__.cpython-310.pyc
[2.557s] running install_data
[2.557s] creating /home/miguel/ros2_practica_ws/install/lanzador_cliente_servidor_pkg/share/ament_index
[2.558s] creating /home/miguel/ros2_practica_ws/install/lanzador_cliente_servidor_pkg/share/ament_index/resource_index
[2.558s] creating /home/miguel/ros2_practica_ws/install/lanzador_cliente_servidor_pkg/share/ament_index/resource_index/packages
[2.558s] copying resource/lanzador_cliente_servidor_pkg -> /home/miguel/ros2_practica_ws/install/lanzador_cliente_servidor_pkg/share/ament_index/resource_index/packages
[2.558s] copying package.xml -> /home/miguel/ros2_practica_ws/install/lanzador_cliente_servidor_pkg/share/lanzador_cliente_servidor_pkg
[2.559s] copying launch/lanzador_cliente_servidor.launch.py -> /home/miguel/ros2_practica_ws/install/lanzador_cliente_servidor_pkg/share/lanzador_cliente_servidor_pkg
[2.559s] running install_egg_info
[2.562s] Copying ../../build/lanzador_cliente_servidor_pkg/lanzador_cliente_servidor_pkg.egg-info to /home/miguel/ros2_practica_ws/install/lanzador_cliente_servidor_pkg/lib/python3.10/site-packages/lanzador_cliente_servidor_pkg-0.0.0-py3.10.egg-info
[2.564s] running install_scripts
[2.596s] writing list of installed files to '/home/miguel/ros2_practica_ws/build/lanzador_cliente_servidor_pkg/install.log'
[2.650s] Invoked command in '/home/miguel/ros2_practica_ws/src/lanzador_cliente_servidor_pkg' returned '0': PYTHONPATH=/home/miguel/ros2_practica_ws/build/lanzador_cliente_servidor_pkg/prefix_override:/home/miguel/ros2_practica_ws/install/lanzador_cliente_servidor_pkg/lib/python3.10/site-packages:${PYTHONPATH} WSLENV=ELECTRON_RUN_AS_NODE/w:WT_SESSION:WT_PROFILE_ID: /usr/bin/python3 -W ignore:setup.py install is deprecated setup.py egg_info --egg-base ../../build/lanzador_cliente_servidor_pkg build --build-base /home/miguel/ros2_practica_ws/build/lanzador_cliente_servidor_pkg/build install --record /home/miguel/ros2_practica_ws/build/lanzador_cliente_servidor_pkg/install.log --single-version-externally-managed install_data
