[2.391s] Invoking command in '/home/miguel/ros2_practica_ws/src/my_sim_pkg': PYTHONPATH=/home/miguel/ros2_practica_ws/build/my_sim_pkg/prefix_override:/home/miguel/ros2_practica_ws/install/my_sim_pkg/lib/python3.10/site-packages:${PYTHONPATH} WSLENV=ELECTRON_RUN_AS_NODE/w:WT_SESSION:WT_PROFILE_ID: /usr/bin/python3 -W ignore:setup.py install is deprecated setup.py egg_info --egg-base ../../build/my_sim_pkg build --build-base /home/miguel/ros2_practica_ws/build/my_sim_pkg/build install --record /home/miguel/ros2_practica_ws/build/my_sim_pkg/install.log --single-version-externally-managed install_data
[3.394s] running egg_info
[3.397s] writing ../../build/my_sim_pkg/my_sim_pkg.egg-info/PKG-INFO
[3.399s] writing dependency_links to ../../build/my_sim_pkg/my_sim_pkg.egg-info/dependency_links.txt
[3.400s] writing entry points to ../../build/my_sim_pkg/my_sim_pkg.egg-info/entry_points.txt
[3.400s] writing requirements to ../../build/my_sim_pkg/my_sim_pkg.egg-info/requires.txt
[3.400s] writing top-level names to ../../build/my_sim_pkg/my_sim_pkg.egg-info/top_level.txt
[3.404s] reading manifest file '../../build/my_sim_pkg/my_sim_pkg.egg-info/SOURCES.txt'
[3.404s] adding license file 'LICENSE'
[3.406s] writing manifest file '../../build/my_sim_pkg/my_sim_pkg.egg-info/SOURCES.txt'
[3.409s] running build
[3.410s] running build_py
[3.411s] running install
[3.415s] running install_lib
[3.424s] running install_data
[3.426s] running install_egg_info
[3.431s] removing '/home/miguel/ros2_practica_ws/install/my_sim_pkg/lib/python3.10/site-packages/my_sim_pkg-0.0.0-py3.10.egg-info' (and everything under it)
[3.442s] Copying ../../build/my_sim_pkg/my_sim_pkg.egg-info to /home/miguel/ros2_practica_ws/install/my_sim_pkg/lib/python3.10/site-packages/my_sim_pkg-0.0.0-py3.10.egg-info
[3.445s] running install_scripts
[3.506s] Installing simulator script to /home/miguel/ros2_practica_ws/install/my_sim_pkg/lib/my_sim_pkg
[3.515s] writing list of installed files to '/home/miguel/ros2_practica_ws/build/my_sim_pkg/install.log'
[3.627s] Invoked command in '/home/miguel/ros2_practica_ws/src/my_sim_pkg' returned '0': PYTHONPATH=/home/miguel/ros2_practica_ws/build/my_sim_pkg/prefix_override:/home/miguel/ros2_practica_ws/install/my_sim_pkg/lib/python3.10/site-packages:${PYTHONPATH} WSLENV=ELECTRON_RUN_AS_NODE/w:WT_SESSION:WT_PROFILE_ID: /usr/bin/python3 -W ignore:setup.py install is deprecated setup.py egg_info --egg-base ../../build/my_sim_pkg build --build-base /home/miguel/ros2_practica_ws/build/my_sim_pkg/build install --record /home/miguel/ros2_practica_ws/build/my_sim_pkg/install.log --single-version-externally-managed install_data
