running egg_info
writing ../../build/sim_pkg/sim_pkg.egg-info/PKG-INFO
writing dependency_links to ../../build/sim_pkg/sim_pkg.egg-info/dependency_links.txt
writing entry points to ../../build/sim_pkg/sim_pkg.egg-info/entry_points.txt
writing requirements to ../../build/sim_pkg/sim_pkg.egg-info/requires.txt
writing top-level names to ../../build/sim_pkg/sim_pkg.egg-info/top_level.txt
reading manifest file '../../build/sim_pkg/sim_pkg.egg-info/SOURCES.txt'
writing manifest file '../../build/sim_pkg/sim_pkg.egg-info/SOURCES.txt'
running build
running build_py
copying sim_pkg/utils/Controller.py -> /home/miguel/ros2_practica_ws/build/sim_pkg/build/lib/sim_pkg/utils
running install
running install_lib
copying /home/miguel/ros2_practica_ws/build/sim_pkg/build/lib/sim_pkg/utils/Controller.py -> /home/miguel/ros2_practica_ws/install/sim_pkg/lib/python3.10/site-packages/sim_pkg/utils
byte-compiling /home/miguel/ros2_practica_ws/install/sim_pkg/lib/python3.10/site-packages/sim_pkg/utils/Controller.py to Controller.cpython-310.pyc
running install_data
running install_egg_info
removing '/home/miguel/ros2_practica_ws/install/sim_pkg/lib/python3.10/site-packages/sim_pkg-0.0.0-py3.10.egg-info' (and everything under it)
Copying ../../build/sim_pkg/sim_pkg.egg-info to /home/miguel/ros2_practica_ws/install/sim_pkg/lib/python3.10/site-packages/sim_pkg-0.0.0-py3.10.egg-info
running install_scripts
Installing simulator script to /home/miguel/ros2_practica_ws/install/sim_pkg/lib/sim_pkg
writing list of installed files to '/home/miguel/ros2_practica_ws/build/sim_pkg/install.log'
