[1.595s] Invoking command in '/home/miguel/ros2_practica_ws/src/sim_pkg': PYTHONPATH=/home/miguel/ros2_practica_ws/build/sim_pkg/prefix_override:/home/miguel/ros2_practica_ws/install/sim_pkg/lib/python3.10/site-packages:${PYTHONPATH} WSLENV=ELECTRON_RUN_AS_NODE/w:WT_SESSION:WT_PROFILE_ID: /usr/bin/python3 -W ignore:setup.py install is deprecated setup.py egg_info --egg-base ../../build/sim_pkg build --build-base /home/miguel/ros2_practica_ws/build/sim_pkg/build install --record /home/miguel/ros2_practica_ws/build/sim_pkg/install.log --single-version-externally-managed install_data
[2.262s] running egg_info
[2.263s] writing ../../build/sim_pkg/sim_pkg.egg-info/PKG-INFO
[2.263s] writing dependency_links to ../../build/sim_pkg/sim_pkg.egg-info/dependency_links.txt
[2.264s] writing entry points to ../../build/sim_pkg/sim_pkg.egg-info/entry_points.txt
[2.264s] writing requirements to ../../build/sim_pkg/sim_pkg.egg-info/requires.txt
[2.264s] writing top-level names to ../../build/sim_pkg/sim_pkg.egg-info/top_level.txt
[2.268s] reading manifest file '../../build/sim_pkg/sim_pkg.egg-info/SOURCES.txt'
[2.270s] writing manifest file '../../build/sim_pkg/sim_pkg.egg-info/SOURCES.txt'
[2.271s] running build
[2.271s] running build_py
[2.271s] copying sim_pkg/sim_node.py -> /home/miguel/ros2_practica_ws/build/sim_pkg/build/lib/sim_pkg
[2.272s] copying sim_pkg/utils/Controller.py -> /home/miguel/ros2_practica_ws/build/sim_pkg/build/lib/sim_pkg/utils
[2.272s] copying sim_pkg/utils/Performance.py -> /home/miguel/ros2_practica_ws/build/sim_pkg/build/lib/sim_pkg/utils
[2.272s] running install
[2.273s] running install_lib
[2.274s] copying /home/miguel/ros2_practica_ws/build/sim_pkg/build/lib/sim_pkg/utils/Controller.py -> /home/miguel/ros2_practica_ws/install/sim_pkg/lib/python3.10/site-packages/sim_pkg/utils
[2.275s] copying /home/miguel/ros2_practica_ws/build/sim_pkg/build/lib/sim_pkg/utils/Performance.py -> /home/miguel/ros2_practica_ws/install/sim_pkg/lib/python3.10/site-packages/sim_pkg/utils
[2.276s] copying /home/miguel/ros2_practica_ws/build/sim_pkg/build/lib/sim_pkg/sim_node.py -> /home/miguel/ros2_practica_ws/install/sim_pkg/lib/python3.10/site-packages/sim_pkg
[2.277s] byte-compiling /home/miguel/ros2_practica_ws/install/sim_pkg/lib/python3.10/site-packages/sim_pkg/utils/Controller.py to Controller.cpython-310.pyc
[2.279s] byte-compiling /home/miguel/ros2_practica_ws/install/sim_pkg/lib/python3.10/site-packages/sim_pkg/utils/Performance.py to Performance.cpython-310.pyc
[2.280s] byte-compiling /home/miguel/ros2_practica_ws/install/sim_pkg/lib/python3.10/site-packages/sim_pkg/sim_node.py to sim_node.cpython-310.pyc
[2.282s] running install_data
[2.282s] running install_egg_info
[2.285s] removing '/home/miguel/ros2_practica_ws/install/sim_pkg/lib/python3.10/site-packages/sim_pkg-0.0.0-py3.10.egg-info' (and everything under it)
[2.286s] Copying ../../build/sim_pkg/sim_pkg.egg-info to /home/miguel/ros2_practica_ws/install/sim_pkg/lib/python3.10/site-packages/sim_pkg-0.0.0-py3.10.egg-info
[2.289s] running install_scripts
[2.317s] Installing simulator script to /home/miguel/ros2_practica_ws/install/sim_pkg/lib/sim_pkg
[2.319s] writing list of installed files to '/home/miguel/ros2_practica_ws/build/sim_pkg/install.log'
[2.374s] Invoked command in '/home/miguel/ros2_practica_ws/src/sim_pkg' returned '0': PYTHONPATH=/home/miguel/ros2_practica_ws/build/sim_pkg/prefix_override:/home/miguel/ros2_practica_ws/install/sim_pkg/lib/python3.10/site-packages:${PYTHONPATH} WSLENV=ELECTRON_RUN_AS_NODE/w:WT_SESSION:WT_PROFILE_ID: /usr/bin/python3 -W ignore:setup.py install is deprecated setup.py egg_info --egg-base ../../build/sim_pkg build --build-base /home/miguel/ros2_practica_ws/build/sim_pkg/build install --record /home/miguel/ros2_practica_ws/build/sim_pkg/install.log --single-version-externally-managed install_data
